{"meta": {"format": 3, "version": "7.12.0", "timestamp": "2025-12-06T18:01:16.165265", "branch_coverage": false, "show_contexts": false}, "files": {"wapi/__init__.py": {"executed_lines": [1, 7, 8, 9, 12, 13, 14, 25], "summary": {"covered_lines": 7, "num_statements": 7, "percent_covered": 100.0, "percent_covered_display": "100", "missing_lines": 0, "excluded_lines": 0, "percent_statements_covered": 100.0, "percent_statements_covered_display": "100"}, "missing_lines": [], "excluded_lines": [], "functions": {"": {"executed_lines": [1, 7, 8, 9, 12, 13, 14, 25], "summary": {"covered_lines": 7, "num_statements": 7, "percent_covered": 100.0, "percent_covered_display": "100", "missing_lines": 0, "excluded_lines": 0, "percent_statements_covered": 100.0, "percent_statements_covered_display": "100"}, "missing_lines": [], "excluded_lines": []}}, "classes": {"": {"executed_lines": [1, 7, 8, 9, 12, 13, 14, 25], "summary": {"covered_lines": 7, "num_statements": 7, "percent_covered": 100.0, "percent_covered_display": "100", "missing_lines": 0, "excluded_lines": 0, "percent_statements_covered": 100.0, "percent_statements_covered_display": "100"}, "missing_lines": [], "excluded_lines": []}}}, "wapi/__main__.py": {"executed_lines": [1, 5, 7], "summary": {"covered_lines": 1, "num_statements": 1, "percent_covered": 100.0, "percent_covered_display": "100", "missing_lines": 0, "excluded_lines": 2, "percent_statements_covered": 100.0, "percent_statements_covered_display": "100"}, "missing_lines": [], "excluded_lines": [7, 8], "functions": {"": {"executed_lines": [1, 5, 7], "summary": {"covered_lines": 1, "num_statements": 1, "percent_covered": 100.0, "percent_covered_display": "100", "missing_lines": 0, "excluded_lines": 2, "percent_statements_covered": 100.0, "percent_statements_covered_display": "100"}, "missing_lines": [], "excluded_lines": [7, 8]}}, "classes": {"": {"executed_lines": [1, 5, 7], "summary": {"covered_lines": 1, "num_statements": 1, "percent_covered": 100.0, "percent_covered_display": "100", "missing_lines": 0, "excluded_lines": 2, "percent_statements_covered": 100.0, "percent_statements_covered_display": "100"}, "missing_lines": [], "excluded_lines": [7, 8]}}}, "wapi/api/__init__.py": {"executed_lines": [1, 7, 8, 10], "summary": {"covered_lines": 3, "num_statements": 3, "percent_covered": 100.0, "percent_covered_display": "100", "missing_lines": 0, "excluded_lines": 0, "percent_statements_covered": 100.0, "percent_statements_covered_display": "100"}, "missing_lines": [], "excluded_lines": [], "functions": {"": {"executed_lines": [1, 7, 8, 10], "summary": {"covered_lines": 3, "num_statements": 3, "percent_covered": 100.0, "percent_covered_display": "100", "missing_lines": 0, "excluded_lines": 0, "percent_statements_covered": 100.0, "percent_statements_covered_display": "100"}, "missing_lines": [], "excluded_lines": []}}, "classes": {"": {"executed_lines": [1, 7, 8, 10], "summary": {"covered_lines": 3, "num_statements": 3, "percent_covered": 100.0, "percent_covered_display": "100", "missing_lines": 0, "excluded_lines": 0, "percent_statements_covered": 100.0, "percent_statements_covered_display": "100"}, "missing_lines": [], "excluded_lines": []}}}, "wapi/api/auth.py": {"executed_lines": [1, 7, 8, 9, 11, 12, 13, 15, 17, 20, 32, 33, 34, 38, 40, 41, 42, 45, 46, 47, 48, 67, 70, 73, 74, 76, 79, 90, 91, 93, 94, 96, 97, 99, 100, 102], "summary": {"covered_lines": 35, "num_statements": 35, "percent_covered": 100.0, "percent_covered_display": "100", "missing_lines": 0, "excluded_lines": 0, "percent_statements_covered": 100.0, "percent_statements_covered_display": "100"}, "missing_lines": [], "excluded_lines": [], "functions": {"get_prague_hour": {"executed_lines": [32, 33, 34, 38, 40, 41, 42], "summary": {"covered_lines": 7, "num_statements": 7, "percent_covered": 100.0, "percent_covered_display": "100", "missing_lines": 0, "excluded_lines": 0, "percent_statements_covered": 100.0, "percent_statements_covered_display": "100"}, "missing_lines": [], "excluded_lines": []}, "calculate_auth": {"executed_lines": [46, 47, 48, 67, 70, 73, 74, 76], "summary": {"covered_lines": 8, "num_statements": 8, "percent_covered": 100.0, "percent_covered_display": "100", "missing_lines": 0, "excluded_lines": 0, "percent_statements_covered": 100.0, "percent_statements_covered_display": "100"}, "missing_lines": [], "excluded_lines": []}, "validate_credentials": {"executed_lines": [90, 91, 93, 94, 96, 97, 99, 100, 102], "summary": {"covered_lines": 9, "num_statements": 9, "percent_covered": 100.0, "percent_covered_display": "100", "missing_lines": 0, "excluded_lines": 0, "percent_statements_covered": 100.0, "percent_statements_covered_display": "100"}, "missing_lines": [], "excluded_lines": []}, "": {"executed_lines": [1, 7, 8, 9, 11, 12, 13, 15, 17, 20, 45, 79], "summary": {"covered_lines": 11, "num_statements": 11, "percent_covered": 100.0, "percent_covered_display": "100", "missing_lines": 0, "excluded_lines": 0, "percent_statements_covered": 100.0, "percent_statements_covered_display": "100"}, "missing_lines": [], "excluded_lines": []}}, "classes": {"": {"executed_lines": [1, 7, 8, 9, 11, 12, 13, 15, 17, 20, 32, 33, 34, 38, 40, 41, 42, 45, 46, 47, 48, 67, 70, 73, 74, 76, 79, 90, 91, 93, 94, 96, 97, 99, 100, 102], "summary": {"covered_lines": 35, "num_statements": 35, "percent_covered": 100.0, "percent_covered_display": "100", "missing_lines": 0, "excluded_lines": 0, "percent_statements_covered": 100.0, "percent_statements_covered_display": "100"}, "missing_lines": [], "excluded_lines": []}}}, "wapi/api/client.py": {"executed_lines": [1, 8, 9, 10, 11, 12, 13, 15, 17, 18, 19, 24, 27, 28, 30, 40, 41, 42, 43, 44, 46, 48, 50, 52, 54, 55, 57, 58, 59, 60, 61, 63, 64, 65, 67, 69, 71, 72, 73, 74, 75, 76, 77, 78, 79, 81, 83, 85, 87, 88, 90, 97, 98, 100, 102, 104, 105, 106, 109, 110, 113, 114, 115, 118, 120, 121, 122, 123, 124, 126, 128, 130, 132, 133, 134, 137, 138, 139, 141, 143, 144, 145, 147, 149, 151, 162, 164, 166, 167, 168, 169, 170, 176, 177, 178, 179, 180, 181, 182, 183, 184, 185, 186, 187, 190, 191, 192, 194, 196, 197, 198, 199, 205, 206, 207, 208, 209, 210, 211, 212, 213, 214, 215, 216, 219, 220, 221, 223, 225, 235, 237, 247, 249, 262, 264, 268, 269, 271, 272, 275, 276, 277, 278, 279, 282, 289, 290, 292, 294, 295, 298, 301, 305, 307, 314, 333, 337, 338, 339, 340, 341, 342, 343, 344, 345, 346, 348, 350, 363, 368, 370, 381, 385, 387, 399, 402, 403, 405, 407, 429, 432, 433, 434, 435, 436, 437, 438, 439, 440, 441, 442, 443, 445, 447, 454, 456, 481, 483, 484, 486, 487, 489, 490, 491, 494, 495, 496, 497, 498, 499, 502, 503, 504, 505, 506, 509, 511, 512, 513, 514, 515, 517, 518, 521, 522, 523, 526, 527, 528], "summary": {"covered_lines": 227, "num_statements": 227, "percent_covered": 100.0, "percent_covered_display": "100", "missing_lines": 0, "excluded_lines": 0, "percent_statements_covered": 100.0, "percent_statements_covered_display": "100"}, "missing_lines": [], "excluded_lines": [], "functions": {"WedosAPIClient.__init__": {"executed_lines": [40, 41, 42, 43, 44, 46], "summary": {"covered_lines": 6, "num_statements": 6, "percent_covered": 100.0, "percent_covered_display": "100", "missing_lines": 0, "excluded_lines": 0, "percent_statements_covered": 100.0, "percent_statements_covered_display": "100"}, "missing_lines": [], "excluded_lines": []}, "WedosAPIClient._calculate_auth": {"executed_lines": [50], "summary": {"covered_lines": 1, "num_statements": 1, "percent_covered": 100.0, "percent_covered_display": "100", "missing_lines": 0, "excluded_lines": 0, "percent_statements_covered": 100.0, "percent_statements_covered_display": "100"}, "missing_lines": [], "excluded_lines": []}, "WedosAPIClient._build_xml_request": {"executed_lines": [54, 55, 57, 58, 59, 60, 61, 63, 64, 65, 67], "summary": {"covered_lines": 11, "num_statements": 11, "percent_covered": 100.0, "percent_covered_display": "100", "missing_lines": 0, "excluded_lines": 0, "percent_statements_covered": 100.0, "percent_statements_covered_display": "100"}, "missing_lines": [], "excluded_lines": []}, "WedosAPIClient._build_xml_data": {"executed_lines": [71, 72, 73, 74, 75, 76, 77, 78, 79, 81, 83], "summary": {"covered_lines": 11, "num_statements": 11, "percent_covered": 100.0, "percent_covered_display": "100", "missing_lines": 0, "excluded_lines": 0, "percent_statements_covered": 100.0, "percent_statements_covered_display": "100"}, "missing_lines": [], "excluded_lines": []}, "WedosAPIClient._build_json_request": {"executed_lines": [87, 88, 90, 97, 98, 100], "summary": {"covered_lines": 6, "num_statements": 6, "percent_covered": 100.0, "percent_covered_display": "100", "missing_lines": 0, "excluded_lines": 0, "percent_statements_covered": 100.0, "percent_statements_covered_display": "100"}, "missing_lines": [], "excluded_lines": []}, "WedosAPIClient._parse_xml_response": {"executed_lines": [104, 105, 106, 109, 110, 113, 114, 115, 118, 120, 121, 122, 123, 124], "summary": {"covered_lines": 14, "num_statements": 14, "percent_covered": 100.0, "percent_covered_display": "100", "missing_lines": 0, "excluded_lines": 0, "percent_statements_covered": 100.0, "percent_statements_covered_display": "100"}, "missing_lines": [], "excluded_lines": []}, "WedosAPIClient._parse_xml_element": {"executed_lines": [128, 130, 132, 133, 134, 137, 138, 139, 141, 143, 144, 145, 147, 149], "summary": {"covered_lines": 14, "num_statements": 14, "percent_covered": 100.0, "percent_covered_display": "100", "missing_lines": 0, "excluded_lines": 0, "percent_statements_covered": 100.0, "percent_statements_covered_display": "100"}, "missing_lines": [], "excluded_lines": []}, "WedosAPIClient.call": {"executed_lines": [162, 164, 166, 167, 168, 169, 170, 176, 177, 178, 179, 180, 181, 182, 183, 184, 185, 186, 187, 190, 191, 192, 194, 196, 197, 198, 199, 205, 206, 207, 208, 209, 210, 211, 212, 213, 214, 215, 216, 219, 220, 221, 223], "summary": {"covered_lines": 43, "num_statements": 43, "percent_covered": 100.0, "percent_covered_display": "100", "missing_lines": 0, "excluded_lines": 0, "percent_statements_covered": 100.0, "percent_statements_covered_display": "100"}, "missing_lines": [], "excluded_lines": []}, "WedosAPIClient.domain_info": {"executed_lines": [235], "summary": {"covered_lines": 1, "num_statements": 1, "percent_covered": 100.0, "percent_covered_display": "100", "missing_lines": 0, "excluded_lines": 0, "percent_statements_covered": 100.0, "percent_statements_covered_display": "100"}, "missing_lines": [], "excluded_lines": []}, "WedosAPIClient.domain_availability": {"executed_lines": [247], "summary": {"covered_lines": 1, "num_statements": 1, "percent_covered": 100.0, "percent_covered_display": "100", "missing_lines": 0, "excluded_lines": 0, "percent_statements_covered": 100.0, "percent_statements_covered_display": "100"}, "missing_lines": [], "excluded_lines": []}, "WedosAPIClient.domain_update_ns": {"executed_lines": [262, 264, 268, 269, 271, 272, 275, 276, 277, 278, 279, 282, 289, 290, 292, 294, 295, 298, 301, 305, 307], "summary": {"covered_lines": 21, "num_statements": 21, "percent_covered": 100.0, "percent_covered_display": "100", "missing_lines": 0, "excluded_lines": 0, "percent_statements_covered": 100.0, "percent_statements_covered_display": "100"}, "missing_lines": [], "excluded_lines": []}, "WedosAPIClient.domain_create": {"executed_lines": [333, 337, 338, 339, 340, 341, 342, 343, 344, 345, 346, 348], "summary": {"covered_lines": 12, "num_statements": 12, "percent_covered": 100.0, "percent_covered_display": "100", "missing_lines": 0, "excluded_lines": 0, "percent_statements_covered": 100.0, "percent_statements_covered_display": "100"}, "missing_lines": [], "excluded_lines": []}, "WedosAPIClient.domain_transfer": {"executed_lines": [363, 368], "summary": {"covered_lines": 2, "num_statements": 2, "percent_covered": 100.0, "percent_covered_display": "100", "missing_lines": 0, "excluded_lines": 0, "percent_statements_covered": 100.0, "percent_statements_covered_display": "100"}, "missing_lines": [], "excluded_lines": []}, "WedosAPIClient.domain_renew": {"executed_lines": [381, 385], "summary": {"covered_lines": 2, "num_statements": 2, "percent_covered": 100.0, "percent_covered_display": "100", "missing_lines": 0, "excluded_lines": 0, "percent_statements_covered": 100.0, "percent_statements_covered_display": "100"}, "missing_lines": [], "excluded_lines": []}, "WedosAPIClient.domain_delete": {"executed_lines": [399, 402, 403, 405], "summary": {"covered_lines": 4, "num_statements": 4, "percent_covered": 100.0, "percent_covered_display": "100", "missing_lines": 0, "excluded_lines": 0, "percent_statements_covered": 100.0, "percent_statements_covered_display": "100"}, "missing_lines": [], "excluded_lines": []}, "WedosAPIClient.domain_update": {"executed_lines": [429, 432, 433, 434, 435, 436, 437, 438, 439, 440, 441, 442, 443, 445], "summary": {"covered_lines": 14, "num_statements": 14, "percent_covered": 100.0, "percent_covered_display": "100", "missing_lines": 0, "excluded_lines": 0, "percent_statements_covered": 100.0, "percent_statements_covered_display": "100"}, "missing_lines": [], "excluded_lines": []}, "WedosAPIClient.ping": {"executed_lines": [454], "summary": {"covered_lines": 1, "num_statements": 1, "percent_covered": 100.0, "percent_covered_display": "100", "missing_lines": 0, "excluded_lines": 0, "percent_statements_covered": 100.0, "percent_statements_covered_display": "100"}, "missing_lines": [], "excluded_lines": []}, "WedosAPIClient.poll_until_complete": {"executed_lines": [481, 483, 484, 486, 487, 489, 490, 491, 494, 495, 496, 497, 498, 499, 502, 503, 504, 505, 506, 509, 511, 512, 513, 514, 515, 517, 518, 521, 522, 523, 526, 527, 528], "summary": {"covered_lines": 33, "num_statements": 33, "percent_covered": 100.0, "percent_covered_display": "100", "missing_lines": 0, "excluded_lines": 0, "percent_statements_covered": 100.0, "percent_statements_covered_display": "100"}, "missing_lines": [], "excluded_lines": []}, "": {"executed_lines": [1, 8, 9, 10, 11, 12, 13, 15, 17, 18, 19, 24, 27, 28, 30, 48, 52, 69, 85, 102, 126, 151, 225, 237, 249, 314, 350, 370, 387, 407, 447, 456], "summary": {"covered_lines": 30, "num_statements": 30, "percent_covered": 100.0, "percent_covered_display": "100", "missing_lines": 0, "excluded_lines": 0, "percent_statements_covered": 100.0, "percent_statements_covered_display": "100"}, "missing_lines": [], "excluded_lines": []}}, "classes": {"WedosAPIClient": {"executed_lines": [40, 41, 42, 43, 44, 46, 50, 54, 55, 57, 58, 59, 60, 61, 63, 64, 65, 67, 71, 72, 73, 74, 75, 76, 77, 78, 79, 81, 83, 87, 88, 90, 97, 98, 100, 104, 105, 106, 109, 110, 113, 114, 115, 118, 120, 121, 122, 123, 124, 128, 130, 132, 133, 134, 137, 138, 139, 141, 143, 144, 145, 147, 149, 162, 164, 166, 167, 168, 169, 170, 176, 177, 178, 179, 180, 181, 182, 183, 184, 185, 186, 187, 190, 191, 192, 194, 196, 197, 198, 199, 205, 206, 207, 208, 209, 210, 211, 212, 213, 214, 215, 216, 219, 220, 221, 223, 235, 247, 262, 264, 268, 269, 271, 272, 275, 276, 277, 278, 279, 282, 289, 290, 292, 294, 295, 298, 301, 305, 307, 333, 337, 338, 339, 340, 341, 342, 343, 344, 345, 346, 348, 363, 368, 381, 385, 399, 402, 403, 405, 429, 432, 433, 434, 435, 436, 437, 438, 439, 440, 441, 442, 443, 445, 454, 481, 483, 484, 486, 487, 489, 490, 491, 494, 495, 496, 497, 498, 499, 502, 503, 504, 505, 506, 509, 511, 512, 513, 514, 515, 517, 518, 521, 522, 523, 526, 527, 528], "summary": {"covered_lines": 197, "num_statements": 197, "percent_covered": 100.0, "percent_covered_display": "100", "missing_lines": 0, "excluded_lines": 0, "percent_statements_covered": 100.0, "percent_statements_covered_display": "100"}, "missing_lines": [], "excluded_lines": []}, "": {"executed_lines": [1, 8, 9, 10, 11, 12, 13, 15, 17, 18, 19, 24, 27, 28, 30, 48, 52, 69, 85, 102, 126, 151, 225, 237, 249, 314, 350, 370, 387, 407, 447, 456], "summary": {"covered_lines": 30, "num_statements": 30, "percent_covered": 100.0, "percent_covered_display": "100", "missing_lines": 0, "excluded_lines": 0, "percent_statements_covered": 100.0, "percent_statements_covered_display": "100"}, "missing_lines": [], "excluded_lines": []}}}, "wapi/cli.py": {"executed_lines": [1, 7, 8, 9, 11, 12, 13, 21, 29, 30, 31, 32, 33, 34, 37, 47, 49, 50, 51, 52, 53, 54, 55, 56, 57, 58, 60, 61, 63, 64, 65, 66, 68, 69, 72, 74, 75, 77, 78, 79, 81, 82, 83, 88, 89, 91, 92, 93, 94, 98, 102, 107, 108, 111, 113, 120, 121, 123, 124, 125, 126, 128, 130, 132, 134, 136, 137, 141, 144, 145, 147, 148, 150, 151, 152, 153, 155, 156, 158, 159, 162, 163, 165, 166, 167, 169, 170, 171, 172, 174, 175, 176, 177, 178, 179, 180, 182, 184, 185, 186, 187, 188, 189, 190, 191, 192, 193, 195, 196, 197, 199, 200, 202, 203, 204, 205, 206, 208, 209, 210, 212, 214, 216, 217, 218, 219, 220, 221, 222, 223, 224, 225, 228, 229, 230, 231, 232, 235, 237, 238, 240, 241, 242, 244, 245, 246, 247, 249, 251, 252, 253, 254, 255, 257, 258, 261, 263, 264, 266, 267, 268, 269, 271, 272, 275, 277, 278, 280, 281, 283, 284, 286, 287, 288, 289, 292, 294, 295, 297, 298, 299, 301, 302, 303, 305, 306, 307, 309, 310, 311, 312, 313, 314, 315, 316, 318, 319, 320, 321, 322, 323, 324, 325, 326, 328, 329, 330, 331, 332, 335, 338, 345, 346, 349, 350, 351, 354, 355, 356, 357, 358, 359, 360, 361, 362, 365, 366, 367, 370, 371, 372, 373, 374, 375, 376, 377, 378, 379, 382, 383, 384, 387, 388, 391, 393, 394, 397, 398, 399, 400, 401, 402, 403, 404, 406, 407, 408, 409, 410, 411, 412, 413, 414, 415, 416, 417, 418, 419, 420, 421, 422, 423, 424, 425, 426, 427, 428, 429, 430, 431, 432, 433, 434, 435, 436, 437, 438, 439, 441, 442, 445], "summary": {"covered_lines": 289, "num_statements": 289, "percent_covered": 100.0, "percent_covered_display": "100", "missing_lines": 0, "excluded_lines": 2, "percent_statements_covered": 100.0, "percent_statements_covered_display": "100"}, "missing_lines": [], "excluded_lines": [445, 446], "functions": {"get_client": {"executed_lines": [47, 49, 50, 51, 52, 53, 54, 55, 56, 57, 58, 60, 61, 63, 64, 65, 66, 68, 69], "summary": {"covered_lines": 19, "num_statements": 19, "percent_covered": 100.0, "percent_covered_display": "100", "missing_lines": 0, "excluded_lines": 0, "percent_statements_covered": 100.0, "percent_statements_covered_display": "100"}, "missing_lines": [], "excluded_lines": []}, "cmd_ping": {"executed_lines": [74, 75, 77, 78, 79, 81, 82, 83, 88, 89, 91, 92, 93, 94], "summary": {"covered_lines": 14, "num_statements": 14, "percent_covered": 100.0, "percent_covered_display": "100", "missing_lines": 0, "excluded_lines": 0, "percent_statements_covered": 100.0, "percent_statements_covered_display": "100"}, "missing_lines": [], "excluded_lines": []}, "main": {"executed_lines": [113, 120, 121, 123, 124, 125, 126, 128, 130, 132, 134, 136, 137, 141, 144, 145, 147, 148, 150, 151, 152, 153, 155, 156, 158, 159, 162, 163, 165, 166, 167, 169, 170, 171, 172, 174, 175, 176, 177, 178, 179, 180, 182, 184, 185, 186, 187, 188, 189, 190, 191, 192, 193, 195, 196, 197, 199, 200, 202, 203, 204, 205, 206, 208, 209, 210, 212, 214, 216, 217, 218, 219, 220, 221, 222, 223, 224, 225, 228, 229, 230, 231, 232, 235, 237, 238, 240, 241, 242, 244, 245, 246, 247, 249, 251, 252, 253, 254, 255, 257, 258, 261, 263, 264, 266, 267, 268, 269, 271, 272, 275, 277, 278, 280, 281, 283, 284, 286, 287, 288, 289, 292, 294, 295, 297, 298, 299, 301, 302, 303, 305, 306, 307, 309, 310, 311, 312, 313, 314, 315, 316, 318, 319, 320, 321, 322, 323, 324, 325, 326, 328, 329, 330, 331, 332, 335, 338, 345, 346, 349, 350, 351, 354, 355, 356, 357, 358, 359, 360, 361, 362, 365, 366, 367, 370, 371, 372, 373, 374, 375, 376, 377, 378, 379, 382, 383, 384, 387, 388, 391, 393, 394, 397, 398, 399, 400, 401, 402, 403, 404, 406, 407, 408, 409, 410, 411, 412, 413, 414, 415, 416, 417, 418, 419, 420, 421, 422, 423, 424, 425, 426, 427, 428, 429, 430, 431, 432, 433, 434, 435, 436, 437, 438, 439, 441, 442], "summary": {"covered_lines": 236, "num_statements": 236, "percent_covered": 100.0, "percent_covered_display": "100", "missing_lines": 0, "excluded_lines": 0, "percent_statements_covered": 100.0, "percent_statements_covered_display": "100"}, "missing_lines": [], "excluded_lines": []}, "": {"executed_lines": [1, 7, 8, 9, 11, 12, 13, 21, 29, 30, 31, 32, 33, 34, 37, 72, 98, 102, 107, 108, 111, 445], "summary": {"covered_lines": 20, "num_statements": 20, "percent_covered": 100.0, "percent_covered_display": "100", "missing_lines": 0, "excluded_lines": 2, "percent_statements_covered": 100.0, "percent_statements_covered_display": "100"}, "missing_lines": [], "excluded_lines": [445, 446]}}, "classes": {"": {"executed_lines": [1, 7, 8, 9, 11, 12, 13, 21, 29, 30, 31, 32, 33, 34, 37, 47, 49, 50, 51, 52, 53, 54, 55, 56, 57, 58, 60, 61, 63, 64, 65, 66, 68, 69, 72, 74, 75, 77, 78, 79, 81, 82, 83, 88, 89, 91, 92, 93, 94, 98, 102, 107, 108, 111, 113, 120, 121, 123, 124, 125, 126, 128, 130, 132, 134, 136, 137, 141, 144, 145, 147, 148, 150, 151, 152, 153, 155, 156, 158, 159, 162, 163, 165, 166, 167, 169, 170, 171, 172, 174, 175, 176, 177, 178, 179, 180, 182, 184, 185, 186, 187, 188, 189, 190, 191, 192, 193, 195, 196, 197, 199, 200, 202, 203, 204, 205, 206, 208, 209, 210, 212, 214, 216, 217, 218, 219, 220, 221, 222, 223, 224, 225, 228, 229, 230, 231, 232, 235, 237, 238, 240, 241, 242, 244, 245, 246, 247, 249, 251, 252, 253, 254, 255, 257, 258, 261, 263, 264, 266, 267, 268, 269, 271, 272, 275, 277, 278, 280, 281, 283, 284, 286, 287, 288, 289, 292, 294, 295, 297, 298, 299, 301, 302, 303, 305, 306, 307, 309, 310, 311, 312, 313, 314, 315, 316, 318, 319, 320, 321, 322, 323, 324, 325, 326, 328, 329, 330, 331, 332, 335, 338, 345, 346, 349, 350, 351, 354, 355, 356, 357, 358, 359, 360, 361, 362, 365, 366, 367, 370, 371, 372, 373, 374, 375, 376, 377, 378, 379, 382, 383, 384, 387, 388, 391, 393, 394, 397, 398, 399, 400, 401, 402, 403, 404, 406, 407, 408, 409, 410, 411, 412, 413, 414, 415, 416, 417, 418, 419, 420, 421, 422, 423, 424, 425, 426, 427, 428, 429, 430, 431, 432, 433, 434, 435, 436, 437, 438, 439, 441, 442, 445], "summary": {"covered_lines": 289, "num_statements": 289, "percent_covered": 100.0, "percent_covered_display": "100", "missing_lines": 0, "excluded_lines": 2, "percent_statements_covered": 100.0, "percent_statements_covered_display": "100"}, "missing_lines": [], "excluded_lines": [445, 446]}}}, "wapi/commands/__init__.py": {"executed_lines": [1, 10], "summary": {"covered_lines": 1, "num_statements": 1, "percent_covered": 100.0, "percent_covered_display": "100", "missing_lines": 0, "excluded_lines": 0, "percent_statements_covered": 100.0, "percent_statements_covered_display": "100"}, "missing_lines": [], "excluded_lines": [], "functions": {"": {"executed_lines": [1, 10], "summary": {"covered_lines": 1, "num_statements": 1, "percent_covered": 100.0, "percent_covered_display": "100", "missing_lines": 0, "excluded_lines": 0, "percent_statements_covered": 100.0, "percent_statements_covered_display": "100"}, "missing_lines": [], "excluded_lines": []}}, "classes": {"": {"executed_lines": [1, 10], "summary": {"covered_lines": 1, "num_statements": 1, "percent_covered": 100.0, "percent_covered_display": "100", "missing_lines": 0, "excluded_lines": 0, "percent_statements_covered": 100.0, "percent_statements_covered_display": "100"}, "missing_lines": [], "excluded_lines": []}}}, "wapi/commands/auth.py": {"executed_lines": [1, 7, 8, 9, 10, 11, 12, 13, 14, 15, 16, 23, 24, 27, 29, 30, 32, 35, 36, 37, 40, 41, 42, 43, 44, 45, 46, 49, 50, 51, 54, 55, 56, 57, 58, 61, 62, 63, 64, 65, 66, 69, 70, 72, 73, 74, 75, 76, 78, 79, 80, 81, 82, 84, 85, 86, 87, 88, 89, 90, 91, 92, 93, 96, 99, 100, 101, 102, 103, 104, 105, 106, 107, 108, 109, 110, 111, 112, 115, 116, 119, 121, 123, 124, 125, 126, 128, 129, 130, 132, 135, 137, 138, 139, 140, 142, 143, 144, 145, 146, 147, 148, 149, 150, 153, 155, 156, 158, 160, 161, 162, 163, 166, 167, 168, 169, 170, 171, 172, 173, 174, 177, 179, 180, 183, 184, 185, 186, 188, 195, 196, 198, 199, 200, 201, 202, 203, 204, 205, 206, 207, 208, 211, 212, 213, 214, 215, 216, 218, 219, 220, 221, 222, 224, 225, 226, 227, 228, 229, 230, 231, 232, 233, 234, 235, 237, 238, 241, 246, 247, 248, 249, 250, 251, 252, 253], "summary": {"covered_lines": 171, "num_statements": 171, "percent_covered": 100.0, "percent_covered_display": "100", "missing_lines": 0, "excluded_lines": 4, "percent_statements_covered": 100.0, "percent_statements_covered_display": "100"}, "missing_lines": [], "excluded_lines": [147, 148, 149, 150], "functions": {"cmd_auth_login": {"executed_lines": [29, 30, 32, 35, 36, 37, 40, 41, 42, 43, 44, 45, 46, 49, 50, 51, 54, 55, 56, 57, 58, 61, 62, 63, 64, 65, 66, 69, 70, 72, 73, 74, 75, 76, 78, 79, 80, 81, 82, 84, 85, 86, 87, 88, 89, 90, 91, 92, 93, 96, 99, 100, 101, 102, 103, 104, 105, 106, 107, 108, 109, 110, 111, 112, 115, 116, 119, 121, 123, 124, 125, 126, 128, 129, 130, 132, 135, 137, 138, 139, 140, 142, 143, 144, 145, 146, 147, 148, 149, 150], "summary": {"covered_lines": 86, "num_statements": 86, "percent_covered": 100.0, "percent_covered_display": "100", "missing_lines": 0, "excluded_lines": 4, "percent_statements_covered": 100.0, "percent_statements_covered_display": "100"}, "missing_lines": [], "excluded_lines": [147, 148, 149, 150]}, "cmd_auth_logout": {"executed_lines": [155, 156, 158, 160, 161, 162, 163, 166, 167, 168, 169, 170, 171, 172, 173, 174], "summary": {"covered_lines": 16, "num_statements": 16, "percent_covered": 100.0, "percent_covered_display": "100", "missing_lines": 0, "excluded_lines": 0, "percent_statements_covered": 100.0, "percent_statements_covered_display": "100"}, "missing_lines": [], "excluded_lines": []}, "cmd_auth_status": {"executed_lines": [179, 180, 183, 184, 185, 186, 188, 195, 196, 198, 199, 200, 201, 202, 203, 204, 205, 206, 207, 208, 211, 212, 213, 214, 215, 216, 218, 219, 220, 221, 222, 224, 225, 226, 227, 228, 229, 230, 231, 232, 233, 234, 235, 237, 238], "summary": {"covered_lines": 45, "num_statements": 45, "percent_covered": 100.0, "percent_covered_display": "100", "missing_lines": 0, "excluded_lines": 0, "percent_statements_covered": 100.0, "percent_statements_covered_display": "100"}, "missing_lines": [], "excluded_lines": []}, "get_client": {"executed_lines": [246, 247, 248, 249, 250, 251, 252, 253], "summary": {"covered_lines": 8, "num_statements": 8, "percent_covered": 100.0, "percent_covered_display": "100", "missing_lines": 0, "excluded_lines": 0, "percent_statements_covered": 100.0, "percent_statements_covered_display": "100"}, "missing_lines": [], "excluded_lines": []}, "": {"executed_lines": [1, 7, 8, 9, 10, 11, 12, 13, 14, 15, 16, 23, 24, 27, 153, 177, 241], "summary": {"covered_lines": 16, "num_statements": 16, "percent_covered": 100.0, "percent_covered_display": "100", "missing_lines": 0, "excluded_lines": 0, "percent_statements_covered": 100.0, "percent_statements_covered_display": "100"}, "missing_lines": [], "excluded_lines": []}}, "classes": {"": {"executed_lines": [1, 7, 8, 9, 10, 11, 12, 13, 14, 15, 16, 23, 24, 27, 29, 30, 32, 35, 36, 37, 40, 41, 42, 43, 44, 45, 46, 49, 50, 51, 54, 55, 56, 57, 58, 61, 62, 63, 64, 65, 66, 69, 70, 72, 73, 74, 75, 76, 78, 79, 80, 81, 82, 84, 85, 86, 87, 88, 89, 90, 91, 92, 93, 96, 99, 100, 101, 102, 103, 104, 105, 106, 107, 108, 109, 110, 111, 112, 115, 116, 119, 121, 123, 124, 125, 126, 128, 129, 130, 132, 135, 137, 138, 139, 140, 142, 143, 144, 145, 146, 147, 148, 149, 150, 153, 155, 156, 158, 160, 161, 162, 163, 166, 167, 168, 169, 170, 171, 172, 173, 174, 177, 179, 180, 183, 184, 185, 186, 188, 195, 196, 198, 199, 200, 201, 202, 203, 204, 205, 206, 207, 208, 211, 212, 213, 214, 215, 216, 218, 219, 220, 221, 222, 224, 225, 226, 227, 228, 229, 230, 231, 232, 233, 234, 235, 237, 238, 241, 246, 247, 248, 249, 250, 251, 252, 253], "summary": {"covered_lines": 171, "num_statements": 171, "percent_covered": 100.0, "percent_covered_display": "100", "missing_lines": 0, "excluded_lines": 4, "percent_statements_covered": 100.0, "percent_statements_covered_display": "100"}, "missing_lines": [], "excluded_lines": [147, 148, 149, 150]}}}, "wapi/commands/config.py": {"executed_lines": [1, 7, 8, 9, 10, 11, 12, 13, 14, 17, 19, 20, 22, 25, 26, 27, 28, 30, 32, 33, 36, 38, 39, 41, 43, 44, 45, 46, 47, 48, 49, 51, 52, 53, 56, 58, 59, 62, 63, 64, 65, 66, 67, 68, 69, 70, 71, 72, 73, 76, 77, 78, 79, 81, 84, 89, 90, 91, 92, 93, 94, 96, 97, 98, 99, 100, 101, 102, 103, 104, 105, 106, 107], "summary": {"covered_lines": 72, "num_statements": 72, "percent_covered": 100.0, "percent_covered_display": "100", "missing_lines": 0, "excluded_lines": 0, "percent_statements_covered": 100.0, "percent_statements_covered_display": "100"}, "missing_lines": [], "excluded_lines": [], "functions": {"cmd_config_show": {"executed_lines": [19, 20, 22, 25, 26, 27, 28, 30, 32, 33], "summary": {"covered_lines": 10, "num_statements": 10, "percent_covered": 100.0, "percent_covered_display": "100", "missing_lines": 0, "excluded_lines": 0, "percent_statements_covered": 100.0, "percent_statements_covered_display": "100"}, "missing_lines": [], "excluded_lines": []}, "cmd_config_validate": {"executed_lines": [38, 39, 41, 43, 44, 45, 46, 47, 48, 49, 51, 52, 53], "summary": {"covered_lines": 13, "num_statements": 13, "percent_covered": 100.0, "percent_covered_display": "100", "missing_lines": 0, "excluded_lines": 0, "percent_statements_covered": 100.0, "percent_statements_covered_display": "100"}, "missing_lines": [], "excluded_lines": []}, "cmd_config_set": {"executed_lines": [58, 59, 62, 63, 64, 65, 66, 67, 68, 69, 70, 71, 72, 73, 76, 77, 78, 79, 81], "summary": {"covered_lines": 19, "num_statements": 19, "percent_covered": 100.0, "percent_covered_display": "100", "missing_lines": 0, "excluded_lines": 0, "percent_statements_covered": 100.0, "percent_statements_covered_display": "100"}, "missing_lines": [], "excluded_lines": []}, "set_config_value": {"executed_lines": [89, 90, 91, 92, 93, 94, 96, 97, 98, 99, 100, 101, 102, 103, 104, 105, 106, 107], "summary": {"covered_lines": 18, "num_statements": 18, "percent_covered": 100.0, "percent_covered_display": "100", "missing_lines": 0, "excluded_lines": 0, "percent_statements_covered": 100.0, "percent_statements_covered_display": "100"}, "missing_lines": [], "excluded_lines": []}, "": {"executed_lines": [1, 7, 8, 9, 10, 11, 12, 13, 14, 17, 36, 56, 84], "summary": {"covered_lines": 12, "num_statements": 12, "percent_covered": 100.0, "percent_covered_display": "100", "missing_lines": 0, "excluded_lines": 0, "percent_statements_covered": 100.0, "percent_statements_covered_display": "100"}, "missing_lines": [], "excluded_lines": []}}, "classes": {"": {"executed_lines": [1, 7, 8, 9, 10, 11, 12, 13, 14, 17, 19, 20, 22, 25, 26, 27, 28, 30, 32, 33, 36, 38, 39, 41, 43, 44, 45, 46, 47, 48, 49, 51, 52, 53, 56, 58, 59, 62, 63, 64, 65, 66, 67, 68, 69, 70, 71, 72, 73, 76, 77, 78, 79, 81, 84, 89, 90, 91, 92, 93, 94, 96, 97, 98, 99, 100, 101, 102, 103, 104, 105, 106, 107], "summary": {"covered_lines": 72, "num_statements": 72, "percent_covered": 100.0, "percent_covered_display": "100", "missing_lines": 0, "excluded_lines": 0, "percent_statements_covered": 100.0, "percent_statements_covered_display": "100"}, "missing_lines": [], "excluded_lines": []}}}, "wapi/commands/contact.py": {"executed_lines": [1, 7, 8, 9, 10, 11, 12, 13, 16, 26, 31, 32, 33, 34, 36, 39, 41, 42, 45, 47, 48, 52, 55, 56, 57, 59, 60, 63, 65, 66, 67, 69, 70, 71, 72, 75, 77, 78, 79, 80, 82, 83, 84, 85, 86, 87, 88, 89, 91, 92, 93, 94], "summary": {"covered_lines": 51, "num_statements": 51, "percent_covered": 100.0, "percent_covered_display": "100", "missing_lines": 0, "excluded_lines": 0, "percent_statements_covered": 100.0, "percent_statements_covered_display": "100"}, "missing_lines": [], "excluded_lines": [], "functions": {"filter_sensitive_contact_data": {"executed_lines": [26, 31, 32, 33, 34, 36], "summary": {"covered_lines": 6, "num_statements": 6, "percent_covered": 100.0, "percent_covered_display": "100", "missing_lines": 0, "excluded_lines": 0, "percent_statements_covered": 100.0, "percent_statements_covered_display": "100"}, "missing_lines": [], "excluded_lines": []}, "cmd_contact_info": {"executed_lines": [41, 42, 45, 47, 48, 52, 55, 56, 57, 59, 60, 63, 65, 66, 67, 69, 70, 71, 72], "summary": {"covered_lines": 19, "num_statements": 19, "percent_covered": 100.0, "percent_covered_display": "100", "missing_lines": 0, "excluded_lines": 0, "percent_statements_covered": 100.0, "percent_statements_covered_display": "100"}, "missing_lines": [], "excluded_lines": []}, "cmd_contact_list": {"executed_lines": [77, 78, 79, 80, 82, 83, 84, 85, 86, 87, 88, 89, 91, 92, 93, 94], "summary": {"covered_lines": 16, "num_statements": 16, "percent_covered": 100.0, "percent_covered_display": "100", "missing_lines": 0, "excluded_lines": 0, "percent_statements_covered": 100.0, "percent_statements_covered_display": "100"}, "missing_lines": [], "excluded_lines": []}, "": {"executed_lines": [1, 7, 8, 9, 10, 11, 12, 13, 16, 39, 75], "summary": {"covered_lines": 10, "num_statements": 10, "percent_covered": 100.0, "percent_covered_display": "100", "missing_lines": 0, "excluded_lines": 0, "percent_statements_covered": 100.0, "percent_statements_covered_display": "100"}, "missing_lines": [], "excluded_lines": []}}, "classes": {"": {"executed_lines": [1, 7, 8, 9, 10, 11, 12, 13, 16, 26, 31, 32, 33, 34, 36, 39, 41, 42, 45, 47, 48, 52, 55, 56, 57, 59, 60, 63, 65, 66, 67, 69, 70, 71, 72, 75, 77, 78, 79, 80, 82, 83, 84, 85, 86, 87, 88, 89, 91, 92, 93, 94], "summary": {"covered_lines": 51, "num_statements": 51, "percent_covered": 100.0, "percent_covered_display": "100", "missing_lines": 0, "excluded_lines": 0, "percent_statements_covered": 100.0, "percent_statements_covered_display": "100"}, "missing_lines": [], "excluded_lines": []}}}, "wapi/commands/dns.py": {"executed_lines": [1, 7, 8, 10, 11, 15, 20, 21, 22, 23, 26, 28, 30, 31, 32, 33, 34, 37, 38, 39, 41, 42, 43, 45, 46, 47, 48, 49, 52, 53, 54, 55, 61, 62, 63, 64, 66, 67, 68, 70, 71, 72, 74, 75, 76, 77, 80, 82, 84, 85, 86, 87, 88, 91, 92, 93, 95, 96, 97, 99, 100, 103, 104, 105, 106, 114, 115, 116, 118, 119, 120, 121, 124, 126, 127, 130, 131, 132, 133, 134, 137, 146, 147, 148, 150, 151, 152, 153, 154, 155, 156, 157, 158, 159, 161, 162, 163, 165, 167, 168, 169, 170, 173, 174, 175, 176, 178, 179, 180, 183, 184, 187, 197, 198, 200, 201, 202, 203, 206, 208, 209, 210, 213, 214, 215, 216, 217, 219, 220, 221, 222, 225, 226, 227, 228, 231, 237, 238, 239, 240, 241, 242, 243, 244, 247, 248, 249, 251, 252, 253, 254, 255, 256, 257, 258, 259, 260, 262, 263, 264, 265, 267, 269, 270, 271, 272, 275, 276, 277, 278, 280, 281, 283, 284, 285, 286, 287, 288, 289, 290, 293, 303, 304, 306, 307, 308, 309, 312, 314, 315, 318, 319, 320, 321, 322, 324, 325, 326, 327, 330, 336, 337, 338, 340, 341, 342, 343, 344, 345, 346, 347, 348, 350, 352, 354, 355, 356, 357, 360, 361, 362, 363, 365, 366, 367, 368, 369, 372, 382, 384, 385, 386, 387], "summary": {"covered_lines": 232, "num_statements": 232, "percent_covered": 100.0, "percent_covered_display": "100", "missing_lines": 0, "excluded_lines": 0, "percent_statements_covered": 100.0, "percent_statements_covered_display": "100"}, "missing_lines": [], "excluded_lines": [], "functions": {"cmd_dns_list": {"executed_lines": [28, 30, 31, 32, 33, 34, 37, 38, 39, 41, 42, 43, 45, 46, 47, 48, 49, 52, 53, 54, 55, 61, 62, 63, 64, 66, 67, 68, 70, 71, 72, 74, 75, 76, 77], "summary": {"covered_lines": 35, "num_statements": 35, "percent_covered": 100.0, "percent_covered_display": "100", "missing_lines": 0, "excluded_lines": 0, "percent_statements_covered": 100.0, "percent_statements_covered_display": "100"}, "missing_lines": [], "excluded_lines": []}, "cmd_dns_record_list": {"executed_lines": [82, 84, 85, 86, 87, 88, 91, 92, 93, 95, 96, 97, 99, 100, 103, 104, 105, 106, 114, 115, 116, 118, 119, 120, 121], "summary": {"covered_lines": 25, "num_statements": 25, "percent_covered": 100.0, "percent_covered_display": "100", "missing_lines": 0, "excluded_lines": 0, "percent_statements_covered": 100.0, "percent_statements_covered_display": "100"}, "missing_lines": [], "excluded_lines": []}, "cmd_dns_record_add": {"executed_lines": [126, 127, 130, 131, 132, 133, 134, 137, 146, 147, 148, 150, 151, 152, 153, 154, 155, 156, 157, 158, 159, 161, 162, 163, 165, 167, 168, 169, 170, 173, 174, 175, 176, 178, 179, 180, 183, 184, 187, 197, 198, 200, 201, 202, 203], "summary": {"covered_lines": 45, "num_statements": 45, "percent_covered": 100.0, "percent_covered_display": "100", "missing_lines": 0, "excluded_lines": 0, "percent_statements_covered": 100.0, "percent_statements_covered_display": "100"}, "missing_lines": [], "excluded_lines": []}, "cmd_dns_record_update": {"executed_lines": [208, 209, 210, 213, 214, 215, 216, 217, 219, 220, 221, 222, 225, 226, 227, 228, 231, 237, 238, 239, 240, 241, 242, 243, 244, 247, 248, 249, 251, 252, 253, 254, 255, 256, 257, 258, 259, 260, 262, 263, 264, 265, 267, 269, 270, 271, 272, 275, 276, 277, 278, 280, 281, 283, 284, 285, 286, 287, 288, 289, 290, 293, 303, 304, 306, 307, 308, 309], "summary": {"covered_lines": 68, "num_statements": 68, "percent_covered": 100.0, "percent_covered_display": "100", "missing_lines": 0, "excluded_lines": 0, "percent_statements_covered": 100.0, "percent_statements_covered_display": "100"}, "missing_lines": [], "excluded_lines": []}, "cmd_dns_record_delete": {"executed_lines": [314, 315, 318, 319, 320, 321, 322, 324, 325, 326, 327, 330, 336, 337, 338, 340, 341, 342, 343, 344, 345, 346, 347, 348, 350, 352, 354, 355, 356, 357, 360, 361, 362, 363, 365, 366, 367, 368, 369, 372, 382, 384, 385, 386, 387], "summary": {"covered_lines": 45, "num_statements": 45, "percent_covered": 100.0, "percent_covered_display": "100", "missing_lines": 0, "excluded_lines": 0, "percent_statements_covered": 100.0, "percent_statements_covered_display": "100"}, "missing_lines": [], "excluded_lines": []}, "": {"executed_lines": [1, 7, 8, 10, 11, 15, 20, 21, 22, 23, 26, 80, 124, 206, 312], "summary": {"covered_lines": 14, "num_statements": 14, "percent_covered": 100.0, "percent_covered_display": "100", "missing_lines": 0, "excluded_lines": 0, "percent_statements_covered": 100.0, "percent_statements_covered_display": "100"}, "missing_lines": [], "excluded_lines": []}}, "classes": {"": {"executed_lines": [1, 7, 8, 10, 11, 15, 20, 21, 22, 23, 26, 28, 30, 31, 32, 33, 34, 37, 38, 39, 41, 42, 43, 45, 46, 47, 48, 49, 52, 53, 54, 55, 61, 62, 63, 64, 66, 67, 68, 70, 71, 72, 74, 75, 76, 77, 80, 82, 84, 85, 86, 87, 88, 91, 92, 93, 95, 96, 97, 99, 100, 103, 104, 105, 106, 114, 115, 116, 118, 119, 120, 121, 124, 126, 127, 130, 131, 132, 133, 134, 137, 146, 147, 148, 150, 151, 152, 153, 154, 155, 156, 157, 158, 159, 161, 162, 163, 165, 167, 168, 169, 170, 173, 174, 175, 176, 178, 179, 180, 183, 184, 187, 197, 198, 200, 201, 202, 203, 206, 208, 209, 210, 213, 214, 215, 216, 217, 219, 220, 221, 222, 225, 226, 227, 228, 231, 237, 238, 239, 240, 241, 242, 243, 244, 247, 248, 249, 251, 252, 253, 254, 255, 256, 257, 258, 259, 260, 262, 263, 264, 265, 267, 269, 270, 271, 272, 275, 276, 277, 278, 280, 281, 283, 284, 285, 286, 287, 288, 289, 290, 293, 303, 304, 306, 307, 308, 309, 312, 314, 315, 318, 319, 320, 321, 322, 324, 325, 326, 327, 330, 336, 337, 338, 340, 341, 342, 343, 344, 345, 346, 347, 348, 350, 352, 354, 355, 356, 357, 360, 361, 362, 363, 365, 366, 367, 368, 369, 372, 382, 384, 385, 386, 387], "summary": {"covered_lines": 232, "num_statements": 232, "percent_covered": 100.0, "percent_covered_display": "100", "missing_lines": 0, "excluded_lines": 0, "percent_statements_covered": 100.0, "percent_statements_covered_display": "100"}, "missing_lines": [], "excluded_lines": []}}}, "wapi/commands/domain.py": {"executed_lines": [1, 7, 8, 10, 11, 15, 20, 21, 22, 23, 24, 27, 38, 44, 45, 46, 47, 49, 52, 54, 55, 58, 59, 60, 62, 63, 64, 66, 67, 70, 71, 72, 73, 81, 82, 85, 86, 88, 89, 90, 92, 93, 94, 95, 98, 100, 101, 104, 105, 106, 107, 108, 111, 112, 113, 115, 116, 117, 120, 123, 124, 126, 127, 128, 129, 132, 134, 135, 137, 138, 141, 142, 143, 144, 145, 148, 149, 150, 153, 155, 156, 157, 159, 160, 161, 163, 164, 165, 166, 167, 168, 171, 172, 173, 174, 175, 176, 177, 178, 179, 180, 181, 182, 184, 187, 188, 189, 190, 191, 193, 194, 195, 197, 198, 200, 201, 202, 203, 204, 206, 207, 209, 210, 211, 212, 214, 215, 216, 218, 219, 220, 221, 224, 225, 226, 228, 229, 230, 232, 233, 235, 237, 244, 245, 246, 247, 248, 249, 250, 251, 253, 258, 259, 261, 262, 263, 266, 267, 269, 270, 271, 272, 273, 274, 275, 276, 277, 278, 280, 282, 283, 284, 285, 288, 289, 292, 293, 294, 296, 297, 301, 302, 303, 304, 305, 306, 307, 308, 309, 311, 312, 313, 314, 317, 327, 328, 330, 331, 332, 333, 336, 338, 339, 342, 343, 344, 345, 346, 349, 350, 351, 352, 353, 354, 357, 367, 368, 370, 371, 372, 373, 374, 375, 376, 377, 378, 379, 381, 383, 384, 385, 387, 397, 398, 400, 401, 402, 403, 406, 408, 409, 412, 413, 414, 415, 416, 419, 420, 421, 422, 423, 425, 428, 430, 431, 433, 434, 435, 436, 437, 438, 439, 440, 441, 442, 443, 445, 446, 447, 448, 451, 453, 454, 457, 458, 459, 460, 461, 463, 466, 468, 469, 471, 472, 473, 474, 475, 476, 477, 478, 479, 480, 482, 484, 485, 486, 487, 491, 493, 503, 504, 506, 507, 508, 509, 512, 514, 515, 518, 519, 520, 521, 522, 525, 526, 527, 528, 530, 533, 535, 536, 538, 539, 540, 541, 542, 543, 544, 545, 546, 547, 549, 550, 551, 552, 555, 557, 558, 561, 562, 563, 564, 565, 568, 569, 570, 571, 572, 573, 576, 577, 578, 579, 582, 592, 593, 595, 596, 597, 598, 599, 600, 601, 602, 603, 604, 606, 608, 609, 610, 612, 622, 623, 625, 626, 627, 628], "summary": {"covered_lines": 344, "num_statements": 344, "percent_covered": 100.0, "percent_covered_display": "100", "missing_lines": 0, "excluded_lines": 39, "percent_statements_covered": 100.0, "percent_statements_covered_display": "100"}, "missing_lines": [], "excluded_lines": [91, 92, 93, 94, 95, 125, 126, 127, 128, 129, 399, 400, 401, 402, 403, 444, 445, 446, 447, 448, 505, 506, 507, 508, 509, 548, 549, 550, 551, 552, 576, 577, 578, 579, 624, 625, 626, 627, 628], "functions": {"filter_sensitive_domain_data": {"executed_lines": [38, 44, 45, 46, 47, 49], "summary": {"covered_lines": 6, "num_statements": 6, "percent_covered": 100.0, "percent_covered_display": "100", "missing_lines": 0, "excluded_lines": 0, "percent_statements_covered": 100.0, "percent_statements_covered_display": "100"}, "missing_lines": [], "excluded_lines": []}, "cmd_domain_list": {"executed_lines": [54, 55, 58, 59, 60, 62, 63, 64, 66, 67, 70, 71, 72, 73, 81, 82, 85, 86, 88, 89, 90, 92, 93, 94, 95], "summary": {"covered_lines": 21, "num_statements": 21, "percent_covered": 100.0, "percent_covered_display": "100", "missing_lines": 0, "excluded_lines": 5, "percent_statements_covered": 100.0, "percent_statements_covered_display": "100"}, "missing_lines": [], "excluded_lines": [91, 92, 93, 94, 95]}, "cmd_domain_info": {"executed_lines": [100, 101, 104, 105, 106, 107, 108, 111, 112, 113, 115, 116, 117, 120, 123, 124, 126, 127, 128, 129], "summary": {"covered_lines": 16, "num_statements": 16, "percent_covered": 100.0, "percent_covered_display": "100", "missing_lines": 0, "excluded_lines": 5, "percent_statements_covered": 100.0, "percent_statements_covered_display": "100"}, "missing_lines": [], "excluded_lines": [125, 126, 127, 128, 129]}, "cmd_domain_update_ns": {"executed_lines": [134, 135, 137, 138, 141, 142, 143, 144, 145, 148, 149, 150, 153, 155, 156, 157, 159, 160, 161, 163, 164, 165, 166, 167, 168, 171, 172, 173, 174, 175, 176, 177, 178, 179, 180, 181, 182, 184, 187, 188, 189, 190, 191, 193, 194, 195, 197, 198, 200, 201, 202, 203, 204, 206, 207, 209, 210, 211, 212, 214, 215, 216, 218, 219, 220, 221, 224, 225, 226, 228, 229, 230, 232, 233, 235, 237, 244, 245, 246, 247, 248, 249, 250, 251, 253, 258, 259, 261, 262, 263, 266, 267, 269, 270, 271, 272, 273, 274, 275, 276, 277, 278, 280, 282, 283, 284, 285, 288, 289, 292, 293, 294, 296, 297, 301, 302, 303, 304, 305, 306, 307, 308, 309, 311, 312, 313, 314, 317, 327, 328, 330, 331, 332, 333], "summary": {"covered_lines": 134, "num_statements": 134, "percent_covered": 100.0, "percent_covered_display": "100", "missing_lines": 0, "excluded_lines": 0, "percent_statements_covered": 100.0, "percent_statements_covered_display": "100"}, "missing_lines": [], "excluded_lines": []}, "cmd_domain_create": {"executed_lines": [338, 339, 342, 343, 344, 345, 346, 349, 350, 351, 352, 353, 354, 357, 367, 368, 370, 371, 372, 373, 374, 375, 376, 377, 378, 379, 381, 383, 384, 385, 387, 397, 398, 400, 401, 402, 403], "summary": {"covered_lines": 33, "num_statements": 33, "percent_covered": 100.0, "percent_covered_display": "100", "missing_lines": 0, "excluded_lines": 5, "percent_statements_covered": 100.0, "percent_statements_covered_display": "100"}, "missing_lines": [], "excluded_lines": [399, 400, 401, 402, 403]}, "cmd_domain_transfer": {"executed_lines": [408, 409, 412, 413, 414, 415, 416, 419, 420, 421, 422, 423, 425, 428, 430, 431, 433, 434, 435, 436, 437, 438, 439, 440, 441, 442, 443, 445, 446, 447, 448], "summary": {"covered_lines": 27, "num_statements": 27, "percent_covered": 100.0, "percent_covered_display": "100", "missing_lines": 0, "excluded_lines": 5, "percent_statements_covered": 100.0, "percent_statements_covered_display": "100"}, "missing_lines": [], "excluded_lines": [444, 445, 446, 447, 448]}, "cmd_domain_renew": {"executed_lines": [453, 454, 457, 458, 459, 460, 461, 463, 466, 468, 469, 471, 472, 473, 474, 475, 476, 477, 478, 479, 480, 482, 484, 485, 486, 487, 491, 493, 503, 504, 506, 507, 508, 509], "summary": {"covered_lines": 30, "num_statements": 30, "percent_covered": 100.0, "percent_covered_display": "100", "missing_lines": 0, "excluded_lines": 5, "percent_statements_covered": 100.0, "percent_statements_covered_display": "100"}, "missing_lines": [], "excluded_lines": [505, 506, 507, 508, 509]}, "cmd_domain_delete": {"executed_lines": [514, 515, 518, 519, 520, 521, 522, 525, 526, 527, 528, 530, 533, 535, 536, 538, 539, 540, 541, 542, 543, 544, 545, 546, 547, 549, 550, 551, 552], "summary": {"covered_lines": 25, "num_statements": 25, "percent_covered": 100.0, "percent_covered_display": "100", "missing_lines": 0, "excluded_lines": 5, "percent_statements_covered": 100.0, "percent_statements_covered_display": "100"}, "missing_lines": [], "excluded_lines": [548, 549, 550, 551, 552]}, "cmd_domain_update": {"executed_lines": [557, 558, 561, 562, 563, 564, 565, 568, 569, 570, 571, 572, 573, 576, 577, 578, 579, 582, 592, 593, 595, 596, 597, 598, 599, 600, 601, 602, 603, 604, 606, 608, 609, 610, 612, 622, 623, 625, 626, 627, 628], "summary": {"covered_lines": 33, "num_statements": 33, "percent_covered": 100.0, "percent_covered_display": "100", "missing_lines": 0, "excluded_lines": 9, "percent_statements_covered": 100.0, "percent_statements_covered_display": "100"}, "missing_lines": [], "excluded_lines": [576, 577, 578, 579, 624, 625, 626, 627, 628]}, "": {"executed_lines": [1, 7, 8, 10, 11, 15, 20, 21, 22, 23, 24, 27, 52, 98, 132, 336, 406, 451, 512, 555], "summary": {"covered_lines": 19, "num_statements": 19, "percent_covered": 100.0, "percent_covered_display": "100", "missing_lines": 0, "excluded_lines": 0, "percent_statements_covered": 100.0, "percent_statements_covered_display": "100"}, "missing_lines": [], "excluded_lines": []}}, "classes": {"": {"executed_lines": [1, 7, 8, 10, 11, 15, 20, 21, 22, 23, 24, 27, 38, 44, 45, 46, 47, 49, 52, 54, 55, 58, 59, 60, 62, 63, 64, 66, 67, 70, 71, 72, 73, 81, 82, 85, 86, 88, 89, 90, 92, 93, 94, 95, 98, 100, 101, 104, 105, 106, 107, 108, 111, 112, 113, 115, 116, 117, 120, 123, 124, 126, 127, 128, 129, 132, 134, 135, 137, 138, 141, 142, 143, 144, 145, 148, 149, 150, 153, 155, 156, 157, 159, 160, 161, 163, 164, 165, 166, 167, 168, 171, 172, 173, 174, 175, 176, 177, 178, 179, 180, 181, 182, 184, 187, 188, 189, 190, 191, 193, 194, 195, 197, 198, 200, 201, 202, 203, 204, 206, 207, 209, 210, 211, 212, 214, 215, 216, 218, 219, 220, 221, 224, 225, 226, 228, 229, 230, 232, 233, 235, 237, 244, 245, 246, 247, 248, 249, 250, 251, 253, 258, 259, 261, 262, 263, 266, 267, 269, 270, 271, 272, 273, 274, 275, 276, 277, 278, 280, 282, 283, 284, 285, 288, 289, 292, 293, 294, 296, 297, 301, 302, 303, 304, 305, 306, 307, 308, 309, 311, 312, 313, 314, 317, 327, 328, 330, 331, 332, 333, 336, 338, 339, 342, 343, 344, 345, 346, 349, 350, 351, 352, 353, 354, 357, 367, 368, 370, 371, 372, 373, 374, 375, 376, 377, 378, 379, 381, 383, 384, 385, 387, 397, 398, 400, 401, 402, 403, 406, 408, 409, 412, 413, 414, 415, 416, 419, 420, 421, 422, 423, 425, 428, 430, 431, 433, 434, 435, 436, 437, 438, 439, 440, 441, 442, 443, 445, 446, 447, 448, 451, 453, 454, 457, 458, 459, 460, 461, 463, 466, 468, 469, 471, 472, 473, 474, 475, 476, 477, 478, 479, 480, 482, 484, 485, 486, 487, 491, 493, 503, 504, 506, 507, 508, 509, 512, 514, 515, 518, 519, 520, 521, 522, 525, 526, 527, 528, 530, 533, 535, 536, 538, 539, 540, 541, 542, 543, 544, 545, 546, 547, 549, 550, 551, 552, 555, 557, 558, 561, 562, 563, 564, 565, 568, 569, 570, 571, 572, 573, 576, 577, 578, 579, 582, 592, 593, 595, 596, 597, 598, 599, 600, 601, 602, 603, 604, 606, 608, 609, 610, 612, 622, 623, 625, 626, 627, 628], "summary": {"covered_lines": 344, "num_statements": 344, "percent_covered": 100.0, "percent_covered_display": "100", "missing_lines": 0, "excluded_lines": 39, "percent_statements_covered": 100.0, "percent_statements_covered_display": "100"}, "missing_lines": [], "excluded_lines": [91, 92, 93, 94, 95, 125, 126, 127, 128, 129, 399, 400, 401, 402, 403, 444, 445, 446, 447, 448, 505, 506, 507, 508, 509, 548, 549, 550, 551, 552, 576, 577, 578, 579, 624, 625, 626, 627, 628]}}}, "wapi/commands/helpers.py": {"executed_lines": [1, 5, 6, 8, 13, 14, 15, 18, 46, 48, 57, 58, 60, 61, 62, 63, 64, 66, 67, 68, 69, 70, 71, 72, 74], "summary": {"covered_lines": 24, "num_statements": 24, "percent_covered": 100.0, "percent_covered_display": "100", "missing_lines": 0, "excluded_lines": 0, "percent_statements_covered": 100.0, "percent_statements_covered_display": "100"}, "missing_lines": [], "excluded_lines": [], "functions": {"poll_and_check": {"executed_lines": [46, 48, 57, 58, 60, 61, 62, 63, 64, 66, 67, 68, 69, 70, 71, 72, 74], "summary": {"covered_lines": 17, "num_statements": 17, "percent_covered": 100.0, "percent_covered_display": "100", "missing_lines": 0, "excluded_lines": 0, "percent_statements_covered": 100.0, "percent_statements_covered_display": "100"}, "missing_lines": [], "excluded_lines": []}, "": {"executed_lines": [1, 5, 6, 8, 13, 14, 15, 18], "summary": {"covered_lines": 7, "num_statements": 7, "percent_covered": 100.0, "percent_covered_display": "100", "missing_lines": 0, "excluded_lines": 0, "percent_statements_covered": 100.0, "percent_statements_covered_display": "100"}, "missing_lines": [], "excluded_lines": []}}, "classes": {"": {"executed_lines": [1, 5, 6, 8, 13, 14, 15, 18, 46, 48, 57, 58, 60, 61, 62, 63, 64, 66, 67, 68, 69, 70, 71, 72, 74], "summary": {"covered_lines": 24, "num_statements": 24, "percent_covered": 100.0, "percent_covered_display": "100", "missing_lines": 0, "excluded_lines": 0, "percent_statements_covered": 100.0, "percent_statements_covered_display": "100"}, "missing_lines": [], "excluded_lines": []}}}, "wapi/commands/nsset.py": {"executed_lines": [1, 7, 8, 10, 11, 15, 20, 21, 22, 23, 26, 28, 29, 32, 33, 34, 35, 37, 38, 39, 41, 42, 43, 44, 45, 46, 49, 50, 51, 52, 53, 54, 55, 56, 57, 58, 59, 60, 62, 65, 66, 67, 68, 69, 72, 80, 81, 84, 85, 86, 88, 89, 90, 91, 92, 93, 94, 95, 96, 97, 99, 101, 102, 104, 107, 110, 119, 120, 122, 123, 124, 125, 126, 128, 129, 130, 131, 132, 133, 134, 136, 137, 139, 140, 141, 142, 145, 147, 148, 151, 153, 154, 155, 157, 158, 159, 162, 163, 164, 165, 169, 170, 171, 173, 174, 175, 176, 177, 180, 182, 183, 184, 185, 186, 187, 188, 190, 191, 195, 196, 197, 200, 201, 202, 203, 205, 206, 209, 211, 212, 213, 214, 216, 217, 218, 219, 220, 221, 222, 224, 225, 226], "summary": {"covered_lines": 141, "num_statements": 141, "percent_covered": 100.0, "percent_covered_display": "100", "missing_lines": 0, "excluded_lines": 0, "percent_statements_covered": 100.0, "percent_statements_covered_display": "100"}, "missing_lines": [], "excluded_lines": [], "functions": {"cmd_nsset_create": {"executed_lines": [28, 29, 32, 33, 34, 35, 37, 38, 39, 41, 42, 43, 44, 45, 46, 49, 50, 51, 52, 53, 54, 55, 56, 57, 58, 59, 60, 62, 65, 66, 67, 68, 69, 72, 80, 81, 84, 85, 86, 88, 89, 90, 91, 92, 93, 94, 95, 96, 97, 99, 101, 102, 104, 107, 110, 119, 120, 122, 123, 124, 125, 126, 128, 129, 130, 131, 132, 133, 134, 136, 137, 139, 140, 141, 142], "summary": {"covered_lines": 75, "num_statements": 75, "percent_covered": 100.0, "percent_covered_display": "100", "missing_lines": 0, "excluded_lines": 0, "percent_statements_covered": 100.0, "percent_statements_covered_display": "100"}, "missing_lines": [], "excluded_lines": []}, "cmd_nsset_info": {"executed_lines": [147, 148, 151, 153, 154, 155, 157, 158, 159, 162, 163, 164, 165, 169, 170, 171, 173, 174, 175, 176, 177, 180, 182, 183, 184, 185, 186, 187, 188, 190, 191, 195, 196, 197, 200, 201, 202, 203, 205, 206], "summary": {"covered_lines": 40, "num_statements": 40, "percent_covered": 100.0, "percent_covered_display": "100", "missing_lines": 0, "excluded_lines": 0, "percent_statements_covered": 100.0, "percent_statements_covered_display": "100"}, "missing_lines": [], "excluded_lines": []}, "cmd_nsset_list": {"executed_lines": [211, 212, 213, 214, 216, 217, 218, 219, 220, 221, 222, 224, 225, 226], "summary": {"covered_lines": 14, "num_statements": 14, "percent_covered": 100.0, "percent_covered_display": "100", "missing_lines": 0, "excluded_lines": 0, "percent_statements_covered": 100.0, "percent_statements_covered_display": "100"}, "missing_lines": [], "excluded_lines": []}, "": {"executed_lines": [1, 7, 8, 10, 11, 15, 20, 21, 22, 23, 26, 145, 209], "summary": {"covered_lines": 12, "num_statements": 12, "percent_covered": 100.0, "percent_covered_display": "100", "missing_lines": 0, "excluded_lines": 0, "percent_statements_covered": 100.0, "percent_statements_covered_display": "100"}, "missing_lines": [], "excluded_lines": []}}, "classes": {"": {"executed_lines": [1, 7, 8, 10, 11, 15, 20, 21, 22, 23, 26, 28, 29, 32, 33, 34, 35, 37, 38, 39, 41, 42, 43, 44, 45, 46, 49, 50, 51, 52, 53, 54, 55, 56, 57, 58, 59, 60, 62, 65, 66, 67, 68, 69, 72, 80, 81, 84, 85, 86, 88, 89, 90, 91, 92, 93, 94, 95, 96, 97, 99, 101, 102, 104, 107, 110, 119, 120, 122, 123, 124, 125, 126, 128, 129, 130, 131, 132, 133, 134, 136, 137, 139, 140, 141, 142, 145, 147, 148, 151, 153, 154, 155, 157, 158, 159, 162, 163, 164, 165, 169, 170, 171, 173, 174, 175, 176, 177, 180, 182, 183, 184, 185, 186, 187, 188, 190, 191, 195, 196, 197, 200, 201, 202, 203, 205, 206, 209, 211, 212, 213, 214, 216, 217, 218, 219, 220, 221, 222, 224, 225, 226], "summary": {"covered_lines": 141, "num_statements": 141, "percent_covered": 100.0, "percent_covered_display": "100", "missing_lines": 0, "excluded_lines": 0, "percent_statements_covered": 100.0, "percent_statements_covered_display": "100"}, "missing_lines": [], "excluded_lines": []}}}, "wapi/commands/search.py": {"executed_lines": [1, 9, 10, 11, 13, 14, 15, 16, 17, 18, 19, 22, 33, 44, 59, 66, 67, 69, 70, 72, 73, 74, 76, 77, 79, 80, 81, 82, 85, 86, 88, 91, 95, 96, 97, 98, 100, 101, 104, 105, 106, 107, 109, 110, 111, 112, 113, 115, 116, 117, 119, 120, 121, 123, 129, 130, 132, 138, 139, 140, 143, 144, 145, 146, 148, 151, 155, 156, 157, 158, 159, 160, 161, 162, 165, 171, 173, 174, 175, 176, 177, 178, 179, 180, 181, 182, 183, 184, 185, 188, 201, 202, 204, 205, 206, 208, 209, 210, 212, 213, 214, 215, 216, 217, 218, 219, 221, 222, 224, 226, 228, 231, 235, 236, 237, 238, 240, 241, 242, 243, 244, 247, 253, 254, 256, 258, 259, 261, 262, 263, 266, 270, 271, 273, 274, 275, 276, 277, 279, 280, 281, 282, 284, 285, 288, 289, 290, 291, 292, 293, 294, 295, 298, 299, 300, 305, 306, 307, 308, 309, 310, 311, 313, 314, 315, 316, 318, 324, 326, 327, 328, 330, 331], "summary": {"covered_lines": 163, "num_statements": 163, "percent_covered": 100.0, "percent_covered_display": "100", "missing_lines": 0, "excluded_lines": 9, "percent_statements_covered": 100.0, "percent_statements_covered_display": "100"}, "missing_lines": [], "excluded_lines": [73, 74, 116, 117, 183, 184, 242, 243, 244], "functions": {"interpret_status_value": {"executed_lines": [66, 67, 69, 70, 72, 73, 74, 76, 77, 79, 80, 81, 82, 85, 86, 88], "summary": {"covered_lines": 14, "num_statements": 14, "percent_covered": 100.0, "percent_covered_display": "100", "missing_lines": 0, "excluded_lines": 2, "percent_statements_covered": 100.0, "percent_statements_covered_display": "100"}, "missing_lines": [], "excluded_lines": [73, 74]}, "interpret_api_availability": {"executed_lines": [95, 96, 97, 98, 100, 101, 104, 105, 106, 107, 109, 110, 111, 112, 113, 115, 116, 117, 119, 120, 121, 123, 129, 130, 132, 138, 139, 140, 143, 144, 145, 146, 148], "summary": {"covered_lines": 31, "num_statements": 31, "percent_covered": 100.0, "percent_covered_display": "100", "missing_lines": 0, "excluded_lines": 2, "percent_statements_covered": 100.0, "percent_statements_covered_display": "100"}, "missing_lines": [], "excluded_lines": [116, 117]}, "get_client": {"executed_lines": [155, 156, 157, 158, 159, 160, 161, 162], "summary": {"covered_lines": 8, "num_statements": 8, "percent_covered": 100.0, "percent_covered_display": "100", "missing_lines": 0, "excluded_lines": 0, "percent_statements_covered": 100.0, "percent_statements_covered_display": "100"}, "missing_lines": [], "excluded_lines": []}, "_discover_whois_server": {"executed_lines": [171, 173, 174, 175, 176, 177, 178, 179, 180, 181, 182, 183, 184, 185], "summary": {"covered_lines": 12, "num_statements": 12, "percent_covered": 100.0, "percent_covered_display": "100", "missing_lines": 0, "excluded_lines": 2, "percent_statements_covered": 100.0, "percent_statements_covered_display": "100"}, "missing_lines": [], "excluded_lines": [183, 184]}, "_query_whois": {"executed_lines": [201, 202, 204, 205, 206, 208, 209, 210, 212, 213, 214, 215, 216, 217, 218, 219, 221, 222, 224, 226, 228], "summary": {"covered_lines": 21, "num_statements": 21, "percent_covered": 100.0, "percent_covered_display": "100", "missing_lines": 0, "excluded_lines": 0, "percent_statements_covered": 100.0, "percent_statements_covered_display": "100"}, "missing_lines": [], "excluded_lines": []}, "perform_whois_lookup": {"executed_lines": [235, 236, 237, 238, 240, 241, 242, 243, 244], "summary": {"covered_lines": 6, "num_statements": 6, "percent_covered": 100.0, "percent_covered_display": "100", "missing_lines": 0, "excluded_lines": 3, "percent_statements_covered": 100.0, "percent_statements_covered_display": "100"}, "missing_lines": [], "excluded_lines": [242, 243, 244]}, "infer_availability_from_whois": {"executed_lines": [253, 254, 256, 258, 259, 261, 262, 263], "summary": {"covered_lines": 8, "num_statements": 8, "percent_covered": 100.0, "percent_covered_display": "100", "missing_lines": 0, "excluded_lines": 0, "percent_statements_covered": 100.0, "percent_statements_covered_display": "100"}, "missing_lines": [], "excluded_lines": []}, "cmd_search": {"executed_lines": [270, 271, 273, 274, 275, 276, 277, 279, 280, 281, 282, 284, 285, 288, 289, 290, 291, 292, 293, 294, 295, 298, 299, 300, 305, 306, 307, 308, 309, 310, 311, 313, 314, 315, 316, 318, 324, 326, 327, 328, 330, 331], "summary": {"covered_lines": 42, "num_statements": 42, "percent_covered": 100.0, "percent_covered_display": "100", "missing_lines": 0, "excluded_lines": 0, "percent_statements_covered": 100.0, "percent_statements_covered_display": "100"}, "missing_lines": [], "excluded_lines": []}, "": {"executed_lines": [1, 9, 10, 11, 13, 14, 15, 16, 17, 18, 19, 22, 33, 44, 59, 91, 151, 165, 188, 231, 247, 266], "summary": {"covered_lines": 21, "num_statements": 21, "percent_covered": 100.0, "percent_covered_display": "100", "missing_lines": 0, "excluded_lines": 0, "percent_statements_covered": 100.0, "percent_statements_covered_display": "100"}, "missing_lines": [], "excluded_lines": []}}, "classes": {"": {"executed_lines": [1, 9, 10, 11, 13, 14, 15, 16, 17, 18, 19, 22, 33, 44, 59, 66, 67, 69, 70, 72, 73, 74, 76, 77, 79, 80, 81, 82, 85, 86, 88, 91, 95, 96, 97, 98, 100, 101, 104, 105, 106, 107, 109, 110, 111, 112, 113, 115, 116, 117, 119, 120, 121, 123, 129, 130, 132, 138, 139, 140, 143, 144, 145, 146, 148, 151, 155, 156, 157, 158, 159, 160, 161, 162, 165, 171, 173, 174, 175, 176, 177, 178, 179, 180, 181, 182, 183, 184, 185, 188, 201, 202, 204, 205, 206, 208, 209, 210, 212, 213, 214, 215, 216, 217, 218, 219, 221, 222, 224, 226, 228, 231, 235, 236, 237, 238, 240, 241, 242, 243, 244, 247, 253, 254, 256, 258, 259, 261, 262, 263, 266, 270, 271, 273, 274, 275, 276, 277, 279, 280, 281, 282, 284, 285, 288, 289, 290, 291, 292, 293, 294, 295, 298, 299, 300, 305, 306, 307, 308, 309, 310, 311, 313, 314, 315, 316, 318, 324, 326, 327, 328, 330, 331], "summary": {"covered_lines": 163, "num_statements": 163, "percent_covered": 100.0, "percent_covered_display": "100", "missing_lines": 0, "excluded_lines": 9, "percent_statements_covered": 100.0, "percent_statements_covered_display": "100"}, "missing_lines": [], "excluded_lines": [73, 74, 116, 117, 183, 184, 242, 243, 244]}}}, "wapi/config.py": {"executed_lines": [1, 7, 8, 9, 11, 12, 15, 16, 17, 18, 34, 37, 38, 39, 40, 41, 42, 44, 45, 48, 49, 50, 51, 52, 53, 54, 55, 56, 57, 58, 61, 62, 63, 64, 65, 67, 70, 83, 84, 85, 88, 89, 92, 93, 94, 95, 104, 105, 107, 108, 109, 110, 112, 113, 114, 115, 117, 118], "summary": {"covered_lines": 57, "num_statements": 57, "percent_covered": 100.0, "percent_covered_display": "100", "missing_lines": 0, "excluded_lines": 0, "percent_statements_covered": 100.0, "percent_statements_covered_display": "100"}, "missing_lines": [], "excluded_lines": [], "functions": {"load_config": {"executed_lines": [16, 17, 18, 34, 37, 38, 39, 40, 41, 42, 44, 45, 48, 49, 50, 51, 52, 53, 54, 55, 56, 57, 58, 61, 62, 63, 64, 65, 67], "summary": {"covered_lines": 29, "num_statements": 29, "percent_covered": 100.0, "percent_covered_display": "100", "missing_lines": 0, "excluded_lines": 0, "percent_statements_covered": 100.0, "percent_statements_covered_display": "100"}, "missing_lines": [], "excluded_lines": []}, "get_config": {"executed_lines": [83, 84, 85, 88, 89], "summary": {"covered_lines": 5, "num_statements": 5, "percent_covered": 100.0, "percent_covered_display": "100", "missing_lines": 0, "excluded_lines": 0, "percent_statements_covered": 100.0, "percent_statements_covered_display": "100"}, "missing_lines": [], "excluded_lines": []}, "validate_config": {"executed_lines": [93, 94, 95, 104, 105, 107, 108, 109, 110, 112, 113, 114, 115, 117, 118], "summary": {"covered_lines": 15, "num_statements": 15, "percent_covered": 100.0, "percent_covered_display": "100", "missing_lines": 0, "excluded_lines": 0, "percent_statements_covered": 100.0, "percent_statements_covered_display": "100"}, "missing_lines": [], "excluded_lines": []}, "": {"executed_lines": [1, 7, 8, 9, 11, 12, 15, 70, 92], "summary": {"covered_lines": 8, "num_statements": 8, "percent_covered": 100.0, "percent_covered_display": "100", "missing_lines": 0, "excluded_lines": 0, "percent_statements_covered": 100.0, "percent_statements_covered_display": "100"}, "missing_lines": [], "excluded_lines": []}}, "classes": {"": {"executed_lines": [1, 7, 8, 9, 11, 12, 15, 16, 17, 18, 34, 37, 38, 39, 40, 41, 42, 44, 45, 48, 49, 50, 51, 52, 53, 54, 55, 56, 57, 58, 61, 62, 63, 64, 65, 67, 70, 83, 84, 85, 88, 89, 92, 93, 94, 95, 104, 105, 107, 108, 109, 110, 112, 113, 114, 115, 117, 118], "summary": {"covered_lines": 57, "num_statements": 57, "percent_covered": 100.0, "percent_covered_display": "100", "missing_lines": 0, "excluded_lines": 0, "percent_statements_covered": 100.0, "percent_statements_covered_display": "100"}, "missing_lines": [], "excluded_lines": []}}}, "wapi/constants.py": {"executed_lines": [1, 8, 9, 10, 11, 12, 13, 14, 17, 18, 19, 22, 23, 24, 25, 26, 29, 30, 31, 32], "summary": {"covered_lines": 19, "num_statements": 19, "percent_covered": 100.0, "percent_covered_display": "100", "missing_lines": 0, "excluded_lines": 0, "percent_statements_covered": 100.0, "percent_statements_covered_display": "100"}, "missing_lines": [], "excluded_lines": [], "functions": {"": {"executed_lines": [1, 8, 9, 10, 11, 12, 13, 14, 17, 18, 19, 22, 23, 24, 25, 26, 29, 30, 31, 32], "summary": {"covered_lines": 19, "num_statements": 19, "percent_covered": 100.0, "percent_covered_display": "100", "missing_lines": 0, "excluded_lines": 0, "percent_statements_covered": 100.0, "percent_statements_covered_display": "100"}, "missing_lines": [], "excluded_lines": []}}, "classes": {"": {"executed_lines": [1, 8, 9, 10, 11, 12, 13, 14, 17, 18, 19, 22, 23, 24, 25, 26, 29, 30, 31, 32], "summary": {"covered_lines": 19, "num_statements": 19, "percent_covered": 100.0, "percent_covered_display": "100", "missing_lines": 0, "excluded_lines": 0, "percent_statements_covered": 100.0, "percent_statements_covered_display": "100"}, "missing_lines": [], "excluded_lines": []}}}, "wapi/exceptions.py": {"executed_lines": [1, 8, 9, 10, 13, 14, 15, 18, 19, 20, 23, 24, 25, 28, 29, 30, 33, 34, 35, 38, 39, 40, 43, 44, 45], "summary": {"covered_lines": 16, "num_statements": 16, "percent_covered": 100.0, "percent_covered_display": "100", "missing_lines": 0, "excluded_lines": 0, "percent_statements_covered": 100.0, "percent_statements_covered_display": "100"}, "missing_lines": [], "excluded_lines": [], "functions": {"": {"executed_lines": [1, 8, 9, 10, 13, 14, 15, 18, 19, 20, 23, 24, 25, 28, 29, 30, 33, 34, 35, 38, 39, 40, 43, 44, 45], "summary": {"covered_lines": 16, "num_statements": 16, "percent_covered": 100.0, "percent_covered_display": "100", "missing_lines": 0, "excluded_lines": 0, "percent_statements_covered": 100.0, "percent_statements_covered_display": "100"}, "missing_lines": [], "excluded_lines": []}}, "classes": {"WAPIError": {"executed_lines": [], "summary": {"covered_lines": 0, "num_statements": 0, "percent_covered": 100.0, "percent_covered_display": "100", "missing_lines": 0, "excluded_lines": 0, "percent_statements_covered": 100.0, "percent_statements_covered_display": "100"}, "missing_lines": [], "excluded_lines": []}, "WAPIConfigurationError": {"executed_lines": [], "summary": {"covered_lines": 0, "num_statements": 0, "percent_covered": 100.0, "percent_covered_display": "100", "missing_lines": 0, "excluded_lines": 0, "percent_statements_covered": 100.0, "percent_statements_covered_display": "100"}, "missing_lines": [], "excluded_lines": []}, "WAPIAuthenticationError": {"executed_lines": [], "summary": {"covered_lines": 0, "num_statements": 0, "percent_covered": 100.0, "percent_covered_display": "100", "missing_lines": 0, "excluded_lines": 0, "percent_statements_covered": 100.0, "percent_statements_covered_display": "100"}, "missing_lines": [], "excluded_lines": []}, "WAPIValidationError": {"executed_lines": [], "summary": {"covered_lines": 0, "num_statements": 0, "percent_covered": 100.0, "percent_covered_display": "100", "missing_lines": 0, "excluded_lines": 0, "percent_statements_covered": 100.0, "percent_statements_covered_display": "100"}, "missing_lines": [], "excluded_lines": []}, "WAPIConnectionError": {"executed_lines": [], "summary": {"covered_lines": 0, "num_statements": 0, "percent_covered": 100.0, "percent_covered_display": "100", "missing_lines": 0, "excluded_lines": 0, "percent_statements_covered": 100.0, "percent_statements_covered_display": "100"}, "missing_lines": [], "excluded_lines": []}, "WAPIRequestError": {"executed_lines": [], "summary": {"covered_lines": 0, "num_statements": 0, "percent_covered": 100.0, "percent_covered_display": "100", "missing_lines": 0, "excluded_lines": 0, "percent_statements_covered": 100.0, "percent_statements_covered_display": "100"}, "missing_lines": [], "excluded_lines": []}, "WAPITimeoutError": {"executed_lines": [], "summary": {"covered_lines": 0, "num_statements": 0, "percent_covered": 100.0, "percent_covered_display": "100", "missing_lines": 0, "excluded_lines": 0, "percent_statements_covered": 100.0, "percent_statements_covered_display": "100"}, "missing_lines": [], "excluded_lines": []}, "WAPIDNSLookupError": {"executed_lines": [], "summary": {"covered_lines": 0, "num_statements": 0, "percent_covered": 100.0, "percent_covered_display": "100", "missing_lines": 0, "excluded_lines": 0, "percent_statements_covered": 100.0, "percent_statements_covered_display": "100"}, "missing_lines": [], "excluded_lines": []}, "": {"executed_lines": [1, 8, 9, 10, 13, 14, 15, 18, 19, 20, 23, 24, 25, 28, 29, 30, 33, 34, 35, 38, 39, 40, 43, 44, 45], "summary": {"covered_lines": 16, "num_statements": 16, "percent_covered": 100.0, "percent_covered_display": "100", "missing_lines": 0, "excluded_lines": 0, "percent_statements_covered": 100.0, "percent_statements_covered_display": "100"}, "missing_lines": [], "excluded_lines": []}}}, "wapi/utils/__init__.py": {"executed_lines": [1, 7, 8, 15, 16, 21, 22, 23, 29, 31], "summary": {"covered_lines": 9, "num_statements": 9, "percent_covered": 100.0, "percent_covered_display": "100", "missing_lines": 0, "excluded_lines": 0, "percent_statements_covered": 100.0, "percent_statements_covered_display": "100"}, "missing_lines": [], "excluded_lines": [], "functions": {"": {"executed_lines": [1, 7, 8, 15, 16, 21, 22, 23, 29, 31], "summary": {"covered_lines": 9, "num_statements": 9, "percent_covered": 100.0, "percent_covered_display": "100", "missing_lines": 0, "excluded_lines": 0, "percent_statements_covered": 100.0, "percent_statements_covered_display": "100"}, "missing_lines": [], "excluded_lines": []}}, "classes": {"": {"executed_lines": [1, 7, 8, 15, 16, 21, 22, 23, 29, 31], "summary": {"covered_lines": 9, "num_statements": 9, "percent_covered": 100.0, "percent_covered_display": "100", "missing_lines": 0, "excluded_lines": 0, "percent_statements_covered": 100.0, "percent_statements_covered_display": "100"}, "missing_lines": [], "excluded_lines": []}}}, "wapi/utils/aliases.py": {"executed_lines": [1, 9, 40, 50, 51, 52, 55, 56, 58, 59, 61, 64, 71, 74, 81, 82, 83, 84], "summary": {"covered_lines": 17, "num_statements": 17, "percent_covered": 100.0, "percent_covered_display": "100", "missing_lines": 0, "excluded_lines": 0, "percent_statements_covered": 100.0, "percent_statements_covered_display": "100"}, "missing_lines": [], "excluded_lines": [], "functions": {"expand_alias": {"executed_lines": [50, 51, 52, 55, 56, 58, 59, 61], "summary": {"covered_lines": 8, "num_statements": 8, "percent_covered": 100.0, "percent_covered_display": "100", "missing_lines": 0, "excluded_lines": 0, "percent_statements_covered": 100.0, "percent_statements_covered_display": "100"}, "missing_lines": [], "excluded_lines": []}, "get_aliases": {"executed_lines": [71], "summary": {"covered_lines": 1, "num_statements": 1, "percent_covered": 100.0, "percent_covered_display": "100", "missing_lines": 0, "excluded_lines": 0, "percent_statements_covered": 100.0, "percent_statements_covered_display": "100"}, "missing_lines": [], "excluded_lines": []}, "list_aliases": {"executed_lines": [81, 82, 83, 84], "summary": {"covered_lines": 4, "num_statements": 4, "percent_covered": 100.0, "percent_covered_display": "100", "missing_lines": 0, "excluded_lines": 0, "percent_statements_covered": 100.0, "percent_statements_covered_display": "100"}, "missing_lines": [], "excluded_lines": []}, "": {"executed_lines": [1, 9, 40, 64, 74], "summary": {"covered_lines": 4, "num_statements": 4, "percent_covered": 100.0, "percent_covered_display": "100", "missing_lines": 0, "excluded_lines": 0, "percent_statements_covered": 100.0, "percent_statements_covered_display": "100"}, "missing_lines": [], "excluded_lines": []}}, "classes": {"": {"executed_lines": [1, 9, 40, 50, 51, 52, 55, 56, 58, 59, 61, 64, 71, 74, 81, 82, 83, 84], "summary": {"covered_lines": 17, "num_statements": 17, "percent_covered": 100.0, "percent_covered_display": "100", "missing_lines": 0, "excluded_lines": 0, "percent_statements_covered": 100.0, "percent_statements_covered_display": "100"}, "missing_lines": [], "excluded_lines": []}}}, "wapi/utils/batch.py": {"executed_lines": [1, 7, 8, 10, 13, 16, 36, 37, 43, 45, 46, 47, 48, 49, 53, 54, 55, 56, 60, 62, 64, 67, 89, 90, 96, 98, 99, 100, 101, 102, 103, 107, 108, 109, 110, 114, 116, 118, 121, 131, 132, 134, 135, 136, 137, 138, 139, 140, 141, 142, 143, 145, 148, 157, 158, 160, 162, 163, 164, 165, 166, 167, 168, 169, 170, 171, 172, 173, 174, 175, 176, 177, 179, 181, 182, 183, 184], "summary": {"covered_lines": 75, "num_statements": 75, "percent_covered": 100.0, "percent_covered_display": "100", "missing_lines": 0, "excluded_lines": 2, "percent_statements_covered": 100.0, "percent_statements_covered_display": "100"}, "missing_lines": [], "excluded_lines": [10, 11], "functions": {"batch_domain_operation": {"executed_lines": [36, 37, 43, 45, 46, 47, 48, 49, 53, 54, 55, 56, 60, 62, 64], "summary": {"covered_lines": 15, "num_statements": 15, "percent_covered": 100.0, "percent_covered_display": "100", "missing_lines": 0, "excluded_lines": 0, "percent_statements_covered": 100.0, "percent_statements_covered_display": "100"}, "missing_lines": [], "excluded_lines": []}, "batch_dns_operation": {"executed_lines": [89, 90, 96, 98, 99, 100, 101, 102, 103, 107, 108, 109, 110, 114, 116, 118], "summary": {"covered_lines": 16, "num_statements": 16, "percent_covered": 100.0, "percent_covered_display": "100", "missing_lines": 0, "excluded_lines": 0, "percent_statements_covered": 100.0, "percent_statements_covered_display": "100"}, "missing_lines": [], "excluded_lines": []}, "read_domains_from_file": {"executed_lines": [131, 132, 134, 135, 136, 137, 138, 139, 140, 141, 142, 143, 145], "summary": {"covered_lines": 13, "num_statements": 13, "percent_covered": 100.0, "percent_covered_display": "100", "missing_lines": 0, "excluded_lines": 0, "percent_statements_covered": 100.0, "percent_statements_covered_display": "100"}, "missing_lines": [], "excluded_lines": []}, "write_results_to_file": {"executed_lines": [157, 158, 160, 162, 163, 164, 165, 166, 167, 168, 169, 170, 171, 172, 173, 174, 175, 176, 177, 179, 181, 182, 183, 184], "summary": {"covered_lines": 24, "num_statements": 24, "percent_covered": 100.0, "percent_covered_display": "100", "missing_lines": 0, "excluded_lines": 0, "percent_statements_covered": 100.0, "percent_statements_covered_display": "100"}, "missing_lines": [], "excluded_lines": []}, "": {"executed_lines": [1, 7, 8, 10, 13, 16, 67, 121, 148], "summary": {"covered_lines": 7, "num_statements": 7, "percent_covered": 100.0, "percent_covered_display": "100", "missing_lines": 0, "excluded_lines": 2, "percent_statements_covered": 100.0, "percent_statements_covered_display": "100"}, "missing_lines": [], "excluded_lines": [10, 11]}}, "classes": {"": {"executed_lines": [1, 7, 8, 10, 13, 16, 36, 37, 43, 45, 46, 47, 48, 49, 53, 54, 55, 56, 60, 62, 64, 67, 89, 90, 96, 98, 99, 100, 101, 102, 103, 107, 108, 109, 110, 114, 116, 118, 121, 131, 132, 134, 135, 136, 137, 138, 139, 140, 141, 142, 143, 145, 148, 157, 158, 160, 162, 163, 164, 165, 166, 167, 168, 169, 170, 171, 172, 173, 174, 175, 176, 177, 179, 181, 182, 183, 184], "summary": {"covered_lines": 75, "num_statements": 75, "percent_covered": 100.0, "percent_covered_display": "100", "missing_lines": 0, "excluded_lines": 2, "percent_statements_covered": 100.0, "percent_statements_covered_display": "100"}, "missing_lines": [], "excluded_lines": [10, 11]}}}, "wapi/utils/config_wizard.py": {"executed_lines": [1, 7, 8, 9, 10, 12, 15, 25, 27, 28, 29, 30, 31, 32, 33, 35, 38, 39, 40, 41, 42, 44, 45, 48, 49, 50, 51, 52, 53, 54, 57, 58, 59, 60, 61, 62, 63, 64, 65, 66, 67, 70, 71, 72, 73, 74, 75, 76, 78, 79, 80, 81, 82, 83, 84, 87, 88, 89, 90, 91, 92, 93, 95, 96, 97, 98, 99, 102, 104, 105, 106, 107, 108, 109, 110, 112, 114, 115, 116, 117, 120, 124, 125, 126, 127, 128, 129, 130, 131, 132, 133, 134, 138, 139], "summary": {"covered_lines": 91, "num_statements": 91, "percent_covered": 100.0, "percent_covered_display": "100", "missing_lines": 0, "excluded_lines": 2, "percent_statements_covered": 100.0, "percent_statements_covered_display": "100"}, "missing_lines": [], "excluded_lines": [138, 139], "functions": {"run_config_wizard": {"executed_lines": [25, 27, 28, 29, 30, 31, 32, 33, 35, 38, 39, 40, 41, 42, 44, 45, 48, 49, 50, 51, 52, 53, 54, 57, 58, 59, 60, 61, 62, 63, 64, 65, 66, 67, 70, 71, 72, 73, 74, 75, 76, 78, 79, 80, 81, 82, 83, 84, 87, 88, 89, 90, 91, 92, 93, 95, 96, 97, 98, 99, 102, 104, 105, 106, 107, 108, 109, 110, 112, 114, 115, 116, 117], "summary": {"covered_lines": 73, "num_statements": 73, "percent_covered": 100.0, "percent_covered_display": "100", "missing_lines": 0, "excluded_lines": 0, "percent_statements_covered": 100.0, "percent_statements_covered_display": "100"}, "missing_lines": [], "excluded_lines": []}, "save_config": {"executed_lines": [124, 125, 126, 127, 128, 129, 130, 131, 132, 133, 134], "summary": {"covered_lines": 11, "num_statements": 11, "percent_covered": 100.0, "percent_covered_display": "100", "missing_lines": 0, "excluded_lines": 0, "percent_statements_covered": 100.0, "percent_statements_covered_display": "100"}, "missing_lines": [], "excluded_lines": []}, "": {"executed_lines": [1, 7, 8, 9, 10, 12, 15, 120, 138, 139], "summary": {"covered_lines": 7, "num_statements": 7, "percent_covered": 100.0, "percent_covered_display": "100", "missing_lines": 0, "excluded_lines": 2, "percent_statements_covered": 100.0, "percent_statements_covered_display": "100"}, "missing_lines": [], "excluded_lines": [138, 139]}}, "classes": {"WedosAPIClient": {"executed_lines": [], "summary": {"covered_lines": 0, "num_statements": 0, "percent_covered": 100.0, "percent_covered_display": "100", "missing_lines": 0, "excluded_lines": 0, "percent_statements_covered": 100.0, "percent_statements_covered_display": "100"}, "missing_lines": [], "excluded_lines": []}, "": {"executed_lines": [1, 7, 8, 9, 10, 12, 15, 25, 27, 28, 29, 30, 31, 32, 33, 35, 38, 39, 40, 41, 42, 44, 45, 48, 49, 50, 51, 52, 53, 54, 57, 58, 59, 60, 61, 62, 63, 64, 65, 66, 67, 70, 71, 72, 73, 74, 75, 76, 78, 79, 80, 81, 82, 83, 84, 87, 88, 89, 90, 91, 92, 93, 95, 96, 97, 98, 99, 102, 104, 105, 106, 107, 108, 109, 110, 112, 114, 115, 116, 117, 120, 124, 125, 126, 127, 128, 129, 130, 131, 132, 133, 134, 138, 139], "summary": {"covered_lines": 91, "num_statements": 91, "percent_covered": 100.0, "percent_covered_display": "100", "missing_lines": 0, "excluded_lines": 2, "percent_statements_covered": 100.0, "percent_statements_covered_display": "100"}, "missing_lines": [], "excluded_lines": [138, 139]}}}, "wapi/utils/dns_lookup.py": {"executed_lines": [1, 7, 8, 9, 11, 12, 13, 16, 17, 18, 23, 29, 32, 34, 37, 52, 53, 55, 57, 60, 61, 62, 63, 64, 65, 68, 69, 70, 71, 72, 73, 74, 75, 77, 78, 79, 80, 82, 83, 84, 85, 86, 87, 88, 89, 92, 93, 94, 95, 97, 98, 99, 100, 102, 103, 104, 105, 107, 108, 109, 110, 111, 114, 117, 132, 133, 136, 137, 138, 139, 140, 141, 142, 143, 145, 146, 147, 148, 150, 151, 152, 153, 154, 155, 156, 157, 160, 161, 162, 163, 164, 166, 167, 168, 169, 171, 172, 173, 174, 176, 179, 180, 181, 182, 184, 185, 188, 204, 206, 207, 208, 211, 212, 213, 216, 217, 218, 221, 222, 223, 224, 225, 226, 228, 229, 230, 231, 232, 233, 234, 235, 236, 237, 238], "summary": {"covered_lines": 113, "num_statements": 113, "percent_covered": 100.0, "percent_covered_display": "100", "missing_lines": 0, "excluded_lines": 23, "percent_statements_covered": 100.0, "percent_statements_covered_display": "100"}, "missing_lines": [], "excluded_lines": [19, 20, 63, 64, 65, 92, 93, 94, 95, 97, 98, 99, 100, 101, 102, 103, 173, 174, 179, 180, 181, 182, 185], "functions": {"_timeout_handler": {"executed_lines": [34], "summary": {"covered_lines": 1, "num_statements": 1, "percent_covered": 100.0, "percent_covered_display": "1
[...]
 173, 174, 179, 180, 181, 182, 185]}}}, "wapi/utils/formatters.py": {"executed_lines": [1, 7, 8, 10, 11, 13, 14, 15, 17, 18, 20, 21, 22, 24, 27, 38, 40, 41, 42, 43, 44, 45, 46, 47, 48, 50, 51, 52, 53, 54, 55, 56, 57, 59, 60, 61, 62, 64, 67, 78, 81, 93, 94, 95, 96, 97, 98, 99, 100, 101, 102, 103, 104, 105, 107, 109, 110, 111, 112, 113, 114, 115, 118, 128, 129, 131, 134, 146, 147, 149, 151, 152, 153, 154, 155, 156, 157, 159, 161, 162, 163, 164, 165, 166, 167, 168], "summary": {"covered_lines": 85, "num_statements": 85, "percent_covered": 100.0, "percent_covered_display": "100", "missing_lines": 0, "excluded_lines": 0, "percent_statements_covered": 100.0, "percent_statements_covered_display": "100"}, "missing_lines": [], "excluded_lines": [], "functions": {"format_table": {"executed_lines": [38, 40, 41, 42, 43, 44, 45, 46, 47, 48, 50, 51, 52, 53, 54, 55, 56, 57, 59, 60, 61, 62, 64], "summary": {"covered_lines": 23, "num_statements": 23, "percent_covered": 100.0, "percent_covered_display": "100", "missing_lines": 0, "excluded_lines": 0, "percent_statements_covered": 100.0, "percent_statements_covered_display": "100"}, "missing_lines": [], "excluded_lines": []}, "format_json": {"executed_lines": [78], "summary": {"covered_lines": 1, "num_statements": 1, "percent_covered": 100.0, "percent_covered_display": "100", "missing_lines": 0, "excluded_lines": 0, "percent_statements_covered": 100.0, "percent_statements_covered_display": "100"}, "missing_lines": [], "excluded_lines": []}, "format_xml": {"executed_lines": [93, 109, 110, 111, 112, 113, 114, 115], "summary": {"covered_lines": 8, "num_statements": 8, "percent_covered": 100.0, "percent_covered_display": "100", "missing_lines": 0, "excluded_lines": 0, "percent_statements_covered": 100.0, "percent_statements_covered_display": "100"}, "missing_lines": [], "excluded_lines": []}, "format_xml._to_xml": {"executed_lines": [94, 95, 96, 97, 98, 99, 100, 101, 102, 103, 104, 105, 107], "summary": {"covered_lines": 13, "num_statements": 13, "percent_covered": 100.0, "percent_covered_display": "100", "missing_lines": 0, "excluded_lines": 0, "percent_statements_covered": 100.0, "percent_statements_covered_display": "100"}, "missing_lines": [], "excluded_lines": []}, "format_yaml": {"executed_lines": [128, 129, 131], "summary": {"covered_lines": 3, "num_statements": 3, "percent_covered": 100.0, "percent_covered_display": "100", "missing_lines": 0, "excluded_lines": 0, "percent_statements_covered": 100.0, "percent_statements_covered_display": "100"}, "missing_lines": [], "excluded_lines": []}, "format_output": {"executed_lines": [146, 147, 149, 151, 152, 153, 154, 155, 156, 157, 159, 161, 162, 163, 164, 165, 166, 167, 168], "summary": {"covered_lines": 19, "num_statements": 19, "percent_covered": 100.0, "percent_covered_display": "100", "missing_lines": 0, "excluded_lines": 0, "percent_statements_covered": 100.0, "percent_statements_covered_display": "100"}, "missing_lines": [], "excluded_lines": []}, "": {"executed_lines": [1, 7, 8, 10, 11, 13, 14, 15, 17, 18, 20, 21, 22, 24, 27, 67, 81, 118, 134], "summary": {"covered_lines": 18, "num_statements": 18, "percent_covered": 100.0, "percent_covered_display": "100", "missing_lines": 0, "excluded_lines": 0, "percent_statements_covered": 100.0, "percent_statements_covered_display": "100"}, "missing_lines": [], "excluded_lines": []}}, "classes": {"": {"executed_lines": [1, 7, 8, 10, 11, 13, 14, 15, 17, 18, 20, 21, 22, 24, 27, 38, 40, 41, 42, 43, 44, 45, 46, 47, 48, 50, 51, 52, 53, 54, 55, 56, 57, 59, 60, 61, 62, 64, 67, 78, 81, 93, 94, 95, 96, 97, 98, 99, 100, 101, 102, 103, 104, 105, 107, 109, 110, 111, 112, 113, 114, 115, 118, 128, 129, 131, 134, 146, 147, 149, 151, 152, 153, 154, 155, 156, 157, 159, 161, 162, 163, 164, 165, 166, 167, 168], "summary": {"covered_lines": 85, "num_statements": 85, "percent_covered": 100.0, "percent_covered_display": "100", "missing_lines": 0, "excluded_lines": 0, "percent_statements_covered": 100.0, "percent_statements_covered_display": "100"}, "missing_lines": [], "excluded_lines": []}}}, "wapi/utils/interactive.py": {"executed_lines": [1, 7, 8, 10, 13, 16, 17, 24, 31, 32, 33, 34, 36, 38, 39, 40, 41, 44, 45, 47, 48, 49, 51, 52, 53, 55, 56, 59, 62, 64, 65, 66, 67, 68, 69, 71, 72, 73, 74, 75, 76, 77, 80, 81, 82, 84, 85, 86, 87, 89, 91, 93, 94, 95, 97, 98, 100, 101, 102, 103, 104, 105, 106, 107, 108, 109, 110, 111, 112, 113, 114, 115, 116, 117, 118, 119, 120, 121, 123, 124, 126, 128, 162, 164, 166, 167, 168, 170, 171, 172, 174, 176, 177, 178, 179, 181, 182, 184, 185, 186, 188, 190, 191, 192, 194, 195, 196, 198, 200, 201, 202, 204, 205, 206, 208, 210, 211, 212, 214, 215, 216, 218, 220, 221, 222, 224, 225, 226, 228, 230, 231, 232, 234, 235, 236, 239, 250, 251], "summary": {"covered_lines": 128, "num_statements": 128, "percent_covered": 100.0, "percent_covered_display": "100", "missing_lines": 0, "excluded_lines": 9, "percent_statements_covered": 100.0, "percent_statements_covered_display": "100"}, "missing_lines": [], "excluded_lines": [10, 11, 74, 75, 76, 77, 80, 81, 82], "functions": {"WAPIInteractiveShell.__init__": {"executed_lines": [31, 32, 33, 34], "summary": {"covered_lines": 4, "num_statements": 4, "percent_covered": 100.0, "percent_covered_display": "100", "missing_lines": 0, "excluded_lines": 0, "percent_statements_covered": 100.0, "percent_statements_covered_display": "100"}, "missing_lines": [], "excluded_lines": []}, "WAPIInteractiveShell.run": {"executed_lines": [38, 39, 40, 41, 44, 45, 47, 48, 49, 51, 52, 53, 55, 56, 59, 62, 64, 65, 66, 67, 68, 69, 71, 72, 73, 74, 75, 76, 77, 80, 81, 82, 84, 85, 86, 87, 89], "summary": {"covered_lines": 30, "num_statements": 30, "percent_covered": 100.0, "percent_covered_display": "100", "missing_lines": 0, "excluded_lines": 7, "percent_statements_covered": 100.0, "percent_statements_covered_display": "100"}, "missing_lines": [], "excluded_lines": [74, 75, 76, 77, 80, 81, 82]}, "WAPIInteractiveShell._execute_command": {"executed_lines": [93, 94, 95, 97, 98, 100, 101, 102, 103, 104, 105, 106, 107, 108, 109, 110, 111, 112, 113, 114, 115, 116, 117, 118, 119, 120, 121, 123, 124], "summary": {"covered_lines": 29, "num_statements": 29, "percent_covered": 100.0, "percent_covered_display": "100", "missing_lines": 0, "excluded_lines": 0, "percent_statements_covered": 100.0, "percent_statements_covered_display": "100"}, "missing_lines": [], "excluded_lines": []}, "WAPIInteractiveShell._show_help": {"executed_lines": [128, 162], "summary": {"covered_lines": 2, "num_statements": 2, "percent_covered": 100.0, "percent_covered_display": "100", "missing_lines": 0, "excluded_lines": 0, "percent_statements_covered": 100.0, "percent_statements_covered_display": "100"}, "missing_lines": [], "excluded_lines": []}, "WAPIInteractiveShell._show_history": {"executed_lines": [166, 167, 168, 170, 171, 172], "summary": {"covered_lines": 6, "num_statements": 6, "percent_covered": 100.0, "percent_covered_display": "100", "missing_lines": 0, "excluded_lines": 0, "percent_statements_covered": 100.0, "percent_statements_covered_display": "100"}, "missing_lines": [], "excluded_lines": []}, "WAPIInteractiveShell._cmd_ping": {"executed_lines": [176, 177, 178, 179, 181, 182, 184, 185, 186], "summary": {"covered_lines": 9, "num_statements": 9, "percent_covered": 100.0, "percent_covered_display": "100", "missing_lines": 0, "excluded_lines": 0, "percent_statements_covered": 100.0, "percent_statements_covered_display": "100"}, "missing_lines": [], "excluded_lines": []}, "WAPIInteractiveShell._cmd_domain": {"executed_lines": [190, 191, 192, 194, 195, 196], "summary": {"covered_lines": 6, "num_statements": 6, "percent_covered": 100.0, "percent_covered_display": "100", "missing_lines": 0, "excluded_lines": 0, "percent_statements_covered": 100.0, "percent_statements_covered_display": "100"}, "missing_lines": [], "excluded_lines": []}, "WAPIInteractiveShell._cmd_dns": {"executed_lines": [200, 201, 202, 204, 205, 206], "summary": {"covered_lines": 6, "num_statements": 6, "percent_covered": 100.0, "percent_covered_display": "100", "missing_lines": 0, "excluded_lines": 0, "percent_statements_covered": 100.0, "percent_statements_covered_display": "100"}, "missing_lines": [], "excluded_lines": []}, "WAPIInteractiveShell._cmd_nsset": {"executed_lines": [210, 211, 212, 214, 215, 216], "summary": {"covered_lines": 6, "num_statements": 6, "percent_covered": 100.0, "percent_covered_display": "100", "missing_lines": 0, "excluded_lines": 0, "percent_statements_covered": 100.0, "percent_statements_covered_display": "100"}, "missing_lines": [], "excluded_lines": []}, "WAPIInteractiveShell._cmd_contact": {"executed_lines": [220, 221, 222, 224, 225, 226], "summary": {"covered_lines": 6, "num_statements": 6, "percent_covered": 100.0, "percent_covered_display": "100", "missing_lines": 0, "excluded_lines": 0, "percent_statements_covered": 100.0, "percent_statements_covered_display": "100"}, "missing_lines": [], "excluded_lines": []}, "WAPIInteractiveShell._cmd_config": {"executed_lines": [230, 231, 232, 234, 235, 236], "summary": {"covered_lines": 6, "num_statements": 6, "percent_covered": 100.0, "percent_covered_display": "100", "missing_lines": 0, "excluded_lines": 0, "percent_statements_covered": 100.0, "percent_statements_covered_display": "100"}, "missing_lines": [], "excluded_lines": []}, "start_interactive_mode": {"executed_lines": [250, 251], "summary": {"covered_lines": 2, "num_statements": 2, "percent_covered": 100.0, "percent_covered_display": "100", "missing_lines": 0, "excluded_lines": 0, "percent_statements_covered": 100.0, "percent_statements_covered_display": "100"}, "missing_lines": [], "excluded_lines": []}, "": {"executed_lines": [1, 7, 8, 10, 13, 16, 17, 24, 36, 91, 126, 164, 174, 188, 198, 208, 218, 228, 239], "summary": {"covered_lines": 16, "num_statements": 16, "percent_covered": 100.0, "percent_covered_display": "100", "missing_lines": 0, "excluded_lines": 2, "percent_statements_covered": 100.0, "percent_statements_covered_display": "100"}, "missing_lines": [], "excluded_lines": [10, 11]}}, "classes": {"WAPIInteractiveShell": {"executed_lines": [31, 32, 33, 34, 38, 39, 40, 41, 44, 45, 47, 48, 49, 51, 52, 53, 55, 56, 59, 62, 64, 65, 66, 67, 68, 69, 71, 72, 73, 74, 75, 76, 77, 80, 81, 82, 84, 85, 86, 87, 89, 93, 94, 95, 97, 98, 100, 101, 102, 103, 104, 105, 106, 107, 108, 109, 110, 111, 112, 113, 114, 115, 116, 117, 118, 119, 120, 121, 123, 124, 128, 162, 166, 167, 168, 170, 171, 172, 176, 177, 178, 179, 181, 182, 184, 185, 186, 190, 191, 192, 194, 195, 196, 200, 201, 202, 204, 205, 206, 210, 211, 212, 214, 215, 216, 220, 221, 222, 224, 225, 226, 230, 231, 232, 234, 235, 236], "summary": {"covered_lines": 110, "num_statements": 110, "percent_covered": 100.0, "percent_covered_display": "100", "missing_lines": 0, "excluded_lines": 7, "percent_statements_covered": 100.0, "percent_statements_covered_display": "100"}, "missing_lines": [], "excluded_lines": [74, 75, 76, 77, 80, 81, 82]}, "": {"executed_lines": [1, 7, 8, 10, 13, 16, 17, 24, 36, 91, 126, 164, 174, 188, 198, 208, 218, 228, 239, 250, 251], "summary": {"covered_lines": 18, "num_statements": 18, "percent_covered": 100.0, "percent_covered_display": "100", "missing_lines": 0, "excluded_lines": 2, "percent_statements_covered": 100.0, "percent_statements_covered_display": "100"}, "missing_lines": [], "excluded_lines": [10, 11]}}}, "wapi/utils/logger.py": {"executed_lines": [1, 11, 12, 13, 14, 15, 19, 22, 43, 44, 45, 46, 47, 48, 50, 53, 54, 57, 60, 61, 64, 65, 70, 74, 75, 78, 79, 81, 82, 83, 86, 92, 95, 99, 100, 102, 103, 104, 105, 106, 108, 109, 112, 122, 123, 124, 127, 129, 131, 132, 133, 134, 135, 137, 140, 141, 143, 146, 148, 149, 150, 151, 152, 153, 155, 158, 160, 163, 165, 166, 168, 171, 173, 174, 176, 178, 180, 182, 184, 186, 188, 191, 200, 201, 203], "summary": {"covered_lines": 84, "num_statements": 84, "percent_covered": 100.0, "percent_covered_display": "100", "missing_lines": 0, "excluded_lines": 0, "percent_statements_covered": 100.0, "percent_statements_covered_display": "100"}, "missing_lines": [], "excluded_lines": [], "functions": {"setup_logging": {"executed_lines": [43, 44, 45, 46, 47, 48, 50, 53, 54, 57, 60, 61, 64, 65, 70, 74, 75, 78, 79, 81, 82, 83, 86, 92, 95, 99, 100, 102, 103, 104, 105, 106, 108, 109], "summary": {"covered_lines": 34, "num_statements": 34, "percent_covered": 100.0, "percent_covered_display": "100", "missing_lines": 0, "excluded_lines": 0, "percent_statements_covered": 100.0, "percent_statements_covered_display": "100"}, "missing_lines": [], "excluded_lines": []}, "get_logger": {"executed_lines": [122, 123, 124], "summary": {"covered_lines": 3, "num_statements": 3, "percent_covered": 100.0, "percent_covered_display": "100", "missing_lines": 0, "excluded_lines": 0, "percent_statements_covered": 100.0, "percent_statements_covered_display": "100"}, "missing_lines": [], "excluded_lines": []}, "log_api_request": {"executed_lines": [129, 131, 132, 133, 134, 135, 137, 140, 141, 143], "summary": {"covered_lines": 10, "num_statements": 10, "percent_covered": 100.0, "percent_covered_display": "100", "missing_lines": 0, "excluded_lines": 0, "percent_statements_covered": 100.0, "percent_statements_covered_display": "100"}, "missing_lines": [], "excluded_lines": []}, "log_api_response": {"executed_lines": [148, 149, 150, 151, 152, 153, 155], "summary": {"covered_lines": 7, "num_statements": 7, "percent_covered": 100.0, "percent_covered_display": "100", "missing_lines": 0, "excluded_lines": 0, "percent_statements_covered": 100.0, "percent_statements_covered_display": "100"}, "missing_lines": [], "excluded_lines": []}, "log_validation_error": {"executed_lines": [160], "summary": {"covered_lines": 1, "num_statements": 1, "percent_covered": 100.0, "percent_covered_display": "100", "missing_lines": 0, "excluded_lines": 0, "percent_statements_covered": 100.0, "percent_statements_covered_display": "100"}, "missing_lines": [], "excluded_lines": []}, "log_operation_start": {"executed_lines": [165, 166, 168], "summary": {"covered_lines": 3, "num_statements": 3, "percent_covered": 100.0, "percent_covered_display": "100", "missing_lines": 0, "excluded_lines": 0, "percent_statements_covered": 100.0, "percent_statements_covered_display": "100"}, "missing_lines": [], "excluded_lines": []}, "log_operation_complete": {"executed_lines": [173, 174, 176, 178, 180, 182, 184, 186, 188], "summary": {"covered_lines": 9, "num_statements": 9, "percent_covered": 100.0, "percent_covered_display": "100", "missing_lines": 0, "excluded_lines": 0, "percent_statements_covered": 100.0, "percent_statements_covered_display": "100"}, "missing_lines": [], "excluded_lines": []}, "log_exception": {"executed_lines": [200, 201, 203], "summary": {"covered_lines": 3, "num_statements": 3, "percent_covered": 100.0, "percent_covered_display": "100", "missing_lines": 0, "excluded_lines": 0, "percent_statements_covered": 100.0, "percent_statements_covered_display": "100"}, "missing_lines": [], "excluded_lines": []}, "": {"executed_lines": [1, 11, 12, 13, 14, 15, 19, 22, 112, 127, 146, 158, 163, 171, 191], "summary": {"covered_lines": 14, "num_statements": 14, "percent_covered": 100.0, "percent_covered_display": "100", "missing_lines": 0, "excluded_lines": 0, "percent_statements_covered": 100.0, "percent_statements_covered_display": "100"}, "missing_lines": [], "excluded_lines": []}}, "classes": {"": {"executed_lines": [1, 11, 12, 13, 14, 15, 19, 22, 43, 44, 45, 46, 47, 48, 50, 53, 54, 57, 60, 61, 64, 65, 70, 74, 75, 78, 79, 81, 82, 83, 86, 92, 95, 99, 100, 102, 103, 104, 105, 106, 108, 109, 112, 122, 123, 124, 127, 129, 131, 132, 133, 134, 135, 137, 140, 141, 143, 146, 148, 149, 150, 151, 152, 153, 155, 158, 160, 163, 165, 166, 168, 171, 173, 174, 176, 178, 180, 182, 184, 186, 188, 191, 200, 201, 203], "summary": {"covered_lines": 84, "num_statements": 84, "percent_covered": 100.0, "percent_covered_display": "100", "missing_lines": 0, "excluded_lines": 0, "percent_statements_covered": 100.0, "percent_statements_covered_display": "100"}, "missing_lines": [], "excluded_lines": []}}}, "wapi/utils/validators.py": {"executed_lines": [1, 7, 8, 10, 13, 29, 31, 32, 33, 35, 36, 39, 40, 43, 44, 47, 48, 49, 51, 52, 55, 71, 72, 74, 75, 76, 78, 79, 80, 81, 82, 83, 84, 86, 89, 105, 106, 110, 112, 113, 114, 117, 118, 120, 123, 139, 140, 143, 144, 145, 147, 148, 151, 152, 154, 157, 158, 160, 161, 163, 166, 167, 168, 169, 172, 173, 174, 175, 177, 183, 186, 196, 197, 200, 201, 202, 204], "summary": {"covered_lines": 76, "num_statements": 76, "percent_covered": 100.0, "percent_covered_display": "100", "missing_lines": 0, "excluded_lines": 0, "percent_statements_covered": 100.0, "percent_statements_covered_display": "100"}, "missing_lines": [], "excluded_lines": [], "functions": {"validate_domain": {"executed_lines": [29, 31, 32, 33, 35, 36, 39, 40, 43, 44, 47, 48, 49, 51, 52], "summary": {"covered_lines": 15, "num_statements": 15, "percent_covered": 100.0, "percent_covered_display": "100", "missing_lines": 0, "excluded_lines": 0, "percent_statements_covered": 100.0, "percent_statements_covered_display": "100"}, "missing_lines": [], "excluded_lines": []}, "validate_ipv4": {"executed_lines": [71, 72, 74, 75, 76, 78, 79, 80, 81, 82, 83, 84, 86], "summary": {"covered_lines": 13, "num_statements": 13, "percent_covered": 100.0, "percent_covered_display": "100", "missing_lines": 0, "excluded_lines": 0, "percent_statements_covered": 100.0, "percent_statements_covered_display": "100"}, "missing_lines": [], "excluded_lines": []}, "validate_ipv6": {"executed_lines": [105, 106, 110, 112, 113, 114, 117, 118, 120], "summary": {"covered_lines": 9, "num_statements": 9, "percent_covered": 100.0, "percent_covered_display": "100", "missing_lines": 0, "excluded_lines": 0, "percent_statements_covered": 100.0, "percent_statements_covered_display": "100"}, "missing_lines": [], "excluded_lines": []}, "validate_nameserver": {"executed_lines": [139, 140, 143, 144, 145, 147, 148, 151, 152, 154, 157, 158, 160, 161, 163, 166, 167, 168, 169, 172, 173, 174, 175, 177, 183], "summary": {"covered_lines": 25, "num_statements": 25, "percent_covered": 100.0, "percent_covered_display": "100", "missing_lines": 0, "excluded_lines": 0, "percent_statements_covered": 100.0, "percent_statements_covered_display": "100"}, "missing_lines": [], "excluded_lines": []}, "validate_email": {"executed_lines": [196, 197, 200, 201, 202, 204], "summary": {"covered_lines": 6, "num_statements": 6, "percent_covered": 100.0, "percent_covered_display": "100", "missing_lines": 0, "excluded_lines": 0, "percent_statements_covered": 100.0, "percent_statements_covered_display": "100"}, "missing_lines": [], "excluded_lines": []}, "": {"executed_lines": [1, 7, 8, 10, 13, 55, 89, 123, 186], "summary": {"covered_lines": 8, "num_statements": 8, "percent_covered": 100.0, "percent_covered_display": "100", "missing_lines": 0, "excluded_lines": 0, "percent_statements_covered": 100.0, "percent_statements_covered_display": "100"}, "missing_lines": [], "excluded_lines": []}}, "classes": {"": {"executed_lines": [1, 7, 8, 10, 13, 29, 31, 32, 33, 35, 36, 39, 40, 43, 44, 47, 48, 49, 51, 52, 55, 71, 72, 74, 75, 76, 78, 79, 80, 81, 82, 83, 84, 86, 89, 105, 106, 110, 112, 113, 114, 117, 118, 120, 123, 139, 140, 143, 144, 145, 147, 148, 151, 152, 154, 157, 158, 160, 161, 163, 166, 167, 168, 169, 172, 173, 174, 175, 177, 183, 186, 196, 197, 200, 201, 202, 204], "summary": {"covered_lines": 76, "num_statements": 76, "percent_covered": 100.0, "percent_covered_display": "100", "missing_lines": 0, "excluded_lines": 0, "percent_statements_covered": 100.0, "percent_statements_covered_display": "100"}, "missing_lines": [], "excluded_lines": []}}}}, "totals": {"covered_lines": 2531, "num_statements": 2531, "percent_covered": 100.0, "percent_covered_display": "100", "missing_lines": 0, "excluded_lines": 92, "percent_statements_covered": 100.0, "percent_statements_covered_display": "100"}}