{"meta": {"format": 3, "version": "7.12.0", "timestamp": "2025-12-06T09:15:57.679073", "branch_coverage": false, "show_contexts": false}, "files": {"wapi/__init__.py": {"executed_lines": [1, 7, 8, 9, 12, 13, 14, 25], "summary": {"covered_lines": 7, "num_statements": 7, "percent_covered": 100.0, "percent_covered_display": "100", "missing_lines": 0, "excluded_lines": 0, "percent_statements_covered": 100.0, "percent_statements_covered_display": "100"}, "missing_lines": [], "excluded_lines": [], "functions": {"": {"executed_lines": [1, 7, 8, 9, 12, 13, 14, 25], "summary": {"covered_lines": 7, "num_statements": 7, "percent_covered": 100.0, "percent_covered_display": "100", "missing_lines": 0, "excluded_lines": 0, "percent_statements_covered": 100.0, "percent_statements_covered_display": "100"}, "missing_lines": [], "excluded_lines": []}}, "classes": {"": {"executed_lines": [1, 7, 8, 9, 12, 13, 14, 25], "summary": {"covered_lines": 7, "num_statements": 7, "percent_covered": 100.0, "percent_covered_display": "100", "missing_lines": 0, "excluded_lines": 0, "percent_statements_covered": 100.0, "percent_statements_covered_display": "100"}, "missing_lines": [], "excluded_lines": []}}}, "wapi/__main__.py": {"executed_lines": [], "summary": {"covered_lines": 0, "num_statements": 1, "percent_covered": 0.0, "percent_covered_display": "0", "missing_lines": 1, "excluded_lines": 2, "percent_statements_covered": 0.0, "percent_statements_covered_display": "0"}, "missing_lines": [5], "excluded_lines": [7, 8], "functions": {"": {"executed_lines": [], "summary": {"covered_lines": 0, "num_statements": 1, "percent_covered": 0.0, "percent_covered_display": "0", "missing_lines": 1, "excluded_lines": 2, "percent_statements_covered": 0.0, "percent_statements_covered_display": "0"}, "missing_lines": [5], "excluded_lines": [7, 8]}}, "classes": {"": {"executed_lines": [], "summary": {"covered_lines": 0, "num_statements": 1, "percent_covered": 0.0, "percent_covered_display": "0", "missing_lines": 1, "excluded_lines": 2, "percent_statements_covered": 0.0, "percent_statements_covered_display": "0"}, "missing_lines": [5], "excluded_lines": [7, 8]}}}, "wapi/api/__init__.py": {"executed_lines": [1, 7, 8, 10], "summary": {"covered_lines": 3, "num_statements": 3, "percent_covered": 100.0, "percent_covered_display": "100", "missing_lines": 0, "excluded_lines": 0, "percent_statements_covered": 100.0, "percent_statements_covered_display": "100"}, "missing_lines": [], "excluded_lines": [], "functions": {"": {"executed_lines": [1, 7, 8, 10], "summary": {"covered_lines": 3, "num_statements": 3, "percent_covered": 100.0, "percent_covered_display": "100", "missing_lines": 0, "excluded_lines": 0, "percent_statements_covered": 100.0, "percent_statements_covered_display": "100"}, "missing_lines": [], "excluded_lines": []}}, "classes": {"": {"executed_lines": [1, 7, 8, 10], "summary": {"covered_lines": 3, "num_statements": 3, "percent_covered": 100.0, "percent_covered_display": "100", "missing_lines": 0, "excluded_lines": 0, "percent_statements_covered": 100.0, "percent_statements_covered_display": "100"}, "missing_lines": [], "excluded_lines": []}}}, "wapi/api/auth.py": {"executed_lines": [1, 7, 8, 9, 11, 12, 13, 15, 17, 20, 32, 33, 34, 38, 40, 41, 42, 45, 46, 47, 48, 67, 70, 73, 74, 76, 79, 90, 91, 93, 94, 96, 97, 99, 100, 102], "summary": {"covered_lines": 35, "num_statements": 35, "percent_covered": 100.0, "percent_covered_display": "100", "missing_lines": 0, "excluded_lines": 0, "percent_statements_covered": 100.0, "percent_statements_covered_display": "100"}, "missing_lines": [], "excluded_lines": [], "functions": {"get_prague_hour": {"executed_lines": [32, 33, 34, 38, 40, 41, 42], "summary": {"covered_lines": 7, "num_statements": 7, "percent_covered": 100.0, "percent_covered_display": "100", "missing_lines": 0, "excluded_lines": 0, "percent_statements_covered": 100.0, "percent_statements_covered_display": "100"}, "missing_lines": [], "excluded_lines": []}, "calculate_auth": {"executed_lines": [46, 47, 48, 67, 70, 73, 74, 76], "summary": {"covered_lines": 8, "num_statements": 8, "percent_covered": 100.0, "percent_covered_display": "100", "missing_lines": 0, "excluded_lines": 0, "percent_statements_covered": 100.0, "percent_statements_covered_display": "100"}, "missing_lines": [], "excluded_lines": []}, "validate_credentials": {"executed_lines": [90, 91, 93, 94, 96, 97, 99, 100, 102], "summary": {"covered_lines": 9, "num_statements": 9, "percent_covered": 100.0, "percent_covered_display": "100", "missing_lines": 0, "excluded_lines": 0, "percent_statements_covered": 100.0, "percent_statements_covered_display": "100"}, "missing_lines": [], "excluded_lines": []}, "": {"executed_lines": [1, 7, 8, 9, 11, 12, 13, 15, 17, 20, 45, 79], "summary": {"covered_lines": 11, "num_statements": 11, "percent_covered": 100.0, "percent_covered_display": "100", "missing_lines": 0, "excluded_lines": 0, "percent_statements_covered": 100.0, "percent_statements_covered_display": "100"}, "missing_lines": [], "excluded_lines": []}}, "classes": {"": {"executed_lines": [1, 7, 8, 9, 11, 12, 13, 15, 17, 20, 32, 33, 34, 38, 40, 41, 42, 45, 46, 47, 48, 67, 70, 73, 74, 76, 79, 90, 91, 93, 94, 96, 97, 99, 100, 102], "summary": {"covered_lines": 35, "num_statements": 35, "percent_covered": 100.0, "percent_covered_display": "100", "missing_lines": 0, "excluded_lines": 0, "percent_statements_covered": 100.0, "percent_statements_covered_display": "100"}, "missing_lines": [], "excluded_lines": []}}}, "wapi/api/client.py": {"executed_lines": [1, 8, 9, 10, 11, 12, 13, 15, 17, 18, 23, 26, 27, 29, 39, 40, 41, 42, 43, 45, 47, 49, 51, 53, 54, 56, 57, 58, 59, 60, 62, 66, 68, 84, 101, 103, 104, 120, 121, 122, 123, 125, 150, 161, 163, 165, 195, 196, 197, 198, 204, 205, 206, 207, 208, 209, 210, 211, 212, 213, 214, 215, 224, 234, 236, 301, 308, 310, 335, 337, 338, 340, 343, 344, 345, 348, 349, 350, 351, 353, 356, 357, 358, 360, 363, 365, 366, 367, 369, 371, 375, 376, 377, 380, 381, 382], "summary": {"covered_lines": 94, "num_statements": 185, "percent_covered": 50.810810810810814, "percent_covered_display": "51", "missing_lines": 91, "excluded_lines": 0, "percent_statements_covered": 50.810810810810814, "percent_statements_covered_display": "51"}, "missing_lines": [63, 64, 70, 71, 72, 73, 74, 75, 76, 77, 78, 80, 82, 86, 87, 89, 96, 97, 99, 105, 108, 109, 112, 113, 114, 117, 119, 127, 129, 131, 132, 133, 136, 137, 138, 140, 142, 143, 144, 146, 148, 166, 167, 168, 169, 175, 176, 177, 178, 179, 180, 181, 182, 183, 184, 185, 186, 189, 190, 191, 193, 218, 219, 220, 222, 249, 251, 255, 256, 258, 259, 262, 263, 264, 265, 266, 269, 276, 277, 279, 281, 282, 285, 288, 292, 294, 341, 352, 359, 368, 372], "excluded_lines": [], "functions": {"WedosAPIClient.__init__": {"executed_lines": [39, 40, 41, 42, 43, 45], "summary": {"covered_lines": 6, "num_statements": 6, "percent_covered": 100.0, "percent_covered_display": "100", "missing_lines": 0, "excluded_lines": 0, "percent_statements_covered": 100.0, "percent_statements_covered_display": "100"}, "missing_lines": [], "excluded_lines": []}, "WedosAPIClient._calculate_auth": {"executed_lines": [49], "summary": {"covered_lines": 1, "num_statements": 1, "percent_covered": 100.0, "percent_covered_display": "100", "missing_lines": 0, "excluded_lines": 0, "percent_statements_covered": 100.0, "percent_statements_covered_display": "100"}, "missing_lines": [], "excluded_lines": []}, "WedosAPIClient._build_xml_request": {"executed_lines": [53, 54, 56, 57, 58, 59, 60, 62, 66], "summary": {"covered_lines": 9, "num_statements": 11, "percent_covered": 81.81818181818181, "percent_covered_display": "82", "missing_lines": 2, "excluded_lines": 0, "percent_statements_covered": 81.81818181818181, "percent_statements_covered_display": "82"}, "missing_lines": [63, 64], "excluded_lines": []}, "WedosAPIClient._build_xml_data": {"executed_lines": [], "summary": {"covered_lines": 0, "num_statements": 11, "percent_covered": 0.0, "percent_covered_display": "0", "missing_lines": 11, "excluded_lines": 0, "percent_statements_covered": 0.0, "percent_statements_covered_display": "0"}, "missing_lines": [70, 71, 72, 73, 74, 75, 76, 77, 78, 80, 82], "excluded_lines": []}, "WedosAPIClient._build_json_request": {"executed_lines": [], "summary": {"covered_lines": 0, "num_statements": 6, "percent_covered": 0.0, "percent_covered_display": "0", "missing_lines": 6, "excluded_lines": 0, "percent_statements_covered": 0.0, "percent_statements_covered_display": "0"}, "missing_lines": [86, 87, 89, 96, 97, 99], "excluded_lines": []}, "WedosAPIClient._parse_xml_response": {"executed_lines": [103, 104, 120, 121, 122, 123], "summary": {"covered_lines": 6, "num_statements": 14, "percent_covered": 42.857142857142854, "percent_covered_display": "43", "missing_lines": 8, "excluded_lines": 0, "percent_statements_covered": 42.857142857142854, "percent_statements_covered_display": "43"}, "missing_lines": [105, 108, 109, 112, 113, 114, 117, 119], "excluded_lines": []}, "WedosAPIClient._parse_xml_element": {"executed_lines": [], "summary": {"covered_lines": 0, "num_statements": 14, "percent_covered": 0.0, "percent_covered_display": "0", "missing_lines": 14, "excluded_lines": 0, "percent_statements_covered": 0.0, "percent_statements_covered_display": "0"}, "missing_lines": [127, 129, 131, 132, 133, 136, 137, 138, 140, 142, 143, 144, 146, 148], "excluded_lines": []}, "WedosAPIClient.call": {"executed_lines": [161, 163, 165, 195, 196, 197, 198, 204, 205, 206, 207, 208, 209, 210, 211, 212, 213, 214, 215], "summary": {"covered_lines": 19, "num_statements": 43, "percent_covered": 44.18604651162791, "percent_covered_display": "44", "missing_lines": 24, "excluded_lines": 0, "percent_statements_covered": 44.18604651162791, "percent_statements_covered_display": "44"}, "missing_lines": [166, 167, 168, 169, 175, 176, 177, 178, 179, 180, 181, 182, 183, 184, 185, 186, 189, 190, 191, 193, 218, 219, 220, 222], "excluded_lines": []}, "WedosAPIClient.domain_info": {"executed_lines": [234], "summary": {"covered_lines": 1, "num_statements": 1, "percent_covered": 100.0, "percent_covered_display": "100", "missing_lines": 0, "excluded_lines": 0, "percent_statements_covered": 100.0, "percent_statements_covered_display": "100"}, "missing_lines": [], "excluded_lines": []}, "WedosAPIClient.domain_update_ns": {"executed_lines": [], "summary": {"covered_lines": 0, "num_statements": 21, "percent_covered": 0.0, "percent_covered_display": "0", "missing_lines": 21, "excluded_lines": 0, "percent_statements_covered": 0.0, "percent_statements_covered_display": "0"}, "missing_lines": [249, 251, 255, 256, 258, 259, 262, 263, 264, 265, 266, 269, 276, 277, 279, 281, 282, 285, 288, 292, 294], "excluded_lines": []}, "WedosAPIClient.ping": {"executed_lines": [308], "summary": {"covered_lines": 1, "num_statements": 1, "percent_covered": 100.0, "percent_covered_display": "100", "missing_lines": 0, "excluded_lines": 0, "percent_statements_covered": 100.0, "percent_statements_covered_display": "100"}, "missing_lines": [], "excluded_lines": []}, "WedosAPIClient.poll_until_complete": {"executed_lines": [335, 337, 338, 340, 343, 344, 345, 348, 349, 350, 351, 353, 356, 357, 358, 360, 363, 365, 366, 367, 369, 371, 375, 376, 377, 380, 381, 382], "summary": {"covered_lines": 28, "num_statements": 33, "percent_covered": 84.84848484848484, "percent_covered_display": "85", "missing_lines": 5, "excluded_lines": 0, "percent_statements_covered": 84.84848484848484, "percent_statements_covered_display": "85"}, "missing_lines": [341, 352, 359, 368, 372], "excluded_lines": []}, "": {"executed_lines": [1, 8, 9, 10, 11, 12, 13, 15, 17, 18, 23, 26, 27, 29, 47, 51, 68, 84, 101, 125, 150, 224, 236, 301, 310], "summary": {"covered_lines": 23, "num_statements": 23, "percent_covered": 100.0, "percent_covered_display": "100", "missing_lines": 0, "excluded_lines": 0, "percent_statements_covered": 100.0, "percent_statements_covered_display": "100"}, "missing_lines": [], "excluded_lines": []}}, "classes": {"WedosAPIClient": {"executed_lines": [39, 40, 41, 42, 43, 45, 49, 53, 54, 56, 57, 58, 59, 60, 62, 66, 103, 104, 120, 121, 122, 123, 161, 163, 165, 195, 196, 197, 198, 204, 205, 206, 207, 208, 209, 210, 211, 212, 213, 214, 215, 234, 308, 335, 337, 338, 340, 343, 344, 345, 348, 349, 350, 351, 353, 356, 357, 358, 360, 363, 365, 366, 367, 369, 371, 375, 376, 377, 380, 381, 382], "summary": {"covered_lines": 71, "num_statements": 162, "percent_covered": 43.82716049382716, "percent_covered_display": "44", "missing_lines": 91, "excluded_lines": 0, "percent_statements_covered": 43.82716049382716, "percent_statements_covered_display": "44"}, "missing_lines": [63, 64, 70, 71, 72, 73, 74, 75, 76, 77, 78, 80, 82, 86, 87, 89, 96, 97, 99, 105, 108, 109, 112, 113, 114, 117, 119, 127, 129, 131, 132, 133, 136, 137, 138, 140, 142, 143, 144, 146, 148, 166, 167, 168, 169, 175, 176, 177, 178, 179, 180, 181, 182, 183, 184, 185, 186, 189, 190, 191, 193, 218, 219, 220, 222, 249, 251, 255, 256, 258, 259, 262, 263, 264, 265, 266, 269, 276, 277, 279, 281, 282, 285, 288, 292, 294, 341, 352, 359, 368, 372], "excluded_lines": []}, "": {"executed_lines": [1, 8, 9, 10, 11, 12, 13, 15, 17, 18, 23, 26, 27, 29, 47, 51, 68, 84, 101, 125, 150, 224, 236, 301, 310], "summary": {"covered_lines": 23, "num_statements": 23, "percent_covered": 100.0, "percent_covered_display": "100", "missing_lines": 0, "excluded_lines": 0, "percent_statements_covered": 100.0, "percent_statements_covered_display": "100"}, "missing_lines": [], "excluded_lines": []}}}, "wapi/cli.py": {"executed_lines": [1, 7, 8, 9, 11, 12, 13, 21, 29, 30, 33, 43, 45, 46, 47, 48, 49, 50, 51, 52, 53, 54, 56, 57, 59, 60, 61, 62, 64, 65, 68, 70, 71, 73, 74, 75, 77, 78, 79, 84, 85, 87, 88, 89, 90, 94, 98, 99, 100, 101, 104, 106, 113, 114, 116, 117, 118, 119, 123, 126, 127, 129, 130, 132, 133, 134, 135, 137, 138, 140, 141, 144, 145, 147, 148, 149, 151, 152, 153, 154, 156, 157, 158, 159, 160, 161, 162, 164, 167, 169, 170, 172, 173, 174, 176, 177, 178, 179, 181, 183, 184, 185, 186, 187, 189, 190, 193, 195, 196, 198, 199, 200, 201, 203, 204, 207, 209, 210, 212, 213, 215, 216, 218, 219, 220, 221, 224, 226, 227, 229, 230, 231, 233, 234, 235, 237, 238, 239, 241, 242, 243, 244, 245, 246, 247, 248, 250, 251, 252, 253, 254, 255, 256, 257, 258, 260, 261, 262, 263, 264, 267, 270, 277, 278, 281, 282, 283, 286, 287, 290, 291, 292, 293, 294, 295, 296, 297, 300, 301, 303, 304, 306, 307, 308, 309, 310, 311, 312, 313, 314, 315, 316, 317, 318, 319, 320, 321, 322, 323, 324, 325, 326, 327, 328, 329, 330, 331, 332, 333, 334, 335, 336, 337, 338, 340, 341, 344], "summary": {"covered_lines": 215, "num_statements": 215, "percent_covered": 100.0, "percent_covered_display": "100", "missing_lines": 0, "excluded_lines": 2, "percent_statements_covered": 100.0, "percent_statements_covered_display": "100"}, "missing_lines": [], "excluded_lines": [344, 345], "functions": {"get_client": {"executed_lines": [43, 45, 46, 47, 48, 49, 50, 51, 52, 53, 54, 56, 57, 59, 60, 61, 62, 64, 65], "summary": {"covered_lines": 19, "num_statements": 19, "percent_covered": 100.0, "percent_covered_display": "100", "missing_lines": 0, "excluded_lines": 0, "percent_statements_covered": 100.0, "percent_statements_covered_display": "100"}, "missing_lines": [], "excluded_lines": []}, "cmd_ping": {"executed_lines": [70, 71, 73, 74, 75, 77, 78, 79, 84, 85, 87, 88, 89, 90], "summary": {"covered_lines": 14, "num_statements": 14, "percent_covered": 100.0, "percent_covered_display": "100", "missing_lines": 0, "excluded_lines": 0, "percent_statements_covered": 100.0, "percent_statements_covered_display": "100"}, "missing_lines": [], "excluded_lines": []}, "main": {"executed_lines": [106, 113, 114, 116, 117, 118, 119, 123, 126, 127, 129, 130, 132, 133, 134, 135, 137, 138, 140, 141, 144, 145, 147, 148, 149, 151, 152, 153, 154, 156, 157, 158, 159, 160, 161, 162, 164, 167, 169, 170, 172, 173, 174, 176, 177, 178, 179, 181, 183, 184, 185, 186, 187, 189, 190, 193, 195, 196, 198, 199, 200, 201, 203, 204, 207, 209, 210, 212, 213, 215, 216, 218, 219, 220, 221, 224, 226, 227, 229, 230, 231, 233, 234, 235, 237, 238, 239, 241, 242, 243, 244, 245, 246, 247, 248, 250, 251, 252, 253, 254, 255, 256, 257, 258, 260, 261, 262, 263, 264, 267, 270, 277, 278, 281, 282, 283, 286, 287, 290, 291, 292, 293, 294, 295, 296, 297, 300, 301, 303, 304, 306, 307, 308, 309, 310, 311, 312, 313, 314, 315, 316, 317, 318, 319, 320, 321, 322, 323, 324, 325, 326, 327, 328, 329, 330, 331, 332, 333, 334, 335, 336, 337, 338, 340, 341], "summary": {"covered_lines": 165, "num_statements": 165, "percent_covered": 100.0, "percent_covered_display": "100", "missing_lines": 0, "excluded_lines": 0, "percent_statements_covered": 100.0, "percent_statements_covered_display": "100"}, "missing_lines": [], "excluded_lines": []}, "": {"executed_lines": [1, 7, 8, 9, 11, 12, 13, 21, 29, 30, 33, 68, 94, 98, 99, 100, 101, 104, 344], "summary": {"covered_lines": 17, "num_statements": 17, "percent_covered": 100.0, "percent_covered_display": "100", "missing_lines": 0, "excluded_lines": 2, "percent_statements_covered": 100.0, "percent_statements_covered_display": "100"}, "missing_lines": [], "excluded_lines": [344, 345]}}, "classes": {"": {"executed_lines": [1, 7, 8, 9, 11, 12, 13, 21, 29, 30, 33, 43, 45, 46, 47, 48, 49, 50, 51, 52, 53, 54, 56, 57, 59, 60, 61, 62, 64, 65, 68, 70, 71, 73, 74, 75, 77, 78, 79, 84, 85, 87, 88, 89, 90, 94, 98, 99, 100, 101, 104, 106, 113, 114, 116, 117, 118, 119, 123, 126, 127, 129, 130, 132, 133, 134, 135, 137, 138, 140, 141, 144, 145, 147, 148, 149, 151, 152, 153, 154, 156, 157, 158, 159, 160, 161, 162, 164, 167, 169, 170, 172, 173, 174, 176, 177, 178, 179, 181, 183, 184, 185, 186, 187, 189, 190, 193, 195, 196, 198, 199, 200, 201, 203, 204, 207, 209, 210, 212, 213, 215, 216, 218, 219, 220, 221, 224, 226, 227, 229, 230, 231, 233, 234, 235, 237, 238, 239, 241, 242, 243, 244, 245, 246, 247, 248, 250, 251, 252, 253, 254, 255, 256, 257, 258, 260, 261, 262, 263, 264, 267, 270, 277, 278, 281, 282, 283, 286, 287, 290, 291, 292, 293, 294, 295, 296, 297, 300, 301, 303, 304, 306, 307, 308, 309, 310, 311, 312, 313, 314, 315, 316, 317, 318, 319, 320, 321, 322, 323, 324, 325, 326, 327, 328, 329, 330, 331, 332, 333, 334, 335, 336, 337, 338, 340, 341, 344], "summary": {"covered_lines": 215, "num_statements": 215, "percent_covered": 100.0, "percent_covered_display": "100", "missing_lines": 0, "excluded_lines": 2, "percent_statements_covered": 100.0, "percent_statements_covered_display": "100"}, "missing_lines": [], "excluded_lines": [344, 345]}}}, "wapi/commands/__init__.py": {"executed_lines": [1, 10], "summary": {"covered_lines": 1, "num_statements": 1, "percent_covered": 100.0, "percent_covered_display": "100", "missing_lines": 0, "excluded_lines": 0, "percent_statements_covered": 100.0, "percent_statements_covered_display": "100"}, "missing_lines": [], "excluded_lines": [], "functions": {"": {"executed_lines": [1, 10], "summary": {"covered_lines": 1, "num_statements": 1, "percent_covered": 100.0, "percent_covered_display": "100", "missing_lines": 0, "excluded_lines": 0, "percent_statements_covered": 100.0, "percent_statements_covered_display": "100"}, "missing_lines": [], "excluded_lines": []}}, "classes": {"": {"executed_lines": [1, 10], "summary": {"covered_lines": 1, "num_statements": 1, "percent_covered": 100.0, "percent_covered_display": "100", "missing_lines": 0, "excluded_lines": 0, "percent_statements_covered": 100.0, "percent_statements_covered_display": "100"}, "missing_lines": [], "excluded_lines": []}}}, "wapi/commands/auth.py": {"executed_lines": [1, 7, 8, 9, 10, 11, 12, 13, 14, 15, 22, 23, 26, 28, 29, 31, 34, 35, 36, 39, 40, 41, 42, 43, 44, 45, 48, 49, 50, 53, 54, 55, 56, 57, 60, 61, 62, 63, 64, 65, 68, 69, 71, 72, 73, 74, 75, 77, 78, 79, 80, 81, 83, 84, 85, 86, 87, 88, 89, 90, 91, 92, 95, 98, 99, 100, 101, 102, 103, 104, 105, 106, 107, 108, 109, 110, 111, 114, 115, 118, 120, 122, 123, 124, 125, 127, 128, 129, 131, 134, 136, 137, 138, 139, 141, 142, 143, 144, 145, 146, 147, 148, 149, 152, 154, 155, 157, 159, 160, 161, 162, 165, 166, 167, 168, 169, 170, 171, 172, 173, 174, 175, 176, 177, 178, 179, 182, 183, 184, 185, 188, 189, 190, 191, 193, 194, 196, 197, 198, 199, 200, 201, 202, 203, 204, 205, 206, 209, 211, 212, 215, 216, 218, 225, 226, 227, 228, 229, 230, 233, 234, 235, 236, 237, 238, 240, 241, 242, 243, 244, 246, 247, 248, 249, 250, 251, 252, 253, 254, 255, 256, 257, 259, 260], "summary": {"covered_lines": 183, "num_statements": 183, "percent_covered": 100.0, "percent_covered_display": "100", "missing_lines": 0, "excluded_lines": 0, "percent_statements_covered": 100.0, "percent_statements_covered_display": "100"}, "missing_lines": [], "excluded_lines": [], "functions": {"cmd_auth_login": {"executed_lines": [28, 29, 31, 34, 35, 36, 39, 40, 41, 42, 43, 44, 45, 48, 49, 50, 53, 54, 55, 56, 57, 60, 61, 62, 63, 64, 65, 68, 69, 71, 72, 73, 74, 75, 77, 78, 79, 80, 81, 83, 84, 85, 86, 87, 88, 89, 90, 91, 92, 95, 98, 99, 100, 101, 102, 103, 104, 105, 106, 107, 108, 109, 110, 111, 114, 115, 118, 120, 122, 123, 124, 125, 127, 128, 129, 131, 134, 136, 137, 138, 139, 141, 142, 143, 144, 145, 146, 147, 148, 149], "summary": {"covered_lines": 90, "num_statements": 90, "percent_covered": 100.0, "percent_covered_display": "100", "missing_lines": 0, "excluded_lines": 0, "percent_statements_covered": 100.0, "percent_statements_covered_display": "100"}, "missing_lines": [], "excluded_lines": []}, "cmd_auth_logout": {"executed_lines": [154, 155, 157, 159, 160, 161, 162, 165, 166, 167, 168, 169, 170, 171, 172, 173, 174, 175, 176, 177, 178, 179, 182, 183, 184, 185, 188, 189, 190, 191, 193, 194, 196, 197, 198, 199, 200, 201, 202, 203, 204, 205, 206], "summary": {"covered_lines": 43, "num_statements": 43, "percent_covered": 100.0, "percent_covered_display": "100", "missing_lines": 0, "excluded_lines": 0, "percent_statements_covered": 100.0, "percent_statements_covered_display": "100"}, "missing_lines": [], "excluded_lines": []}, "cmd_auth_status": {"executed_lines": [211, 212, 215, 216, 218, 225, 226, 227, 228, 229, 230, 233, 234, 235, 236, 237, 238, 240, 241, 242, 243, 244, 246, 247, 248, 249, 250, 251, 252, 253, 254, 255, 256, 257, 259, 260], "summary": {"covered_lines": 36, "num_statements": 36, "percent_covered": 100.0, "percent_covered_display": "100", "missing_lines": 0, "excluded_lines": 0, "percent_statements_covered": 100.0, "percent_statements_covered_display": "100"}, "missing_lines": [], "excluded_lines": []}, "": {"executed_lines": [1, 7, 8, 9, 10, 11, 12, 13, 14, 15, 22, 23, 26, 152, 209], "summary": {"covered_lines": 14, "num_statements": 14, "percent_covered": 100.0, "percent_covered_display": "100", "missing_lines": 0, "excluded_lines": 0, "percent_statements_covered": 100.0, "percent_statements_covered_display": "100"}, "missing_lines": [], "excluded_lines": []}}, "classes": {"": {"executed_lines": [1, 7, 8, 9, 10, 11, 12, 13, 14, 15, 22, 23, 26, 28, 29, 31, 34, 35, 36, 39, 40, 41, 42, 43, 44, 45, 48, 49, 50, 53, 54, 55, 56, 57, 60, 61, 62, 63, 64, 65, 68, 69, 71, 72, 73, 74, 75, 77, 78, 79, 80, 81, 83, 84, 85, 86, 87, 88, 89, 90, 91, 92, 95, 98, 99, 100, 101, 102, 103, 104, 105, 106, 107, 108, 109, 110, 111, 114, 115, 118, 120, 122, 123, 124, 125, 127, 128, 129, 131, 134, 136, 137, 138, 139, 141, 142, 143, 144, 145, 146, 147, 148, 149, 152, 154, 155, 157, 159, 160, 161, 162, 165, 166, 167, 168, 169, 170, 171, 172, 173, 174, 175, 176, 177, 178, 179, 182, 183, 184, 185, 188, 189, 190, 191, 193, 194, 196, 197, 198, 199, 200, 201, 202, 203, 204, 205, 206, 209, 211, 212, 215, 216, 218, 225, 226, 227, 228, 229, 230, 233, 234, 235, 236, 237, 238, 240, 241, 242, 243, 244, 246, 247, 248, 249, 250, 251, 252, 253, 254, 255, 256, 257, 259, 260], "summary": {"covered_lines": 183, "num_statements": 183, "percent_covered": 100.0, "percent_covered_display": "100", "missing_lines": 0, "excluded_lines": 0, "percent_statements_covered": 100.0, "percent_statements_covered_display": "100"}, "missing_lines": [], "excluded_lines": []}}}, "wapi/commands/config.py": {"executed_lines": [1, 7, 8, 9, 10, 11, 12, 13, 14, 17, 19, 20, 22, 25, 26, 27, 28, 30, 32, 33, 36, 38, 39, 41, 43, 44, 45, 46, 47, 48, 49, 51, 52, 53, 56, 58, 59, 62, 63, 64, 65, 66, 67, 68, 69, 70, 71, 72, 73, 76, 79, 80, 81, 82, 83, 85, 86, 87, 88, 89, 90, 91, 92, 93, 94, 95], "summary": {"covered_lines": 65, "num_statements": 65, "percent_covered": 100.0, "percent_covered_display": "100", "missing_lines": 0, "excluded_lines": 0, "percent_statements_covered": 100.0, "percent_statements_covered_display": "100"}, "missing_lines": [], "excluded_lines": [], "functions": {"cmd_config_show": {"executed_lines": [19, 20, 22, 25, 26, 27, 28, 30, 32, 33], "summary": {"covered_lines": 10, "num_statements": 10, "percent_covered": 100.0, "percent_covered_display": "100", "missing_lines": 0, "excluded_lines": 0, "percent_statements_covered": 100.0, "percent_statements_covered_display": "100"}, "missing_lines": [], "excluded_lines": []}, "cmd_config_validate": {"executed_lines": [38, 39, 41, 43, 44, 45, 46, 47, 48, 49, 51, 52, 53], "summary": {"covered_lines": 13, "num_statements": 13, "percent_covered": 100.0, "percent_covered_display": "100", "missing_lines": 0, "excluded_lines": 0, "percent_statements_covered": 100.0, "percent_statements_covered_display": "100"}, "missing_lines": [], "excluded_lines": []}, "cmd_config_set": {"executed_lines": [58, 59, 62, 63, 64, 65, 66, 67, 68, 69, 70, 71, 72, 73, 76, 79, 80, 81, 82, 83, 85, 86, 87, 88, 89, 90, 91, 92, 93, 94, 95], "summary": {"covered_lines": 31, "num_statements": 31, "percent_covered": 100.0, "percent_covered_display": "100", "missing_lines": 0, "excluded_lines": 0, "percent_statements_covered": 100.0, "percent_statements_covered_display": "100"}, "missing_lines": [], "excluded_lines": []}, "": {"executed_lines": [1, 7, 8, 9, 10, 11, 12, 13, 14, 17, 36, 56], "summary": {"covered_lines": 11, "num_statements": 11, "percent_covered": 100.0, "percent_covered_display": "100", "missing_lines": 0, "excluded_lines": 0, "percent_statements_covered": 100.0, "percent_statements_covered_display": "100"}, "missing_lines": [], "excluded_lines": []}}, "classes": {"": {"executed_lines": [1, 7, 8, 9, 10, 11, 12, 13, 14, 17, 19, 20, 22, 25, 26, 27, 28, 30, 32, 33, 36, 38, 39, 41, 43, 44, 45, 46, 47, 48, 49, 51, 52, 53, 56, 58, 59, 62, 63, 64, 65, 66, 67, 68, 69, 70, 71, 72, 73, 76, 79, 80, 81, 82, 83, 85, 86, 87, 88, 89, 90, 91, 92, 93, 94, 95], "summary": {"covered_lines": 65, "num_statements": 65, "percent_covered": 100.0, "percent_covered_display": "100", "missing_lines": 0, "excluded_lines": 0, "percent_statements_covered": 100.0, "percent_statements_covered_display": "100"}, "missing_lines": [], "excluded_lines": []}}}, "wapi/commands/contact.py": {"executed_lines": [1, 7, 8, 9, 10, 11, 12, 13, 16, 26, 31, 32, 33, 34, 36, 39, 41, 42, 45, 47, 48, 52, 55, 56, 57, 59, 60, 63, 65, 66, 67, 69, 70, 71, 72, 75, 77, 79, 80, 81, 82], "summary": {"covered_lines": 40, "num_statements": 40, "percent_covered": 100.0, "percent_covered_display": "100", "missing_lines": 0, "excluded_lines": 0, "percent_statements_covered": 100.0, "percent_statements_covered_display": "100"}, "missing_lines": [], "excluded_lines": [], "functions": {"filter_sensitive_contact_data": {"executed_lines": [26, 31, 32, 33, 34, 36], "summary": {"covered_lines": 6, "num_statements": 6, "percent_covered": 100.0, "percent_covered_display": "100", "missing_lines": 0, "excluded_lines": 0, "percent_statements_covered": 100.0, "percent_statements_covered_display": "100"}, "missing_lines": [], "excluded_lines": []}, "cmd_contact_info": {"executed_lines": [41, 42, 45, 47, 48, 52, 55, 56, 57, 59, 60, 63, 65, 66, 67, 69, 70, 71, 72], "summary": {"covered_lines": 19, "num_statements": 19, "percent_covered": 100.0, "percent_covered_display": "100", "missing_lines": 0, "excluded_lines": 0, "percent_statements_covered": 100.0, "percent_statements_covered_display": "100"}, "missing_lines": [], "excluded_lines": []}, "cmd_contact_list": {"executed_lines": [77, 79, 80, 81, 82], "summary": {"covered_lines": 5, "num_statements": 5, "percent_covered": 100.0, "percent_covered_display": "100", "missing_lines": 0, "excluded_lines": 0, "percent_statements_covered": 100.0, "percent_statements_covered_display": "100"}, "missing_lines": [], "excluded_lines": []}, "": {"executed_lines": [1, 7, 8, 9, 10, 11, 12, 13, 16, 39, 75], "summary": {"covered_lines": 10, "num_statements": 10, "percent_covered": 100.0, "percent_covered_display": "100", "missing_lines": 0, "excluded_lines": 0, "percent_statements_covered": 100.0, "percent_statements_covered_display": "100"}, "missing_lines": [], "excluded_lines": []}}, "classes": {"": {"executed_lines": [1, 7, 8, 9, 10, 11, 12, 13, 16, 26, 31, 32, 33, 34, 36, 39, 41, 42, 45, 47, 48, 52, 55, 56, 57, 59, 60, 63, 65, 66, 67, 69, 70, 71, 72, 75, 77, 79, 80, 81, 82], "summary": {"covered_lines": 40, "num_statements": 40, "percent_covered": 100.0, "percent_covered_display": "100", "missing_lines": 0, "excluded_lines": 0, "percent_statements_covered": 100.0, "percent_statements_covered_display": "100"}, "missing_lines": [], "excluded_lines": []}}}, "wapi/commands/dns.py": {"executed_lines": [1, 7, 8, 10, 11, 12, 17, 18, 19, 22, 24, 26, 27, 28, 29, 30, 33, 34, 35, 37, 38, 39, 41, 42, 43, 47, 48, 56, 57, 58, 64, 65, 66, 67, 70, 72, 74, 75, 76, 77, 78, 81, 82, 83, 85, 86, 87, 89, 93, 94, 95, 96, 104, 105, 106, 108, 109, 110, 111, 114, 116, 117, 120, 121, 127, 136, 137, 138, 140, 141, 142, 143, 144, 212, 214, 215, 216, 219, 220, 225, 231, 237, 243, 244, 245, 246, 247, 248, 249, 250, 253, 254, 255, 257, 258, 259, 260, 261, 334, 336, 337, 340, 341, 346, 352, 358, 359, 360, 362, 363, 364, 365], "summary": {"covered_lines": 111, "num_statements": 266, "percent_covered": 41.72932330827068, "percent_covered_display": "42", "missing_lines": 155, "excluded_lines": 0, "percent_statements_covered": 41.72932330827068, "percent_statements_covered_display": "42"}, "missing_lines": [44, 49, 50, 60, 61, 62, 90, 122, 123, 124, 145, 146, 147, 148, 149, 151, 152, 153, 155, 157, 158, 159, 160, 163, 164, 165, 166, 168, 169, 170, 173, 174, 177, 186, 187, 189, 190, 191, 192, 193, 195, 196, 197, 198, 199, 200, 201, 203, 204, 206, 207, 208, 209, 221, 222, 223, 226, 227, 228, 232, 233, 234, 262, 263, 264, 265, 266, 268, 269, 270, 271, 273, 275, 276, 277, 278, 281, 282, 283, 284, 286, 287, 289, 290, 291, 292, 293, 294, 295, 296, 299, 308, 309, 311, 312, 313, 314, 315, 317, 318, 319, 320, 321, 322, 323, 325, 326, 328, 329, 330, 331, 342, 343, 344, 347, 348, 349, 366, 367, 368, 369, 370, 372, 374, 376, 377, 378, 379, 382, 383, 384, 385, 387, 388, 389, 390, 391, 394, 403, 404, 406, 407, 408, 409, 411, 412, 413, 414, 415, 416, 418, 420, 421, 422, 423], "excluded_lines": [], "functions": {"cmd_dns_list": {"executed_lines": [24, 26, 27, 28, 29, 30, 33, 34, 35, 37, 38, 39, 41, 42, 43, 47, 48, 56, 57, 58, 64, 65, 66, 67], "summary": {"covered_lines": 24, "num_statements": 30, "percent_covered": 80.0, "percent_covered_display": "80", "missing_lines": 6, "excluded_lines": 0, "percent_statements_covered": 80.0, "percent_statements_covered_display": "80"}, "missing_lines": [44, 49, 50, 60, 61, 62], "excluded_lines": []}, "cmd_dns_record_list": {"executed_lines": [72, 74, 75, 76, 77, 78, 81, 82, 83, 85, 86, 87, 89, 93, 94, 95, 96, 104, 105, 106, 108, 109, 110, 111], "summary": {"covered_lines": 24, "num_statements": 25, "percent_covered": 96.0, "percent_covered_display": "96", "missing_lines": 1, "excluded_lines": 0, "percent_statements_covered": 96.0, "percent_statements_covered_display": "96"}, "missing_lines": [90], "excluded_lines": []}, "cmd_dns_record_add": {"executed_lines": [116, 117, 120, 121, 127, 136, 137, 138, 140, 141, 142, 143, 144], "summary": {"covered_lines": 13, "num_statements": 59, "percent_covered": 22.033898305084747, "percent_covered_display": "22", "missing_lines": 46, "excluded_lines": 0, "percent_statements_covered": 22.033898305084747, "percent_statements_covered_display": "22"}, "missing_lines": [122, 123, 124, 145, 146, 147, 148, 149, 151, 152, 153, 155, 157, 158, 159, 160, 163, 164, 165, 166, 168, 169, 170, 173, 174, 177, 186, 187, 189, 190, 191, 192, 193, 195, 196, 197, 198, 199, 200, 201, 203, 204, 206, 207, 208, 209], "excluded_lines": []}, "cmd_dns_record_update": {"executed_lines": [214, 215, 216, 219, 220, 225, 231, 237, 243, 244, 245, 246, 247, 248, 249, 250, 253, 254, 255, 257, 258, 259, 260, 261], "summary": {"covered_lines": 24, "num_statements": 82, "percent_covered": 29.26829268292683, "percent_covered_display": "29", "missing_lines": 58, "excluded_lines": 0, "percent_statements_covered": 29.26829268292683, "percent_statements_covered_display": "29"}, "missing_lines": [221, 222, 223, 226, 227, 228, 232, 233, 234, 262, 263, 264, 265, 266, 268, 269, 270, 271, 273, 275, 276, 277, 278, 281, 282, 283, 284, 286, 287, 289, 290, 291, 292, 293, 294, 295, 296, 299, 308, 309, 311, 312, 313, 314, 315, 317, 318, 319, 320, 321, 322, 323, 325, 326, 328, 329, 330, 331], "excluded_lines": []}, "cmd_dns_record_delete": {"executed_lines": [336, 337, 340, 341, 346, 352, 358, 359, 360, 362, 363, 364, 365], "summary": {"covered_lines": 13, "num_statements": 57, "percent_covered": 22.80701754385965, "percent_covered_display": "23", "missing_lines": 44, "excluded_lines": 0, "percent_statements_covered": 22.80701754385965, "percent_statements_covered_display": "23"}, "missing_lines": [342, 343, 344, 347, 348, 349, 366, 367, 368, 369, 370, 372, 374, 376, 377, 378, 379, 382, 383, 384, 385, 387, 388, 389, 390, 391, 394, 403, 404, 406, 407, 408, 409, 411, 412, 413, 414, 415, 416, 418, 420, 421, 422, 423], "excluded_lines": []}, "": {"executed_lines": [1, 7, 8, 10, 11, 12, 17, 18, 19, 22, 70, 114, 212, 334], "summary": {"covered_lines": 13, "num_statements": 13, "percent_covered": 100.0, "percent_covered_display": "100", "missing_lines": 0, "excluded_lines": 0, "percent_statements_covered": 100.0, "percent_statements_covered_display": "100"}, "missing_lines": [], "excluded_lines": []}}, "classes": {"": {"executed_lines": [1, 7, 8, 10, 11, 12, 17, 18, 19, 22, 24, 26, 27, 28, 29, 30, 33, 34, 35, 37, 38, 39, 41, 42, 43, 47, 48, 56, 57, 58, 64, 65, 66, 67, 70, 72, 74, 75, 76, 77, 78, 81, 82, 83, 85, 86, 87, 89, 93, 94, 95, 96, 104, 105, 106, 108, 109, 110, 111, 114, 116, 117, 120, 121, 127, 136, 137, 138, 140, 141, 142, 143, 144, 212, 214, 215, 216, 219, 220, 225, 231, 237, 243, 244, 245, 246, 247, 248, 249, 250, 253, 254, 255, 257, 258, 259, 260, 261, 334, 336, 337, 340, 341, 346, 352, 358, 359, 360, 362, 363, 364, 365], "summary": {"covered_lines": 111, "num_statements": 266, "percent_covered": 41.72932330827068, "percent_covered_display": "42", "missing_lines": 155, "excluded_lines": 0, "percent_statements_covered": 41.72932330827068, "percent_statements_covered_display": "42"}, "missing_lines": [44, 49, 50, 60, 61, 62, 90, 122, 123, 124, 145, 146, 147, 148, 149, 151, 152, 153, 155, 157, 158, 159, 160, 163, 164, 165, 166, 168, 169, 170, 173, 174, 177, 186, 187, 189, 190, 191, 192, 193, 195, 196, 197, 198, 199, 200, 201, 203, 204, 206, 207, 208, 209, 221, 222, 223, 226, 227, 228, 232, 233, 234, 262, 263, 264, 265, 266, 268, 269, 270, 271, 273, 275, 276, 277, 278, 281, 282, 283, 284, 286, 287, 289, 290, 291, 292, 293, 294, 295, 296, 299, 308, 309, 311, 312, 313, 314, 315, 317, 318, 319, 320, 321, 322, 323, 325, 326, 328, 329, 330, 331, 342, 343, 344, 347, 348, 349, 366, 367, 368, 369, 370, 372, 374, 376, 377, 378, 379, 382, 383, 384, 385, 387, 388, 389, 390, 391, 394, 403, 404, 406, 407, 408, 409, 411, 412, 413, 414, 415, 416, 418, 420, 421, 422, 423], "excluded_lines": []}}}, "wapi/commands/domain.py": {"executed_lines": [1, 7, 8, 10, 11, 12, 17, 18, 19, 20, 23, 34, 40, 41, 42, 43, 45, 48, 50, 51, 54, 55, 56, 58, 59, 60, 62, 63, 66, 67, 68, 69, 77, 78, 81, 82, 84, 85, 86, 88, 89, 90, 91, 94, 96, 97, 100, 101, 102, 103, 104, 107, 108, 109, 111, 112, 113, 116, 119, 120, 122, 123, 124, 125, 128, 130, 131, 133, 134, 137, 138, 139, 140, 141, 144, 145, 146, 149, 151, 152, 153, 155, 156, 157, 159, 160, 161, 162, 163, 164, 167, 168, 169, 170, 171, 172, 173, 174, 175, 176, 177, 178, 180, 183, 184, 185, 186, 187, 189, 190, 191, 193, 194, 196, 197, 198, 199, 200, 202, 203, 205, 206, 207, 208, 210, 211, 212, 214, 215, 216, 217, 220, 221, 222, 224, 225, 226, 228, 229, 231, 233, 240, 241, 242, 243, 244, 245, 246, 247, 249, 254, 255, 257, 258, 259, 262, 263, 265, 266, 267, 268, 269, 270, 271, 272, 273, 274, 276, 278, 279, 280, 281, 284, 285, 288, 289, 290, 292, 293, 297, 298, 299, 300, 301, 302, 303, 304, 305, 307, 308, 309, 313, 322, 323, 325, 326, 327, 328, 329, 331, 332, 333, 334, 336, 337, 338, 340, 341, 343, 344, 345, 346], "summary": {"covered_lines": 211, "num_statements": 212, "percent_covered": 99.52830188679245, "percent_covered_display": "99", "missing_lines": 1, "excluded_lines": 0, "percent_statements_covered": 99.52830188679245, "percent_statements_covered_display": "99"}, "missing_lines": [310], "excluded_lines": [], "functions": {"filter_sensitive_domain_data": {"executed_lines": [34, 40, 41, 42, 43, 45], "summary": {"covered_lines": 6, "num_statements": 6, "percent_covered": 100.0, "percent_covered_display": "100", "missing_lines": 0, "excluded_lines": 0, "percent_statements_covered": 100.0, "percent_statements_covered_display": "100"}, "missing_lines": [], "excluded_lines": []}, "cmd_domain_list": {"executed_lines": [50, 51, 54, 55, 56, 58, 59, 60, 62, 63, 66, 67, 68, 69, 77, 78, 81, 82, 84, 85, 86, 88, 89, 90, 91], "summary": {"covered_lines": 25, "num_statements": 25, "percent_covered": 100.0, "percent_covered_display": "100", "missing_lines": 0, "excluded_lines": 0, "percent_statements_covered": 100.0, "percent_statements_covered_display": "100"}, "missing_lines": [], "excluded_lines": []}, "cmd_domain_info": {"executed_lines": [96, 97, 100, 101, 102, 103, 104, 107, 108, 109, 111, 112, 113, 116, 119, 120, 122, 123, 124, 125], "summary": {"covered_lines": 20, "num_statements": 20, "percent_covered": 100.0, "percent_covered_display": "100", "missing_lines": 0, "excluded_lines": 0, "percent_statements_covered": 100.0, "percent_statements_covered_display": "100"}, "missing_lines": [], "excluded_lines": []}, "cmd_domain_update_ns": {"executed_lines": [130, 131, 133, 134, 137, 138, 139, 140, 141, 144, 145, 146, 149, 151, 152, 153, 155, 156, 157, 159, 160, 161, 162, 163, 164, 167, 168, 169, 170, 171, 172, 173, 174, 175, 176, 177, 178, 180, 183, 184, 185, 186, 187, 189, 190, 191, 193, 194, 196, 197, 198, 199, 200, 202, 203, 205, 206, 207, 208, 210, 211, 212, 214, 215, 216, 217, 220, 221, 222, 224, 225, 226, 228, 229, 231, 233, 240, 241, 242, 243, 244, 245, 246, 247, 249, 254, 255, 257, 258, 259, 262, 263, 265, 266, 267, 268, 269, 270, 271, 272, 273, 274, 276, 278, 279, 280, 281, 284, 285, 288, 289, 290, 292, 293, 297, 298, 299, 300, 301, 302, 303, 304, 305, 307, 308, 309, 313, 322, 323, 325, 326, 327, 328, 329, 331, 332, 333, 334, 336, 337, 338, 340, 341, 343, 344, 345, 346], "summary": {"covered_lines": 147, "num_statements": 148, "percent_covered": 99.32432432432432, "percent_covered_display": "99", "missing_lines": 1, "excluded_lines": 0, "percent_statements_covered": 99.32432432432432, "percent_statements_covered_display": "99"}, "missing_lines": [310], "excluded_lines": []}, "": {"executed_lines": [1, 7, 8, 10, 11, 12, 17, 18, 19, 20, 23, 48, 94, 128], "summary": {"covered_lines": 13, "num_statements": 13, "percent_covered": 100.0, "percent_covered_display": "100", "missing_lines": 0, "excluded_lines": 0, "percent_statements_covered": 100.0, "percent_statements_covered_display": "100"}, "missing_lines": [], "excluded_lines": []}}, "classes": {"": {"executed_lines": [1, 7, 8, 10, 11, 12, 17, 18, 19, 20, 23, 34, 40, 41, 42, 43, 45, 48, 50, 51, 54, 55, 56, 58, 59, 60, 62, 63, 66, 67, 68, 69, 77, 78, 81, 82, 84, 85, 86, 88, 89, 90, 91, 94, 96, 97, 100, 101, 102, 103, 104, 107, 108, 109, 111, 112, 113, 116, 119, 120, 122, 123, 124, 125, 128, 130, 131, 133, 134, 137, 138, 139, 140, 141, 144, 145, 146, 149, 151, 152, 153, 155, 156, 157, 159, 160, 161, 162, 163, 164, 167, 168, 169, 170, 171, 172, 173, 174, 175, 176, 177, 178, 180, 183, 184, 185, 186, 187, 189, 190, 191, 193, 194, 196, 197, 198, 199, 200, 202, 203, 205, 206, 207, 208, 210, 211, 212, 214, 215, 216, 217, 220, 221, 222, 224, 225, 226, 228, 229, 231, 233, 240, 241, 242, 243, 244, 245, 246, 247, 249, 254, 255, 257, 258, 259, 262, 263, 265, 266, 267, 268, 269, 270, 271, 272, 273, 274, 276, 278, 279, 280, 281, 284, 285, 288, 289, 290, 292, 293, 297, 298, 299, 300, 301, 302, 303, 304, 305, 307, 308, 309, 313, 322, 323, 325, 326, 327, 328, 329, 331, 332, 333, 334, 336, 337, 338, 340, 341, 343, 344, 345, 346], "summary": {"covered_lines": 211, "num_statements": 212, "percent_covered": 99.52830188679245, "percent_covered_display": "99", "missing_lines": 1, "excluded_lines": 0, "percent_statements_covered": 99.52830188679245, "percent_statements_covered_display": "99"}, "missing_lines": [310], "excluded_lines": []}}}, "wapi/commands/nsset.py": {"executed_lines": [1, 7, 8, 10, 11, 12, 17, 18, 19, 20, 23, 25, 26, 29, 34, 35, 36, 38, 39, 40, 46, 47, 48, 49, 53, 54, 55, 59, 62, 64, 65, 66, 69, 77, 81, 82, 83, 85, 86, 87, 88, 89, 142, 144, 145, 148, 150, 151, 166, 167, 168, 170, 171, 172, 173, 174, 206, 208, 211, 212, 213, 214], "summary": {"covered_lines": 61, "num_statements": 132, "percent_covered": 46.21212121212121, "percent_covered_display": "46", "missing_lines": 71, "excluded_lines": 0, "percent_statements_covered": 46.21212121212121, "percent_statements_covered_display": "46"}, "missing_lines": [30, 31, 32, 41, 42, 43, 50, 51, 52, 56, 57, 63, 78, 90, 91, 92, 93, 94, 96, 98, 99, 101, 104, 107, 116, 117, 119, 120, 121, 122, 123, 125, 126, 127, 128, 129, 130, 131, 133, 134, 136, 137, 138, 139, 152, 154, 155, 156, 159, 160, 161, 162, 177, 179, 180, 181, 182, 183, 184, 185, 187, 188, 192, 193, 194, 197, 198, 199, 200, 202, 203], "excluded_lines": [], "functions": {"cmd_nsset_create": {"executed_lines": [25, 26, 29, 34, 35, 36, 38, 39, 40, 46, 47, 48, 49, 53, 54, 55, 59, 62, 64, 65, 66, 69, 77, 81, 82, 83, 85, 86, 87, 88, 89], "summary": {"covered_lines": 31, "num_statements": 75, "percent_covered": 41.333333333333336, "percent_covered_display": "41", "missing_lines": 44, "excluded_lines": 0, "percent_statements_covered": 41.333333333333336, "percent_statements_covered_display": "41"}, "missing_lines": [30, 31, 32, 41, 42, 43, 50, 51, 52, 56, 57, 63, 78, 90, 91, 92, 93, 94, 96, 98, 99, 101, 104, 107, 116, 117, 119, 120, 121, 122, 123, 125, 126, 127, 128, 129, 130, 131, 133, 134, 136, 137, 138, 139], "excluded_lines": []}, "cmd_nsset_info": {"executed_lines": [144, 145, 148, 150, 151, 166, 167, 168, 170, 171, 172, 173, 174], "summary": {"covered_lines": 13, "num_statements": 40, "percent_covered": 32.5, "percent_covered_display": "32", "missing_lines": 27, "excluded_lines": 0, "percent_statements_covered": 32.5, "percent_statements_covered_display": "32"}, "missing_lines": [152, 154, 155, 156, 159, 160, 161, 162, 177, 179, 180, 181, 182, 183, 184, 185, 187, 188, 192, 193, 194, 197, 198, 199, 200, 202, 203], "excluded_lines": []}, "cmd_nsset_list": {"executed_lines": [208, 211, 212, 213, 214], "summary": {"covered_lines": 5, "num_statements": 5, "percent_covered": 100.0, "percent_covered_display": "100", "missing_lines": 0, "excluded_lines": 0, "percent_statements_covered": 100.0, "percent_statements_covered_display": "100"}, "missing_lines": [], "excluded_lines": []}, "": {"executed_lines": [1, 7, 8, 10, 11, 12, 17, 18, 19, 20, 23, 142, 206], "summary": {"covered_lines": 12, "num_statements": 12, "percent_covered": 100.0, "percent_covered_display": "100", "missing_lines": 0, "excluded_lines": 0, "percent_statements_covered": 100.0, "percent_statements_covered_display": "100"}, "missing_lines": [], "excluded_lines": []}}, "classes": {"": {"executed_lines": [1, 7, 8, 10, 11, 12, 17, 18, 19, 20, 23, 25, 26, 29, 34, 35, 36, 38, 39, 40, 46, 47, 48, 49, 53, 54, 55, 59, 62, 64, 65, 66, 69, 77, 81, 82, 83, 85, 86, 87, 88, 89, 142, 144, 145, 148, 150, 151, 166, 167, 168, 170, 171, 172, 173, 174, 206, 208, 211, 212, 213, 214], "summary": {"covered_lines": 61, "num_statements": 132, "percent_covered": 46.21212121212121, "percent_covered_display": "46", "missing_lines": 71, "excluded_lines": 0, "percent_statements_covered": 46.21212121212121, "percent_statements_covered_display": "46"}, "missing_lines": [30, 31, 32, 41, 42, 43, 50, 51, 52, 56, 57, 63, 78, 90, 91, 92, 93, 94, 96, 98, 99, 101, 104, 107, 116, 117, 119, 120, 121, 122, 123, 125, 126, 127, 128, 129, 130, 131, 133, 134, 136, 137, 138, 139, 152, 154, 155, 156, 159, 160, 161, 162, 177, 179, 180, 181, 182, 183, 184, 185, 187, 188, 192, 193, 194, 197, 198, 199, 200, 202, 203], "excluded_lines": []}}}, "wapi/config.py": {"executed_lines": [1, 7, 8, 9, 11, 12, 15, 16, 17, 18, 34, 37, 38, 39, 40, 41, 42, 44, 45, 48, 49, 50, 51, 52, 53, 54, 55, 56, 57, 58, 61, 62, 63, 64, 65, 67, 70, 83, 84, 85, 88, 89, 92, 93, 94, 95, 104, 105, 107, 108, 109, 110, 112, 113, 114, 115, 117, 118], "summary": {"covered_lines": 57, "num_statements": 57, "percent_covered": 100.0, "percent_covered_display": "100", "missing_lines": 0, "excluded_lines": 0, "percent_statements_covered": 100.0, "percent_statements_covered_display": "100"}, "missing_lines": [], "excluded_lines": [], "functions": {"load_config": {"executed_lines": [16, 17, 18, 34, 37, 38, 39, 40, 41, 42, 44, 45, 48, 49, 50, 51, 52, 53, 54, 55, 56, 57, 58, 61, 62, 63, 64, 65, 67], "summary": {"covered_lines": 29, "num_statements": 29, "percent_covered": 100.0, "percent_covered_display": "100", "missing_lines": 0, "excluded_lines": 0, "percent_statements_covered": 100.0, "percent_statements_covered_display": "100"}, "missing_lines": [], "excluded_lines": []}, "get_config": {"executed_lines": [83, 84, 85, 88, 89], "summary": {"covered_lines": 5, "num_statements": 5, "percent_covered": 100.0, "percent_covered_display": "100", "missing_lines": 0, "excluded_lines": 0, "percent_statements_covered": 100.0, "percent_statements_covered_display": "100"}, "missing_lines": [], "excluded_lines": []}, "validate_config": {"executed_lines": [93, 94, 95, 104, 105, 107, 108, 109, 110, 112, 113, 114, 115, 117, 118], "summary": {"covered_lines": 15, "num_statements": 15, "percent_covered": 100.0, "percent_covered_display": "100", "missing_lines": 0, "excluded_lines": 0, "percent_statements_covered": 100.0, "percent_statements_covered_display": "100"}, "missing_lines": [], "excluded_lines": []}, "": {"executed_lines": [1, 7, 8, 9, 11, 12, 15, 70, 92], "summary": {"covered_lines": 8, "num_statements": 8, "percent_covered": 100.0, "percent_covered_display": "100", "missing_lines": 0, "excluded_lines": 0, "percent_statements_covered": 100.0, "percent_statements_covered_display": "100"}, "missing_lines": [], "excluded_lines": []}}, "classes": {"": {"executed_lines": [1, 7, 8, 9, 11, 12, 15, 16, 17, 18, 34, 37, 38, 39, 40, 41, 42, 44, 45, 48, 49, 50, 51, 52, 53, 54, 55, 56, 57, 58, 61, 62, 63, 64, 65, 67, 70, 83, 84, 85, 88, 89, 92, 93, 94, 95, 104, 105, 107, 108, 109, 110, 112, 113, 114, 115, 117, 118], "summary": {"covered_lines": 57, "num_statements": 57, "percent_covered": 100.0, "percent_covered_display": "100", "missing_lines": 0, "excluded_lines": 0, "percent_statements_covered": 100.0, "percent_statements_covered_display": "100"}, "missing_lines": [], "excluded_lines": []}}}, "wapi/constants.py": {"executed_lines": [1, 8, 9, 10, 11, 12, 13, 14, 17, 18, 19, 22, 23, 24, 25, 26, 29, 30, 31, 32], "summary": {"covered_lines": 19, "num_statements": 19, "percent_covered": 100.0, "percent_covered_display": "100", "missing_lines": 0, "excluded_lines": 0, "percent_statements_covered": 100.0, "percent_statements_covered_display": "100"}, "missing_lines": [], "excluded_lines": [], "functions": {"": {"executed_lines": [1, 8, 9, 10, 11, 12, 13, 14, 17, 18, 19, 22, 23, 24, 25, 26, 29, 30, 31, 32], "summary": {"covered_lines": 19, "num_statements": 19, "percent_covered": 100.0, "percent_covered_display": "100", "missing_lines": 0, "excluded_lines": 0, "percent_statements_covered": 100.0, "percent_statements_covered_display": "100"}, "missing_lines": [], "excluded_lines": []}}, "classes": {"": {"executed_lines": [1, 8, 9, 10, 11, 12, 13, 14, 17, 18, 19, 22, 23, 24, 25, 26, 29, 30, 31, 32], "summary": {"covered_lines": 19, "num_statements": 19, "percent_covered": 100.0, "percent_covered_display": "100", "missing_lines": 0, "excluded_lines": 0, "percent_statements_covered": 100.0, "percent_statements_covered_display": "100"}, "missing_lines": [], "excluded_lines": []}}}, "wapi/exceptions.py": {"executed_lines": [1, 8, 9, 10, 13, 14, 15, 18, 19, 20, 23, 24, 25, 28, 29, 30, 33, 34, 35, 38, 39, 40, 43, 44, 45], "summary": {"covered_lines": 16, "num_statements": 16, "percent_covered": 100.0, "percent_covered_display": "100", "missing_lines": 0, "excluded_lines": 0, "percent_statements_covered": 100.0, "percent_statements_covered_display": "100"}, "missing_lines": [], "excluded_lines": [], "functions": {"": {"executed_lines": [1, 8, 9, 10, 13, 14, 15, 18, 19, 20, 23, 24, 25, 28, 29, 30, 33, 34, 35, 38, 39, 40, 43, 44, 45], "summary": {"covered_lines": 16, "num_statements": 16, "percent_covered": 100.0, "percent_covered_display": "100", "missing_lines": 0, "excluded_lines": 0, "percent_statements_covered": 100.0, "percent_statements_covered_display": "100"}, "missing_lines": [], "excluded_lines": []}}, "classes": {"WAPIError": {"executed_lines": [], "summary": {"covered_lines": 0, "num_statements": 0, "percent_covered": 100.0, "percent_covered_display": "100", "missing_lines": 0, "excluded_lines": 0, "percent_statements_covered": 100.0, "percent_statements_covered_display": "100"}, "missing_lines": [], "excluded_lines": []}, "WAPIConfigurationError": {"executed_lines": [], "summary": {"covered_lines": 0, "num_statements": 0, "percent_covered": 100.0, "percent_covered_display": "100", "missing_lines": 0, "excluded_lines": 0, "percent_statements_covered": 100.0, "percent_statements_covered_display": "100"}, "missing_lines": [], "excluded_lines": []}, "WAPIAuthenticationError": {"executed_lines": [], "summary": {"covered_lines": 0, "num_statements": 0, "percent_covered": 100.0, "percent_covered_display": "100", "missing_lines": 0, "excluded_lines": 0, "percent_statements_covered": 100.0, "percent_statements_covered_display": "100"}, "missing_lines": [], "excluded_lines": []}, "WAPIValidationError": {"executed_lines": [], "summary": {"covered_lines": 0, "num_statements": 0, "percent_covered": 100.0, "percent_covered_display": "100", "missing_lines": 0, "excluded_lines": 0, "percent_statements_covered": 100.0, "percent_statements_covered_display": "100"}, "missing_lines": [], "excluded_lines": []}, "WAPIConnectionError": {"executed_lines": [], "summary": {"covered_lines": 0, "num_statements": 0, "percent_covered": 100.0, "percent_covered_display": "100", "missing_lines": 0, "excluded_lines": 0, "percent_statements_covered": 100.0, "percent_statements_covered_display": "100"}, "missing_lines": [], "excluded_lines": []}, "WAPIRequestError": {"executed_lines": [], "summary": {"covered_lines": 0, "num_statements": 0, "percent_covered": 100.0, "percent_covered_display": "100", "missing_lines": 0, "excluded_lines": 0, "percent_statements_covered": 100.0, "percent_statements_covered_display": "100"}, "missing_lines": [], "excluded_lines": []}, "WAPITimeoutError": {"executed_lines": [], "summary": {"covered_lines": 0, "num_statements": 0, "percent_covered": 100.0, "percent_covered_display": "100", "missing_lines": 0, "excluded_lines": 0, "percent_statements_covered": 100.0, "percent_statements_covered_display": "100"}, "missing_lines": [], "excluded_lines": []}, "WAPIDNSLookupError": {"executed_lines": [], "summary": {"covered_lines": 0, "num_statements": 0, "percent_covered": 100.0, "percent_covered_display": "100", "missing_lines": 0, "excluded_lines": 0, "percent_statements_covered": 100.0, "percent_statements_covered_display": "100"}, "missing_lines": [], "excluded_lines": []}, "": {"executed_lines": [1, 8, 9, 10, 13, 14, 15, 18, 19, 20, 23, 24, 25, 28, 29, 30, 33, 34, 35, 38, 39, 40, 43, 44, 45], "summary": {"covered_lines": 16, "num_statements": 16, "percent_covered": 100.0, "percent_covered_display": "100", "missing_lines": 0, "excluded_lines": 0, "percent_statements_covered": 100.0, "percent_statements_covered_display": "100"}, "missing_lines": [], "excluded_lines": []}}}, "wapi/utils/__init__.py": {"executed_lines": [1, 7, 8, 15, 16, 22], "summary": {"covered_lines": 5, "num_statements": 5, "percent_covered": 100.0, "percent_covered_display": "100", "missing_lines": 0, "excluded_lines": 0, "percent_statements_covered": 100.0, "percent_statements_covered_display": "100"}, "missing_lines": [], "excluded_lines": [], "functions": {"": {"executed_lines": [1, 7, 8, 15, 16, 22], "summary": {"covered_lines": 5, "num_statements": 5, "percent_covered": 100.0, "percent_covered_display": "100", "missing_lines": 0, "excluded_lines": 0, "percent_statements_covered": 100.0, "percent_statements_covered_display": "100"}, "missing_lines": [], "excluded_lines": []}}, "classes": {"": {"executed_lines": [1, 7, 8, 15, 16, 22], "summary": {"covered_lines": 5, "num_statements": 5, "percent_covered": 100.0, "percent_covered_display": "100", "missing_lines": 0, "excluded_lines": 0, "percent_statements_covered": 100.0, "percent_statements_covered_display": "100"}, "missing_lines": [], "excluded_lines": []}}}, "wapi/utils/dns_lookup.py": {"executed_lines": [1, 7, 8, 10, 11, 12, 15, 16, 18, 19, 22, 25, 30, 45, 46, 48, 50, 53, 54, 55, 56, 57, 58, 61, 85, 86, 87, 88, 90, 91, 92, 93, 97, 98, 100, 101, 107, 110, 125, 126, 129, 153, 154, 155, 156, 157, 159, 160, 161, 162, 166, 167, 169, 172, 173, 177, 178, 181, 197, 199, 200, 201, 204, 205, 206, 209, 210, 211, 214, 215, 216, 217, 218, 219, 221, 222, 223, 224, 225, 226, 227], "summary": {"covered_lines": 80, "num_statements": 137, "percent_covered": 58.394160583941606, "percent_covered_display": "58", "missing_lines": 57, "excluded_lines": 0, "percent_statements_covered": 58.394160583941606, "percent_statements_covered_display": "58"}, "missing_lines": [17, 27, 62, 63, 64, 65, 66, 67, 68, 70, 71, 72, 73, 75, 76, 77, 78, 79, 80, 81, 82, 95, 96, 102, 103, 104, 130, 131, 132, 133, 134, 135, 136, 138, 139, 140, 141, 143, 144, 145, 146, 147, 148, 149, 150, 164, 165, 174, 175, 228, 229, 230, 231, 232, 233, 234, 235], "excluded_lines": [], "functions": {"_timeout_handler": {"executed_lines": [], "summary": {"covered_lines": 0, "num_statements": 1, "percent_covered": 0.0, "percent_covered_display": "0", "missing_lines": 1, "excluded_lines": 0, "percent_statements_covered": 0.0, "percent_statements_covered_display": "0"}, "missing_lines": [27], "excluded_lines": []}, "get_ipv6_from_ipv4": {"executed_lines": [45, 46, 48, 50, 53, 54, 55, 56, 57, 58, 61, 85, 86, 87, 88, 90, 91, 92, 93, 97, 98, 100, 101, 107], "summary": {"covered_lines": 24, "num_statements": 48, "percent_covered": 50.0, "percent_covered_display": "50", "missing_lines": 24, "excluded_lines": 0, "percent_statements_covered": 50.0, "percent_statements_covered_display": "50"}, "missing_lines": [62, 63, 64, 65, 66, 67, 68, 70, 71, 72, 73, 75, 76, 77, 78, 79, 80, 81, 82, 95, 96, 102, 103, 104], "excluded_lines": []}, "get_ipv6_from_nameserver": {"executed_lines": [125, 126, 129, 153, 154, 155, 156, 157, 159, 160, 161, 162, 166, 167, 169, 172, 173, 177, 178], "summary": {"covered_lines": 19, "num_statements": 42, "percent_covered": 45.23809523809524, "percent_covered_display": "45", "missing_lines": 23, "excluded_lines": 0, "percent_statements_covered": 45.23809523809524, "percent_statements_covered_display": "45"}, "missing_lines": [130, 131, 132, 133, 134, 135, 136, 138, 139, 140, 141, 143, 144, 145, 146, 147, 148, 149, 150, 164, 165, 174, 175], "excluded_lines": []}, "enhance_nameserver_with_ipv6": {"executed_lines": [197, 199, 200, 201, 204, 205, 206, 209, 210, 211, 214, 215, 216, 217, 218, 219, 221, 222, 223, 224, 225, 226, 227], "summary": {"covered_lines": 23, "num_statements": 31, "percent_covered": 74.19354838709677, "percent_covered_display": "74", "missing_lines": 8, "excluded_lines": 0, "percent_statements_covered": 74.19354838709677, "percent_statements_covered_display": "74"}, "missing_lines": [228, 229, 230, 231, 232, 233, 234, 235], "excluded_lines": []}, "": {"executed_lines": [1, 7, 8, 10, 11, 12, 15, 16, 18, 19, 22, 25, 30, 110, 181], "summary": {"covered_lines": 14, "num_statements": 15, "percent_covered": 93.33333333333333, "percent_covered_display": "93", "missing_lines": 1, "excluded_lines": 0, "percent_statements_covered": 93.33333333333333, "percent_statements_covered_display": "93"}, "missing_lines": [17], "excluded_lines": []}}, "classes": {"": {"executed_lines": [1, 7, 8, 10, 11, 12, 15, 16, 18, 19, 22, 25, 30, 45, 46, 48, 50, 53, 54, 55, 56, 57, 58, 61, 85, 86, 87, 88, 90, 91, 92, 93, 97, 98, 100, 101, 107, 110, 125, 126, 129, 153, 154, 155, 156, 157, 159, 160, 161, 162, 166, 167, 169, 172, 173, 177, 178, 181, 197, 199, 200, 201, 204, 205, 206, 209, 210, 211, 214, 215, 216, 217, 218, 219, 221, 222, 223, 224, 225, 226, 227], "summary": {"covered_lines": 80, "num_statements": 137, "percent_covered": 58.394160583941606, "percent_covered_display": "58", "missing_lines": 57, "excluded_lines": 0, "percent_statements_covered": 58.394160583941606, "percent_statements_covered_display": "58"}, "missing_lines": [17, 27, 62, 63, 64, 65, 66, 67, 68, 70, 71, 72, 73, 75, 76, 77, 78, 79, 80, 81, 82, 95, 96, 102, 103, 104, 130, 131, 132, 133, 134, 135, 136, 138, 139, 140, 141, 143, 144, 145, 146, 147, 148, 149, 150, 164, 165, 174, 175, 228, 229, 230, 231, 232, 233, 234, 235], "excluded_lines": []}}}, "wapi/utils/formatters.py": {"executed_lines": [1, 7, 8, 10, 11, 13, 14, 15, 17, 18, 20, 21, 22, 24, 27, 38, 40, 41, 42, 43, 44, 45, 46, 47, 48, 50, 51, 52, 53, 54, 55, 57, 58, 59, 60, 62, 65, 76, 79, 92, 93, 94, 95, 97, 99, 100, 101, 102, 105, 115, 116, 118, 121, 133, 134, 136, 138, 139, 140, 141, 142, 143, 144, 146, 148, 149, 150, 151, 152, 153, 154, 155], "summary": {"covered_lines": 71, "num_statements": 71, "percent_covered": 100.0, "percent_covered_display": "100", "missing_lines": 0, "excluded_lines": 0, "percent_statements_covered": 100.0, "percent_statements_covered_display": "100"}, "missing_lines": [], "excluded_lines": [], "functions": {"format_table": {"executed_lines": [38, 40, 41, 42, 43, 44, 45, 46, 47, 48, 50, 51, 52, 53, 54, 55, 57, 58, 59, 60, 62], "summary": {"covered_lines": 21, "num_statements": 21, "percent_covered": 100.0, "percent_covered_display": "100", "missing_lines": 0, "excluded_lines": 0, "percent_statements_covered": 100.0, "percent_statements_covered_display": "100"}, "missing_lines": [], "excluded_lines": []}, "format_json": {"executed_lines": [76], "summary": {"covered_lines": 1, "num_statements": 1, "percent_covered": 100.0, "percent_covered_display": "100", "missing_lines": 0, "excluded_lines": 0, "percent_statements_covered": 100.0, "percent_statements_covered_display": "100"}, "missing_lines": [], "excluded_lines": []}, "format_xml": {"executed_lines": [92, 93, 94, 95, 97, 99, 100, 101, 102], "summary": {"covered_lines": 9, "num_statements": 9, "percent_covered": 100.0, "percent_covered_display": "100", "missing_lines": 0, "excluded_lines": 0, "percent_statements_covered": 100.0, "percent_statements_covered_display": "100"}, "missing_lines": [], "excluded_lines": []}, "format_yaml": {"executed_lines": [115, 116, 118], "summary": {"covered_lines": 3, "num_statements": 3, "percent_covered": 100.0, "percent_covered_display": "100", "missing_lines": 0, "excluded_lines": 0, "percent_statements_covered": 100.0, "percent_statements_covered_display": "100"}, "missing_lines": [], "excluded_lines": []}, "format_output": {"executed_lines": [133, 134, 136, 138, 139, 140, 141, 142, 143, 144, 146, 148, 149, 150, 151, 152, 153, 154, 155], "summary": {"covered_lines": 19, "num_statements": 19, "percent_covered": 100.0, "percent_covered_display": "100", "missing_lines": 0, "excluded_lines": 0, "percent_statements_covered": 100.0, "percent_statements_covered_display": "100"}, "missing_lines": [], "excluded_lines": []}, "": {"executed_lines": [1, 7, 8, 10, 11, 13, 14, 15, 17, 18, 20, 21, 22, 24, 27, 65, 79, 105, 121], "summary": {"covered_lines": 18, "num_statements": 18, "percent_covered": 100.0, "percent_covered_display": "100", "missing_lines": 0, "excluded_lines": 0, "percent_statements_covered": 100.0, "percent_statements_covered_display": "100"}, "missing_lines": [], "excluded_lines": []}}, "classes": {"": {"executed_lines": [1, 7, 8, 10, 11, 13, 14, 15, 17, 18, 20, 21, 22, 24, 27, 38, 40, 41, 42, 43, 44, 45, 46, 47, 48, 50, 51, 52, 53, 54, 55, 57, 58, 59, 60, 62, 65, 76, 79, 92, 93, 94, 95, 97, 99, 100, 101, 102, 105, 115, 116, 118, 121, 133, 134, 136, 138, 139, 140, 141, 142, 143, 144, 146, 148, 149, 150, 151, 152, 153, 154, 155], "summary": {"covered_lines": 71, "num_statements": 71, "percent_covered": 100.0, "percent_covered_display": "100", "missing_lines": 0, "excluded_lines": 0, "percent_statements_covered": 100.0, "percent_statements_covered_display": "100"}, "missing_lines": [], "excluded_lines": []}}}, "wapi/utils/logger.py": {"executed_lines": [1, 11, 12, 13, 14, 15, 19, 22, 43, 44, 45, 46, 47, 48, 50, 53, 54, 57, 60, 61, 64, 65, 70, 74, 75, 78, 79, 81, 82, 83, 86, 92, 95, 99, 100, 102, 103, 104, 105, 106, 108, 109, 112, 122, 123, 124, 127, 129, 131, 132, 133, 134, 135, 137, 140, 141, 143, 146, 148, 149, 150, 151, 152, 153, 155, 158, 160, 163, 165, 166, 168, 171, 173, 174, 176, 178, 180, 182, 184, 186, 188, 191, 200, 201, 203], "summary": {"covered_lines": 84, "num_statements": 84, "percent_covered": 100.0, "percent_covered_display": "100", "missing_lines": 0, "excluded_lines": 0, "percent_statements_covered": 100.0, "percent_statements_covered_display": "100"}, "missing_lines": [], "excluded_lines": [], "functions": {"setup_logging": {"executed_lines": [43, 44, 45, 46, 47, 48, 50, 53, 54, 57, 60, 61, 64, 65, 70, 74, 75, 78, 79, 81, 82, 83, 86, 92, 95, 99, 100, 102, 103, 104, 105, 106, 108, 109], "summary": {"covered_lines": 34, "num_statements": 34, "percent_covered": 100.0, "percent_covered_display": "100", "missing_lines": 0, "excluded_lines": 0, "percent_statements_covered": 100.0, "percent_statements_covered_display": "100"}, "missing_lines": [], "excluded_lines": []}, "get_logger": {"executed_lines": [122, 123, 124], "summary": {"covered_lines": 3, "num_statements": 3, "percent_covered": 100.0, "percent_covered_display": "100", "missing_lines": 0, "excluded_lines": 0, "percent_statements_covered": 100.0, "percent_statements_covered_display": "100"}, "missing_lines": [], "excluded_lines": []}, "log_api_request": {"executed_lines": [129, 131, 132, 133, 134, 135, 137, 140, 141, 143], "summary": {"covered_lines": 10, "num_statements": 10, "percent_covered": 100.0, "percent_covered_display": "100", "missing_lines": 0, "excluded_lines": 0, "percent_statements_covered": 100.0, "percent_statements_covered_display": "100"}, "missing_lines": [], "excluded_lines": []}, "log_api_response": {"executed_lines": [148, 149, 150, 151, 152, 153, 155], "summary": {"covered_lines": 7, "num_statements": 7, "percent_covered": 100.0, "percent_covered_display": "100", "missing_lines": 0, "excluded_lines": 0, "percent_statements_covered": 100.0, "percent_statements_covered_display": "100"}, "missing_lines": [], "excluded_lines": []}, "log_validation_error": {"executed_lines": [160], "summary": {"covered_lines": 1, "num_statements": 1, "percent_covered": 100.0, "percent_covered_display": "100", "missing_lines": 0, "excluded_lines": 0, "percent_statements_covered": 100.0, "percent_statements_covered_display": "100"}, "missing_lines": [], "excluded_lines": []}, "log_operation_start": {"executed_lines": [165, 166, 168], "summary": {"covered_lines": 3, "num_statements": 3, "percent_covered": 100.0, "percent_covered_display": "100", "missing_lines": 0, "excluded_lines": 0, "percent_statements_covered": 100.0, "percent_statements_covered_display": "100"}, "missing_lines": [], "excluded_lines": []}, "log_operation_complete": {"executed_lines": [173, 174, 176, 178, 180, 182, 184, 186, 188], "summary": {"covered_lines": 9, "num_statements": 9, "percent_covered": 100.0, "percent_covered_display": "100", "missing_lines": 0, "excluded_lines": 0, "percent_statements_covered": 100.0, "percent_statements_covered_display": "100"}, "missing_lines": [], "excluded_lines": []}, "log_exception": {"executed_lines": [200, 201, 203], "summary": {"covered_lines": 3, "num_statements": 3, "percent_covered": 100.0, "percent_covered_display": "100", "missing_lines": 0, "excluded_lines": 0, "percent_statements_covered": 100.0, "percent_statements_covered_display": "100"}, "missing_lines": [], "excluded_lines": []}, "": {"executed_lines": [1, 11, 12, 13, 14, 15, 19, 22, 112, 127, 146, 158, 163, 171, 191], "summary": {"covered_lines": 14, "num_statements": 14, "percent_covered": 100.0, "percent_covered_display": "100", "missing_lines": 0, "excluded_lines": 0, "percent_statements_covered": 100.0, "percent_statements_covered_display": "100"}, "missing_lines": [], "excluded_lines": []}}, "classes": {"": {"executed_lines": [1, 11, 12, 13, 14, 15, 19, 22, 43, 44, 45, 46, 47, 48, 50, 53, 54, 57, 60, 61, 64, 65, 70, 74, 75, 78, 79, 81, 82, 83, 86, 92, 95, 99, 100, 102, 103, 104, 105, 106, 108, 109, 112, 122, 123, 124, 127, 129, 131, 132, 133, 134, 135, 137, 140, 141, 143, 146, 148, 149, 150, 151, 152, 153, 155, 158, 160, 163, 165, 166, 168, 171, 173, 174, 176, 178, 180, 182, 184, 186, 188, 191, 200, 201, 203], "summary": {"covered_lines": 84, "num_statements": 84, "percent_covered": 100.0, "percent_covered_display": "100", "missing_lines": 0, "excluded_lines": 0, "percent_statements_covered": 100.0, "percent_statements_covered_display": "100"}, "missing_lines": [], "excluded_lines": []}}}, "wapi/utils/validators.py": {"executed_lines": [1, 7, 8, 10, 13, 29, 31, 32, 33, 35, 36, 39, 40, 43, 44, 47, 48, 49, 51, 52, 55, 71, 72, 74, 75, 76, 78, 79, 80, 81, 82, 83, 84, 86, 89, 105, 106, 110, 112, 113, 114, 117, 118, 120, 123, 139, 140, 143, 144, 145, 147, 148, 151, 152, 154, 157, 158, 159, 162, 163, 164, 165, 168, 169, 170, 171, 173, 179, 182, 192, 193, 196, 197, 198, 200], "summary": {"covered_lines": 74, "num_statements": 74, "percent_covered": 100.0, "percent_covered_display": "100", "missing_lines": 0, "excluded_lines": 0, "percent_statements_covered": 100.0, "percent_statements_covered_display": "100"}, "missing_lines": [], "excluded_lines": [], "functions": {"validate_domain": {"executed_lines": [29, 31, 32, 33, 35, 36, 39, 40, 43, 44, 47, 48, 49, 51, 52], "summary": {"covered_lines": 15, "num_statements": 15, "percent_covered": 100.0, "percent_covered_display": "100", "missing_lines": 0, "excluded_lines": 0, "percent_statements_covered": 100.0, "percent_statements_covered_display": "100"}, "missing_lines": [], "excluded_lines": []}, "validate_ipv4": {"executed_lines": [71, 72, 74, 75, 76, 78, 79, 80, 81, 82, 83, 84, 86], "summary": {"covered_lines": 13, "num_statements": 13, "percent_covered": 100.0, "percent_covered_display": "100", "missing_lines": 0, "excluded_lines": 0, "percent_statements_covered": 100.0, "percent_statements_covered_display": "100"}, "missing_lines": [], "excluded_lines": []}, "validate_ipv6": {"executed_lines": [105, 106, 110, 112, 113, 114, 117, 118, 120], "summary": {"covered_lines": 9, "num_statements": 9, "percent_covered": 100.0, "percent_covered_display": "100", "missing_lines": 0, "excluded_lines": 0, "percent_statements_covered": 100.0, "percent_statements_covered_display": "100"}, "missing_lines": [], "excluded_lines": []}, "validate_nameserver": {"executed_lines": [139, 140, 143, 144, 145, 147, 148, 151, 152, 154, 157, 158, 159, 162, 163, 164, 165, 168, 169, 170, 171, 173, 179], "summary": {"covered_lines": 23, "num_statements": 23, "percent_covered": 100.0, "percent_covered_display": "100", "missing_lines": 0, "excluded_lines": 0, "percent_statements_covered": 100.0, "percent_statements_covered_display": "100"}, "missing_lines": [], "excluded_lines": []}, "validate_email": {"executed_lines": [192, 193, 196, 197, 198, 200], "summary": {"covered_lines": 6, "num_statements": 6, "percent_covered": 100.0, "percent_covered_display": "100", "missing_lines": 0, "excluded_lines": 0, "percent_statements_covered": 100.0, "percent_statements_covered_display": "100"}, "missing_lines": [], "excluded_lines": []}, "": {"executed_lines": [1, 7, 8, 10, 13, 55, 89, 123, 182], "summary": {"covered_lines": 8, "num_statements": 8, "percent_covered": 100.0, "percent_covered_display": "100", "missing_lines": 0, "excluded_lines": 0, "percent_statements_covered": 100.0, "percent_statements_covered_display": "100"}, "missing_lines": [], "excluded_lines": []}}, "classes": {"": {"executed_lines": [1, 7, 8, 10, 13, 29, 31, 32, 33, 35, 36, 39, 40, 43, 44, 47, 48, 49, 51, 52, 55, 71, 72, 74, 75, 76, 78, 79, 80, 81, 82, 83, 84, 86, 89, 105, 106, 110, 112, 113, 114, 117, 118, 120, 123, 139, 140, 143, 144, 145, 147, 148, 151, 152, 154, 157, 158, 159, 162, 163, 164, 165, 168, 169, 170, 171, 173, 179, 182, 192, 193, 196, 197, 198, 200], "summary": {"covered_lines": 74, "num_statements": 74, "percent_covered": 100.0, "percent_covered_display": "100", "missing_lines": 0, "excluded_lines": 0, "percent_statements_covered": 100.0, "percent_statements_covered_display": "100"}, "missing_lines": [], "excluded_lines": []}}}}, "totals": {"covered_lines": 1432, "num_statements": 1808, "percent_covered": 79.20353982300885, "percent_covered_display": "79", "missing_lines": 376, "excluded_lines": 4, "percent_statements_covered": 79.20353982300885, "percent_statements_covered_display": "79"}}